Mono path[0] = 'D:/Games/Cracks/Shovel Knight Dig Fate And Fortune/skDig64_Data/Managed'
Mono config path = 'D:/Games/Cracks/Shovel Knight Dig Fate And Fortune/MonoBleedingEdge/etc'
Initialize engine version: 2021.3.4f1 (cb45f9cae8b7)
[Subsystems] Discovering subsystems at path D:/Games/Cracks/Shovel Knight Dig Fate And Fortune/skDig64_Data/UnitySubsystems
GfxDevice: creating device client; threaded=1; jobified=0
Direct3D:
    Version:  Direct3D 11.0 [level 11.1]
    Renderer: NVIDIA GeForce RTX 3070 Laptop GPU (ID=0x249d)
    Vendor:   NVIDIA
    VRAM:     8020 MB
    Driver:   32.0.15.7652
Begin MonoManager ReloadAssembly
- Completed reload, in  3.950 seconds
<RI> Initializing input.
<RI> Input initialized.
<RI> Initialized touch support.
UnloadTime: 0.999500 ms
*********** SAVE MANAGER: LoadCustomPrefs
directory exists: True
file exists: True
Unloading 6 Unused Serialized files (Serialized files now loaded: 8)
UnloadTime: 9.562800 ms
Authentication successful
Unloading 68 unused Assets to reduce memory usage. Loaded Objects now: 69258.
Total: 77.366700 ms (FindLiveObjects: 4.405200 ms CreateObjectMapping: 4.231100 ms MarkObjects: 68.456100 ms  DeleteObjects: 0.273800 ms)

!!!!!!! MERGED TILES: Level lvl_overworld_pit(0)
!!!!!!! MERGED TILES: Level lvl_shop(1)
!!!!!!! MERGED TILES: Level lvl_overworld_left(2)
Only custom filters can be played. Please add a custom filter or an audioclip to the audiosource (music object).
Only custom filters can be played. Please add a custom filter or an audioclip to the audiosource (music object).
Only custom filters can be played. Please add a custom filter or an audioclip to the audiosource (music object).
OnControllerPluggedOut
LoadSlotData
secs 0
region: CN
lang: zh-CN
OnDisable
Title Screen Settings (UnityEngine.GameObject)invoke select
Title Screen Settings (UnityEngine.GameObject)invoke select
Setting up 8 worker threads for Enlighten.
Memory Statistics:
[ALLOC_TEMP_TLS] TLS Allocator
  StackAllocators : 
    [ALLOC_TEMP_MAIN]
      Peak usage frame count: [0-1.0 KB]: 627 frames, [2.0 KB-4.0 KB]: 627 frames, [4.0 KB-8.0 KB]: 1 frames, [16.0 KB-32.0 KB]: 1 frames, [64.0 KB-128.0 KB]: 1401 frames, [128.0 KB-256.0 KB]: 5 frames, [1.0 MB-2.0 MB]: 1 frames, [2.0 MB-4.0 MB]: 2 frames, [4.0 MB-8.0 MB]: 2 frames
      Initial Block Size 4.0 MB
      Current Block Size 8.0 MB
      Peak Allocated Bytes 7.8 MB
      Overflow Count 15
    [ALLOC_TEMP_Loading.AsyncRead]
      Initial Block Size 64.0 KB
      Current Block Size 64.0 KB
      Peak Allocated Bytes 54.3 KB
      Overflow Count 0
    [ALLOC_TEMP_Loading.PreloadManager]
      Initial Block Size 256.0 KB
      Current Block Size 0.5 MB
      Peak Allocated Bytes 510.4 KB
      Overflow Count 74184
    [ALLOC_TEMP_Background Job.Worker 8]
      Initial Block Size 32.0 KB
      Current Block Size 32.0 KB
      Peak Allocated Bytes 15.0 KB
      Overflow Count 0
    [ALLOC_TEMP_Job.Worker 6]
      Initial Block Size 256.0 KB
      Current Block Size 256.0 KB
      Peak Allocated Bytes 31.1 KB
      Overflow Count 0
    [ALLOC_TEMP_Job.Worker 0]
      Initial Block Size 256.0 KB
      Current Block Size 256.0 KB
      Peak Allocated Bytes 31.1 KB
      Overflow Count 0
    [ALLOC_TEMP_Background Job.Worker 10]
      Initial Block Size 32.0 KB
      Current Block Size 32.0 KB
      Peak Allocated Bytes 54 B
      Overflow Count 0
    [ALLOC_TEMP_Background Job.Worker 9]
      Initial Block Size 32.0 KB
      Current Block Size 32.0 KB
      Peak Allocated Bytes 54 B
      Overflow Count 0
    [ALLOC_TEMP_Job.Worker 5]
      Initial Block Size 256.0 KB
      Current Block Size 256.0 KB
      Peak Allocated Bytes 31.1 KB
      Overflow Count 0
    [ALLOC_TEMP_Background Job.Worker 14]
      Initial Block Size 32.0 KB
      Current Block Size 32.0 KB
      Peak Allocated Bytes 54 B
      Overflow Count 0
    [ALLOC_TEMP_Background Job.Worker 6]
      Initial Block Size 32.0 KB
      Current Block Size 32.0 KB
      Peak Allocated Bytes 510 B
      Overflow Count 0
    [ALLOC_TEMP_Job.Worker 4]
      Initial Block Size 256.0 KB
      Current Block Size 256.0 KB
      Peak Allocated Bytes 31.1 KB
      Overflow Count 0
    [ALLOC_TEMP_Job.Worker 14]
      Initial Block Size 256.0 KB
      Current Block Size 256.0 KB
      Peak Allocated Bytes 31.1 KB
      Overflow Count 0
    [ALLOC_TEMP_Job.Worker 3]
      Initial Block Size 256.0 KB
      Current Block Size 256.0 KB
      Peak Allocated Bytes 31.1 KB
      Overflow Count 0
    [ALLOC_TEMP_Job.Worker 13]
      Initial Block Size 256.0 KB
      Current Block Size 256.0 KB
      Peak Allocated Bytes 31.1 KB
      Overflow Count 0
    [ALLOC_TEMP_Background Job.Worker 12]
      Initial Block Size 32.0 KB
      Current Block Size 32.0 KB
      Peak Allocated Bytes 54 B
      Overflow Count 0
    [ALLOC_TEMP_EnlightenWorker] x 8
      Initial Block Size 64.0 KB
      Current Block Size 64.0 KB
      Peak Allocated Bytes 54 B
      Overflow Count 0
    [ALLOC_TEMP_Background Job.Worker 15]
      Initial Block Size 32.0 KB
      Current Block Size 32.0 KB
      Peak Allocated Bytes 54 B
      Overflow Count 0
    [ALLOC_TEMP_Background Job.Worker 1]
      Initial Block Size 32.0 KB
      Current Block Size 32.0 KB
      Peak Allocated Bytes 30.1 KB
      Overflow Count 0
    [ALLOC_TEMP_Background Job.Worker 2]
      Initial Block Size 32.0 KB
      Current Block Size 32.0 KB
      Peak Allocated Bytes 0.5 KB
      Overflow Count 0
    [ALLOC_TEMP_Background Job.Worker 7]
      Initial Block Size 32.0 KB
      Current Block Size 32.0 KB
      Peak Allocated Bytes 507 B
      Overflow Count 0
    [ALLOC_TEMP_UnityGfxDeviceWorker]
      Initial Block Size 256.0 KB
      Current Block Size 256.0 KB
      Peak Allocated Bytes 6.0 KB
      Overflow Count 0
    [ALLOC_TEMP_AssetGarbageCollectorHelper] x 15
      Initial Block Size 64.0 KB
      Current Block Size 64.0 KB
      Peak Allocated Bytes 0 B
      Overflow Count 0
    [ALLOC_TEMP_Background Job.Worker 5]
      Initial Block Size 32.0 KB
      Current Block Size 32.0 KB
      Peak Allocated Bytes 2.9 KB
      Overflow Count 0
    [ALLOC_TEMP_Job.Worker 9]
      Initial Block Size 256.0 KB
      Current Block Size 256.0 KB
      Peak Allocated Bytes 31.1 KB
      Overflow Count 0
    [ALLOC_TEMP_Background Job.Worker 13]
      Initial Block Size 32.0 KB
      Current Block Size 32.0 KB
      Peak Allocated Bytes 54 B
      Overflow Count 0
    [ALLOC_TEMP_Job.Worker 8]
      Initial Block Size 256.0 KB
      Current Block Size 256.0 KB
      Peak Allocated Bytes 31.1 KB
      Overflow Count 0
    [ALLOC_TEMP_Job.Worker 7]
      Initial Block Size 256.0 KB
      Current Block Size 256.0 KB
      Peak Allocated Bytes 31.1 KB
      Overflow Count 0
    [ALLOC_TEMP_Background Job.Worker 11]
      Initial Block Size 32.0 KB
      Current Block Size 32.0 KB
      Peak Allocated Bytes 54 B
      Overflow Count 0
    [ALLOC_TEMP_Job.Worker 2]
      Initial Block Size 256.0 KB
      Current Block Size 256.0 KB
      Peak Allocated Bytes 31.1 KB
      Overflow Count 0
    [ALLOC_TEMP_Background Job.Worker 3]
      Initial Block Size 32.0 KB
      Current Block Size 32.0 KB
      Peak Allocated Bytes 0.6 KB
      Overflow Count 0
    [ALLOC_TEMP_Job.Worker 1]
      Initial Block Size 256.0 KB
      Current Block Size 256.0 KB
      Peak Allocated Bytes 31.1 KB
      Overflow Count 0
    [ALLOC_TEMP_Job.Worker 10]
      Initial Block Size 256.0 KB
      Current Block Size 256.0 KB
      Peak Allocated Bytes 31.1 KB
      Overflow Count 0
    [ALLOC_TEMP_Background Job.Worker 0]
      Initial Block Size 32.0 KB
      Current Block Size 32.0 KB
      Peak Allocated Bytes 9.4 KB
      Overflow Count 0
    [ALLOC_TEMP_CloudJob.Worker 0]
      Initial Block Size 32.0 KB
      Current Block Size 32.0 KB
      Peak Allocated Bytes 381 B
      Overflow Count 0
    [ALLOC_TEMP_Job.Worker 11]
      Initial Block Size 256.0 KB
      Current Block Size 256.0 KB
      Peak Allocated Bytes 31.1 KB
      Overflow Count 0
    [ALLOC_TEMP_Job.Worker 12]
      Initial Block Size 256.0 KB
      Current Block Size 256.0 KB
      Peak Allocated Bytes 31.1 KB
      Overflow Count 0
    [ALLOC_TEMP_Background Job.Worker 4]
      Initial Block Size 32.0 KB
      Current Block Size 32.0 KB
      Peak Allocated Bytes 0.5 KB
      Overflow Count 0
    [ALLOC_TEMP_BatchDeleteObjects]
      Initial Block Size 64.0 KB
      Current Block Size 64.0 KB
      Peak Allocated Bytes 54 B
      Overflow Count 0
[ALLOC_DEFAULT] Dual Thread Allocator
  Peak main deferred allocation count 10876
    [ALLOC_BUCKET]
      Large Block size 4.0 MB
      Used Block count 1
      Peak Allocated bytes 4.0 MB
      Failed Allocations. Bucket layout:
        16B: 8 Subsections = 8192 buckets. Failed count: 54227
        32B: 41 Subsections = 20992 buckets. Failed count: 85389
        48B: 73 Subsections = 24917 buckets. Failed count: 62490
        64B: 67 Subsections = 17152 buckets. Failed count: 15039
        80B: 45 Subsections = 9216 buckets. Failed count: 5453
        96B: 8 Subsections = 1365 buckets. Failed count: 9652
        112B: 11 Subsections = 1609 buckets. Failed count: 31290
        128B: 3 Subsections = 384 buckets. Failed count: 35603
    [ALLOC_DEFAULT_MAIN]
      Peak usage frame count: [8.0 MB-16.0 MB]: 1049 frames, [16.0 MB-32.0 MB]: 48 frames, [32.0 MB-64.0 MB]: 1570 frames
      Requested Block Size 4.0 MB
      Peak Block count 12
      Peak Allocated memory 54.6 MB
      Peak Large allocation bytes 17.0 MB
    [ALLOC_DEFAULT_THREAD]
      Peak usage frame count: [8.0 MB-16.0 MB]: 642 frames, [16.0 MB-32.0 MB]: 152 frames, [32.0 MB-64.0 MB]: 184 frames, [64.0 MB-128.0 MB]: 1689 frames
      Requested Block Size 16.0 MB
      Peak Block count 6
      Peak Allocated memory 92.0 MB
      Peak Large allocation bytes 16.0 MB
[ALLOC_TEMP_JOB_1_FRAME]
  Initial Block Size 2.0 MB
  Used Block Count 1
  Overflow Count (too large) 0
  Overflow Count (full) 0
[ALLOC_TEMP_JOB_2_FRAMES]
  Initial Block Size 2.0 MB
  Used Block Count 1
  Overflow Count (too large) 0
  Overflow Count (full) 0
[ALLOC_TEMP_JOB_4_FRAMES (JobTemp)]
  Initial Block Size 2.0 MB
  Used Block Count 6
  Overflow Count (too large) 0
  Overflow Count (full) 0
[ALLOC_TEMP_JOB_ASYNC (Background)]
  Initial Block Size 1.0 MB
  Used Block Count 18
  Overflow Count (too large) 0
  Overflow Count (full) 0
[ALLOC_GFX] Dual Thread Allocator
  Peak main deferred allocation count 8
    [ALLOC_BUCKET]
      Large Block size 4.0 MB
      Used Block count 1
      Peak Allocated bytes 4.0 MB
      Failed Allocations. Bucket layout:
        16B: 8 Subsections = 8192 buckets. Failed count: 54227
        32B: 41 Subsections = 20992 buckets. Failed count: 85389
        48B: 73 Subsections = 24917 buckets. Failed count: 62490
        64B: 67 Subsections = 17152 buckets. Failed count: 15039
        80B: 45 Subsections = 9216 buckets. Failed count: 5453
        96B: 8 Subsections = 1365 buckets. Failed count: 9652
        112B: 11 Subsections = 1609 buckets. Failed count: 31290
        128B: 3 Subsections = 384 buckets. Failed count: 35603
    [ALLOC_GFX_MAIN]
      Peak usage frame count: [32.0 KB-64.0 KB]: 627 frames, [128.0 KB-256.0 KB]: 1 frames, [256.0 KB-0.5 MB]: 2036 frames, [0.5 MB-1.0 MB]: 3 frames
      Requested Block Size 16.0 MB
      Peak Block count 1
      Peak Allocated memory 0.6 MB
      Peak Large allocation bytes 0 B
    [ALLOC_GFX_THREAD]
      Peak usage frame count: [4.0 MB-8.0 MB]: 791 frames, [8.0 MB-16.0 MB]: 135 frames, [16.0 MB-32.0 MB]: 1741 frames
      Requested Block Size 16.0 MB
      Peak Block count 2
      Peak Allocated memory 28.3 MB
      Peak Large allocation bytes 0 B
[ALLOC_CACHEOBJECTS] Dual Thread Allocator
  Peak main deferred allocation count 29
    [ALLOC_BUCKET]
      Large Block size 4.0 MB
      Used Block count 1
      Peak Allocated bytes 4.0 MB
      Failed Allocations. Bucket layout:
        16B: 8 Subsections = 8192 buckets. Failed count: 54227
        32B: 41 Subsections = 20992 buckets. Failed count: 85389
        48B: 73 Subsections = 24917 buckets. Failed count: 62490
        64B: 67 Subsections = 17152 buckets. Failed count: 15039
        80B: 45 Subsections = 9216 buckets. Failed count: 5453
        96B: 8 Subsections = 1365 buckets. Failed count: 9652
        112B: 11 Subsections = 1609 buckets. Failed count: 31290
        128B: 3 Subsections = 384 buckets. Failed count: 35603
    [ALLOC_CACHEOBJECTS_MAIN]
      Peak usage frame count: [2.0 MB-4.0 MB]: 1063 frames, [4.0 MB-8.0 MB]: 1604 frames
      Requested Block Size 4.0 MB
      Peak Block count 2
      Peak Allocated memory 4.8 MB
      Peak Large allocation bytes 0 B
    [ALLOC_CACHEOBJECTS_THREAD]
      Peak usage frame count: [16.0 MB-32.0 MB]: 689 frames, [32.0 MB-64.0 MB]: 92 frames, [64.0 MB-128.0 MB]: 1886 frames
      Requested Block Size 4.0 MB
      Peak Block count 17
      Peak Allocated memory 111.8 MB
      Peak Large allocation bytes 49.8 MB
[ALLOC_TYPETREE] Dual Thread Allocator
  Peak main deferred allocation count 0
    [ALLOC_BUCKET]
      Large Block size 4.0 MB
      Used Block count 1
      Peak Allocated bytes 4.0 MB
      Failed Allocations. Bucket layout:
        16B: 8 Subsections = 8192 buckets. Failed count: 54227
        32B: 41 Subsections = 20992 buckets. Failed count: 85389
        48B: 73 Subsections = 24917 buckets. Failed count: 62490
        64B: 67 Subsections = 17152 buckets. Failed count: 15039
        80B: 45 Subsections = 9216 buckets. Failed count: 5453
        96B: 8 Subsections = 1365 buckets. Failed count: 9652
        112B: 11 Subsections = 1609 buckets. Failed count: 31290
        128B: 3 Subsections = 384 buckets. Failed count: 35603
    [ALLOC_TYPETREE_MAIN]
      Peak usage frame count: [0-1.0 KB]: 628 frames, [4.0 KB-8.0 KB]: 1 frames, [8.0 KB-16.0 KB]: 467 frames, [16.0 KB-32.0 KB]: 177 frames, [32.0 KB-64.0 KB]: 1394 frames
      Requested Block Size 2.0 MB
      Peak Block count 1
      Peak Allocated memory 38.5 KB
      Peak Large allocation bytes 0 B
    [ALLOC_TYPETREE_THREAD]
      Peak usage frame count: [256.0 KB-0.5 MB]: 669 frames, [0.5 MB-1.0 MB]: 9 frames, [1.0 MB-2.0 MB]: 84 frames, [2.0 MB-4.0 MB]: 335 frames, [4.0 MB-8.0 MB]: 1570 frames
      Requested Block Size 2.0 MB
      Peak Block count 3
      Peak Allocated memory 4.6 MB
      Peak Large allocation bytes 0 B
