Mono path[0] = 'D:/Games/Cracks/Monument Valley 2/Monument Valley 2_Data/Managed'
Mono config path = 'D:/Games/Cracks/Monument Valley 2/MonoBleedingEdge/etc'
Initialize engine version: 2020.3.21f1 (a38c86f6690f)
[Subsystems] Discovering subsystems at path D:/Games/Cracks/Monument Valley 2/Monument Valley 2_Data/UnitySubsystems
GfxDevice: creating device client; threaded=1
Direct3D:
    Version:  Direct3D 11.0 [level 11.1]
    Renderer: NVIDIA GeForce RTX 3070 Laptop GPU (ID=0x249d)
    Vendor:   
    VRAM:     8020 MB
    Driver:   32.0.15.7688
Begin MonoManager ReloadAssembly
- Completed reload, in  4.349 seconds
<RI> Initializing input.
<RI> Input initialized.
<RI> Initialized touch support.
UnloadTime: 1.110500 ms
WwiseUnity: Wwise(R) SDK Version 2021.1.9 Build 7847.
WwiseUnity: Setting Plugin DLL path to: D:/Games/Cracks/Monument Valley 2/Monument Valley 2_Data\Plugins\x86_64
WwiseUnity: Sound engine initialized successfully.
Can't add 'AkGameObj' to AudioListener because a 'AkGameObj' is already added to the game object!
Unloading 6 Unused Serialized files (Serialized files now loaded: 0)
UnloadTime: 0.739200 ms

Unloading 4 unused Assets to reduce memory usage. Loaded Objects now: 1877.
Total: 0.467200 ms (FindLiveObjects: 0.054700 ms CreateObjectMapping: 0.025900 ms MarkObjects: 0.377400 ms  DeleteObjects: 0.009100 ms)

Unloading 0 Unused Serialized files (Serialized files now loaded: 0)
Setting up 8 worker threads for Enlighten.
  Thread -> id: 24d0 -> priority: 1 
  Thread -> id: 2a84 -> priority: 1 
  Thread -> id: 2a70 -> priority: 1 
  Thread -> id: 2858 -> priority: 1 
  Thread -> id: 1e70 -> priority: 1 
  Thread -> id: 3c34 -> priority: 1 
  Thread -> id: 1fc -> priority: 1 
  Thread -> id: 888 -> priority: 1 

Unloading 6 unused Assets to reduce memory usage. Loaded Objects now: 1878.
Total: 0.457900 ms (FindLiveObjects: 0.073200 ms CreateObjectMapping: 0.028700 ms MarkObjects: 0.325900 ms  DeleteObjects: 0.030100 ms)

Unloading 6 Unused Serialized files (Serialized files now loaded: 0)
UnloadTime: 3.123200 ms

Unloading 9 unused Assets to reduce memory usage. Loaded Objects now: 6096.
Total: 35.325900 ms (FindLiveObjects: 0.439100 ms CreateObjectMapping: 0.233200 ms MarkObjects: 34.620800 ms  DeleteObjects: 0.032300 ms)

InvalidOperationException: Steamworks is not initialized.
  at Steamworks.InteropHelp.TestIfAvailableClient () [0x0001d] in <da934d945a5e46c7a1df6ab602f3e0a1>:0 
  at Steamworks.SteamUser.GetSteamID () [0x00000] in <da934d945a5e46c7a1df6ab602f3e0a1>:0 
  at PersistentData.GetSaveFolder () [0x0001c] in <3714f82cd90343e9989bcb356734a067>:0 
  at PlayerProgressService.GetFileLocation () [0x00000] in <3714f82cd90343e9989bcb356734a067>:0 
  at PlayerProgressService.SavePlayerProgress (System.Boolean saveToCloud) [0x00006] in <3714f82cd90343e9989bcb356734a067>:0 
  at PlayerProgressService.OnDestroy () [0x00000] in <3714f82cd90343e9989bcb356734a067>:0 

Curl error 42: Callback aborted
