Initialize engine version: 2020.3.41f1 (7c19dc9acfda)
[Subsystems] Discovering subsystems at path D:/Games/Cracks/MEGA MAN X DiVE Offline/Game_Data/UnitySubsystems
GfxDevice: creating device client; threaded=1
Direct3D:
    Version:  Direct3D 11.0 [level 11.1]
    Renderer: NVIDIA GeForce RTX 3070 Laptop GPU (ID=0x249d)
    Vendor:   
    VRAM:     8020 MB
    Driver:   32.0.15.6636
<RI> Initializing input.
<RI> Input initialized.
<RI> Initialized touch support.
UnloadTime: 0.436000 ms
[CRIWARE] FileSystem initialization parameters are not configured. Initializes FileSystem by default parameters.
UnityEngine.Logger:Log(LogType, Object)
UnityEngine.Debug:Log(Object)
CriFsPlugin:InitializeLibrary()
CriAtomPlugin:InitializeLibrary()
CriWareInitializer:InitializeAtom(CriAtomConfig)
CriWareInitializer:Initialize()

InControl (version 1.8.4 build 9364)
UnityEngine.Logger:Log(LogType, Object)
UnityEngine.Debug:Log(Object)
System.Action`1:Invoke(T)
InControl.Logger:LogInfo(String)
InControl.InControlManager:OnEnable()
UnityEngine.GameObject:AddComponent()
InputManager:InitializeInputSettingForPC()
InputManager:Start()

Setting up 8 worker threads for Enlighten.
  Thread -> id: 4b88 -> priority: 1 
  Thread -> id: 4b80 -> priority: 1 
  Thread -> id: 2124 -> priority: 1 
  Thread -> id: 213c -> priority: 1 
  Thread -> id: 1db0 -> priority: 1 
  Thread -> id: 4bbc -> priority: 1 
  Thread -> id: 4a84 -> priority: 1 
  Thread -> id: 4bb4 -> priority: 1 
Curl error 42: Callback aborted
NullReferenceException: Object reference not set to an instance of an object.
  at Steamworks.SteamClient.get_IsLoggedOn () [0x00000] in <00000000000000000000000000000000>:0 
  at SteamManager.OnDisable () [0x00000] in <00000000000000000000000000000000>:0 

