Initialize engine version: 2020.3.41f1 (7c19dc9acfda)
[Subsystems] Discovering subsystems at path D:/Downloads/MEGA.MAN.X.DiVE.Offline.v1.0.1/Game_Data/UnitySubsystems
GfxDevice: creating device client; threaded=1
Direct3D:
    Version:  Direct3D 11.0 [level 11.1]
    Renderer: NVIDIA GeForce RTX 3070 Laptop GPU (ID=0x249d)
    Vendor:   
    VRAM:     8020 MB
    Driver:   32.0.15.6636
<RI> Initializing input.
<RI> Input initialized.
<RI> Initialized touch support.
UnloadTime: 2.462400 ms
[CRIWARE] FileSystem initialization parameters are not configured. Initializes FileSystem by default parameters.
UnityEngine.Logger:Log(LogType, Object)
UnityEngine.Debug:Log(Object)
CriFsPlugin:InitializeLibrary()
CriAtomPlugin:InitializeLibrary()
CriWareInitializer:InitializeAtom(CriAtomConfig)
CriWareInitializer:Initialize()

InControl (version 1.8.4 build 9364)
UnityEngine.Logger:Log(LogType, Object)
UnityEngine.Debug:Log(Object)
System.Action`1:Invoke(T)
InControl.Logger:LogInfo(String)
InControl.InControlManager:OnEnable()
UnityEngine.GameObject:AddComponent()
InputManager:InitializeInputSettingForPC()
InputManager:Start()

Curl error 42: Callback aborted
Setting up 8 worker threads for Enlighten.
  Thread -> id: 691c -> priority: 1 
  Thread -> id: 76cc -> priority: 1 
  Thread -> id: 6660 -> priority: 1 
  Thread -> id: 4cc -> priority: 1 
  Thread -> id: 4cc8 -> priority: 1 
  Thread -> id: 6330 -> priority: 1 
  Thread -> id: 61b8 -> priority: 1 
  Thread -> id: 500 -> priority: 1 
NullReferenceException: Object reference not set to an instance of an object.
  at Steamworks.SteamClient.get_IsLoggedOn () [0x00000] in <00000000000000000000000000000000>:0 
  at SteamManager.OnDisable () [0x00000] in <00000000000000000000000000000000>:0 

