Initialize engine version: 2019.4.16f1 (e05b6e02d63e)
[Subsystems] Discovering subsystems at path C:/Users/19654/Downloads/SaGa Frontier Remastered/SaGa Frontier Remastered_Data/UnitySubsystems
GfxDevice: creating device client; threaded=1
Direct3D:
    Version:  Direct3D 11.0 [level 11.1]
    Renderer: NVIDIA GeForce RTX 3070 Laptop GPU (ID=0x249d)
    Vendor:   
    VRAM:     8020 MB
    Driver:   32.0.15.7628
D3D11 device created for Microsoft Media Foundation video decoding.
<RI> Initializing input.
<RI> Input initialized.
<RI> Initialized touch support.
UnloadTime: 0.667600 ms
Setting up 8 worker threads for Enlighten.
  Thread -> id: 3018 -> priority: 1 
  Thread -> id: 15e4 -> priority: 1 
  Thread -> id: 5f9c -> priority: 1 
  Thread -> id: ecc -> priority: 1 
  Thread -> id: 5bc0 -> priority: 1 
  Thread -> id: 27d4 -> priority: 1 
  Thread -> id: a58 -> priority: 1 
  Thread -> id: 191c -> priority: 1 
Failed to change display to ExclusiveFullscreen...reverting to FullscreenWindow 
(Filename:  Line: 538)

