Initialize engine version: 2020.3.30f1 (1fb1bf06830e)
[Subsystems] Discovering subsystems at path C:/Program Files (x86)/Steam/steamapps/common/Ape Out/ApeOut_Data/UnitySubsystems
GfxDevice: creating device client; threaded=1
Direct3D:
    Version:  Direct3D 11.0 [level 11.1]
    Renderer: NVIDIA GeForce RTX 3070 Laptop GPU (ID=0x249d)
    Vendor:   
    VRAM:     8033 MB
    Driver:   31.0.15.2698
Default GameObject Tag: Player already registered
<RI> Initializing input.
<RI> Input initialized.
<RI> Initialized touch support.
UnloadTime: 0.410700 ms
Joystick connected ("Controller (XBOX 360 For Windows)").
Curl error 6: Could not resolve host: config.uca.cloud.unity3d.com
Unloading 6 Unused Serialized files (Serialized files now loaded: 0)
UnloadTime: 3.509000 ms
No Valid Keyzones for notes
UnityEngine.Logger:Log(LogType, Object)
UnityEngine.Debug:LogWarning(Object)
AudioHelm.Sampler:GetPreppedAudioSources(Int32, Single)
AudioHelm.Sampler:NoteOn(Int32, Boolean, Single)
AudioHelm.Sampler:NoteOn(Int32, Single)
MusicSystem:StopMusic()
MainMenu:Start()

Note: 57will not be played.
UnityEngine.Logger:Log(LogType, Object)
UnityEngine.Debug:LogWarning(Object)
AudioHelm.Sampler:NoteOn(Int32, Boolean, Single)
AudioHelm.Sampler:NoteOn(Int32, Single)
MusicSystem:StopMusic()
MainMenu:Start()

Joystick reconnected ("Controller (XBOX 360 For Windows)").
<RI.Hid> Failed to create device file:
 e7 所有的管道范例都在使用中。

Unloading 14 unused Assets to reduce memory usage. Loaded Objects now: 265812.
Total: 100.221000 ms (FindLiveObjects: 6.527500 ms CreateObjectMapping: 15.236500 ms MarkObjects: 78.205800 ms  DeleteObjects: 0.250900 ms)

<RI.Hid> Failed to create device file:
 e7 所有的管道范例都在使用中。
Unloading 6 Unused Serialized files (Serialized files now loaded: 0)
UnloadTime: 4.304600 ms

Unloading 339 unused Assets to reduce memory usage. Loaded Objects now: 310294.
Total: 116.785400 ms (FindLiveObjects: 7.753400 ms CreateObjectMapping: 14.154700 ms MarkObjects: 93.472700 ms  DeleteObjects: 1.404000 ms)

Setting up 8 worker threads for Enlighten.
  Thread -> id: 8cc -> priority: 1 
  Thread -> id: 2ab4 -> priority: 1 
  Thread -> id: 33d4 -> priority: 1 
  Thread -> id: 1524 -> priority: 1 
  Thread -> id: 3f94 -> priority: 1 
  Thread -> id: 5b4 -> priority: 1 
  Thread -> id: 3d2c -> priority: 1 
  Thread -> id: 1760 -> priority: 1 
