Mono path[0] = 'D:/Games/SteamLibrary/steamapps/common/To the Moon/To the Moon (SerenityForge)/To the Moon_Data/Managed'
Mono config path = 'D:/Games/SteamLibrary/steamapps/common/To the Moon/To the Moon (SerenityForge)/MonoBleedingEdge/etc'
[Physics::Module] Initialized MultithreadedJobDispatcher with 15 workers.
Initialize engine version: 2022.3.28f1 (6bae5ce6b222)
[Subsystems] Discovering subsystems at path D:/Games/SteamLibrary/steamapps/common/To the Moon/To the Moon (SerenityForge)/To the Moon_Data/UnitySubsystems
GfxDevice: creating device client; threaded=1; jobified=0
Direct3D:
    Version:  Direct3D 11.0 [level 11.1]
    Renderer: NVIDIA GeForce RTX 3070 Laptop GPU (ID=0x249d)
    Vendor:   NVIDIA
    VRAM:     8020 MB
    Driver:   32.0.15.7700
Begin MonoManager ReloadAssembly
- Loaded All Assemblies, in  3.841 seconds
- Finished resetting the current domain, in  0.001 seconds
<RI> Initializing input.
New input system (experimental) initialized
Using Windows.Gaming.Input
<RI> Initialized touch support.
UnloadTime: 0.523300 ms
Unloading 4 Unused Serialized files (Serialized files now loaded: 0)
UnloadTime: 3.303800 ms
Unloading 5 unused Assets to reduce memory usage. Loaded Objects now: 2005.
Total: 1.239500 ms (FindLiveObjects: 0.115400 ms CreateObjectMapping: 0.038800 ms MarkObjects: 1.070200 ms  DeleteObjects: 0.014800 ms)

Unloading 5 Unused Serialized files (Serialized files now loaded: 0)
UnloadTime: 0.370500 ms
Material 'TintScreenMat' with Shader 'ScenarioForge/UI/TintScreen' doesn't have a texture property '_MainTex'
Unloading 312 unused Assets to reduce memory usage. Loaded Objects now: 24726.
Total: 9.759700 ms (FindLiveObjects: 1.221600 ms CreateObjectMapping: 0.832500 ms MarkObjects: 7.438300 ms  DeleteObjects: 0.266800 ms)

newSceneName: Map009
newSceneName: Map008
newSceneName: Map001
Memory Statistics:
[ALLOC_TEMP_TLS] TLS Allocator
  StackAllocators : 
    [ALLOC_TEMP_MAIN]
      Peak usage frame count: [0-1.0 KB]: 1361 frames, [1.0 KB-2.0 KB]: 1 frames, [2.0 KB-4.0 KB]: 3876 frames, [4.0 KB-8.0 KB]: 1 frames, [8.0 KB-16.0 KB]: 2361 frames, [16.0 KB-32.0 KB]: 5350 frames, [32.0 KB-64.0 KB]: 1 frames, [64.0 KB-128.0 KB]: 3 frames, [128.0 KB-256.0 KB]: 2 frames, [256.0 KB-0.5 MB]: 1 frames, [0.5 MB-1.0 MB]: 2 frames, [2.0 MB-4.0 MB]: 1 frames, [4.0 MB-8.0 MB]: 1 frames
      Initial Block Size 4.0 MB
      Current Block Size 4.8 MB
      Peak Allocated Bytes 4.2 MB
      Overflow Count 0
    [ALLOC_TEMP_Loading.AsyncRead]
      Initial Block Size 64.0 KB
      Current Block Size 64.0 KB
      Peak Allocated Bytes 381 B
      Overflow Count 0
    [ALLOC_TEMP_Loading.PreloadManager]
      Initial Block Size 256.0 KB
      Current Block Size 0.5 MB
      Peak Allocated Bytes 469.7 KB
      Overflow Count 6299
    [ALLOC_TEMP_Background Job.Worker 8]
      Initial Block Size 32.0 KB
      Current Block Size 32.0 KB
      Peak Allocated Bytes 54 B
      Overflow Count 0
    [ALLOC_TEMP_Job.Worker 6]
      Initial Block Size 256.0 KB
      Current Block Size 256.0 KB
      Peak Allocated Bytes 49.7 KB
      Overflow Count 0
    [ALLOC_TEMP_Job.Worker 0]
      Initial Block Size 256.0 KB
      Current Block Size 256.0 KB
      Peak Allocated Bytes 13.5 KB
      Overflow Count 0
    [ALLOC_TEMP_Background Job.Worker 10]
      Initial Block Size 32.0 KB
      Current Block Size 32.0 KB
      Peak Allocated Bytes 54 B
      Overflow Count 0
    [ALLOC_TEMP_Background Job.Worker 9]
      Initial Block Size 32.0 KB
      Current Block Size 32.0 KB
      Peak Allocated Bytes 54 B
      Overflow Count 0
    [ALLOC_TEMP_Job.Worker 5]
      Initial Block Size 256.0 KB
      Current Block Size 256.0 KB
      Peak Allocated Bytes 49.7 KB
      Overflow Count 0
    [ALLOC_TEMP_Background Job.Worker 14]
      Initial Block Size 32.0 KB
      Current Block Size 32.0 KB
      Peak Allocated Bytes 54 B
      Overflow Count 0
    [ALLOC_TEMP_Background Job.Worker 6]
      Initial Block Size 32.0 KB
      Current Block Size 32.0 KB
      Peak Allocated Bytes 54 B
      Overflow Count 0
    [ALLOC_TEMP_Job.Worker 4]
      Initial Block Size 256.0 KB
      Current Block Size 256.0 KB
      Peak Allocated Bytes 49.7 KB
      Overflow Count 0
    [ALLOC_TEMP_Job.Worker 14]
      Initial Block Size 256.0 KB
      Current Block Size 256.0 KB
      Peak Allocated Bytes 21.7 KB
      Overflow Count 0
    [ALLOC_TEMP_Job.Worker 3]
      Initial Block Size 256.0 KB
      Current Block Size 256.0 KB
      Peak Allocated Bytes 49.7 KB
      Overflow Count 0
    [ALLOC_TEMP_Job.Worker 13]
      Initial Block Size 256.0 KB
      Current Block Size 256.0 KB
      Peak Allocated Bytes 19.6 KB
      Overflow Count 0
    [ALLOC_TEMP_Background Job.Worker 12]
      Initial Block Size 32.0 KB
      Current Block Size 32.0 KB
      Peak Allocated Bytes 54 B
      Overflow Count 0
    [ALLOC_TEMP_EnlightenWorker] x 8
      Initial Block Size 64.0 KB
      Current Block Size 64.0 KB
      Peak Allocated Bytes 54 B
      Overflow Count 0
    [ALLOC_TEMP_Background Job.Worker 15]
      Initial Block Size 32.0 KB
      Current Block Size 32.0 KB
      Peak Allocated Bytes 54 B
      Overflow Count 0
    [ALLOC_TEMP_Background Job.Worker 1]
      Initial Block Size 32.0 KB
      Current Block Size 32.0 KB
      Peak Allocated Bytes 54 B
      Overflow Count 0
    [ALLOC_TEMP_Background Job.Worker 2]
      Initial Block Size 32.0 KB
      Current Block Size 32.0 KB
      Peak Allocated Bytes 54 B
      Overflow Count 0
    [ALLOC_TEMP_Background Job.Worker 7]
      Initial Block Size 32.0 KB
      Current Block Size 32.0 KB
      Peak Allocated Bytes 54 B
      Overflow Count 0
    [ALLOC_TEMP_UnityGfxDeviceWorker]
      Initial Block Size 256.0 KB
      Current Block Size 256.0 KB
      Peak Allocated Bytes 6.2 KB
      Overflow Count 0
    [ALLOC_TEMP_AssetGarbageCollectorHelper] x 15
      Initial Block Size 64.0 KB
      Current Block Size 64.0 KB
      Peak Allocated Bytes 138 B
      Overflow Count 0
    [ALLOC_TEMP_Background Job.Worker 5]
      Initial Block Size 32.0 KB
      Current Block Size 32.0 KB
      Peak Allocated Bytes 54 B
      Overflow Count 0
    [ALLOC_TEMP_Job.Worker 9]
      Initial Block Size 256.0 KB
      Current Block Size 256.0 KB
      Peak Allocated Bytes 21.7 KB
      Overflow Count 0
    [ALLOC_TEMP_Background Job.Worker 13]
      Initial Block Size 32.0 KB
      Current Block Size 32.0 KB
      Peak Allocated Bytes 54 B
      Overflow Count 0
    [ALLOC_TEMP_Job.Worker 8]
      Initial Block Size 256.0 KB
      Current Block Size 256.0 KB
      Peak Allocated Bytes 29.8 KB
      Overflow Count 0
    [ALLOC_TEMP_Job.Worker 7]
      Initial Block Size 256.0 KB
      Current Block Size 256.0 KB
      Peak Allocated Bytes 31.7 KB
      Overflow Count 0
    [ALLOC_TEMP_Job.Worker 1]
      Initial Block Size 256.0 KB
      Current Block Size 256.0 KB
      Peak Allocated Bytes 49.7 KB
      Overflow Count 0
    [ALLOC_TEMP_Job.Worker 2]
      Initial Block Size 256.0 KB
      Current Block Size 256.0 KB
      Peak Allocated Bytes 49.7 KB
      Overflow Count 0
    [ALLOC_TEMP_Background Job.Worker 3]
      Initial Block Size 32.0 KB
      Current Block Size 32.0 KB
      Peak Allocated Bytes 54 B
      Overflow Count 0
    [ALLOC_TEMP_Background Job.Worker 11]
      Initial Block Size 32.0 KB
      Current Block Size 32.0 KB
      Peak Allocated Bytes 54 B
      Overflow Count 0
    [ALLOC_TEMP_Job.Worker 10]
      Initial Block Size 256.0 KB
      Current Block Size 256.0 KB
      Peak Allocated Bytes 21.7 KB
      Overflow Count 0
    [ALLOC_TEMP_Background Job.Worker 0]
      Initial Block Size 32.0 KB
      Current Block Size 32.0 KB
      Peak Allocated Bytes 54 B
      Overflow Count 0
    [ALLOC_TEMP_HIDInput]
      Initial Block Size 64.0 KB
      Current Block Size 64.0 KB
      Peak Allocated Bytes 10.8 KB
      Overflow Count 0
    [ALLOC_TEMP_Job.Worker 11]
      Initial Block Size 256.0 KB
      Current Block Size 256.0 KB
      Peak Allocated Bytes 17.8 KB
      Overflow Count 0
    [ALLOC_TEMP_Job.Worker 12]
      Initial Block Size 256.0 KB
      Current Block Size 256.0 KB
      Peak Allocated Bytes 49.7 KB
      Overflow Count 0
    [ALLOC_TEMP_Background Job.Worker 4]
      Initial Block Size 32.0 KB
      Current Block Size 32.0 KB
      Peak Allocated Bytes 54 B
      Overflow Count 0
    [ALLOC_TEMP_BatchDeleteObjects]
      Initial Block Size 64.0 KB
      Current Block Size 64.0 KB
      Peak Allocated Bytes 54 B
      Overflow Count 0
[ALLOC_DEFAULT] Dual Thread Allocator
  Peak main deferred allocation count 5578
    [ALLOC_BUCKET]
      Large Block size 4.0 MB
      Used Block count 1
      Peak Allocated bytes 4.0 MB
      Failed Allocations. Bucket layout:
        16B: 18 Subsections = 18432 buckets. Failed count: 91351
        32B: 37 Subsections = 18944 buckets. Failed count: 559603
        48B: 44 Subsections = 15018 buckets. Failed count: 256633
        64B: 67 Subsections = 17152 buckets. Failed count: 27359
        80B: 37 Subsections = 7577 buckets. Failed count: 24
        96B: 12 Subsections = 2048 buckets. Failed count: 852
        112B: 9 Subsections = 1316 buckets. Failed count: 2862
        128B: 32 Subsections = 4096 buckets. Failed count: 13917
    [ALLOC_DEFAULT_MAIN]
      Peak usage frame count: [16.0 MB-32.0 MB]: 10065 frames, [32.0 MB-64.0 MB]: 2896 frames
      Requested Block Size 16.0 MB
      Peak Block count 2
      Peak Allocated memory 33.8 MB
      Peak Large allocation bytes 8.0 MB
    [ALLOC_DEFAULT_THREAD]
      Peak usage frame count: [16.0 MB-32.0 MB]: 436 frames, [32.0 MB-64.0 MB]: 12512 frames, [64.0 MB-128.0 MB]: 13 frames
      Requested Block Size 16.0 MB
      Peak Block count 4
      Peak Allocated memory 64.4 MB
      Peak Large allocation bytes 16.0 MB
[ALLOC_TEMP_JOB_1_FRAME]
  Initial Block Size 2.0 MB
  Used Block Count 0
  Overflow Count (too large) 0
  Overflow Count (full) 0
[ALLOC_TEMP_JOB_2_FRAMES]
  Initial Block Size 2.0 MB
  Used Block Count 0
  Overflow Count (too large) 0
  Overflow Count (full) 0
[ALLOC_TEMP_JOB_4_FRAMES (JobTemp)]
  Initial Block Size 2.0 MB
  Used Block Count 1
  Overflow Count (too large) 0
  Overflow Count (full) 0
[ALLOC_TEMP_JOB_ASYNC (Background)]
  Initial Block Size 1.0 MB
  Used Block Count 1
  Overflow Count (too large) 0
  Overflow Count (full) 0
[ALLOC_GFX] Dual Thread Allocator
  Peak main deferred allocation count 2
    [ALLOC_BUCKET]
      Large Block size 4.0 MB
      Used Block count 1
      Peak Allocated bytes 4.0 MB
      Failed Allocations. Bucket layout:
        16B: 18 Subsections = 18432 buckets. Failed count: 91351
        32B: 37 Subsections = 18944 buckets. Failed count: 559603
        48B: 44 Subsections = 15018 buckets. Failed count: 256633
        64B: 67 Subsections = 17152 buckets. Failed count: 27359
        80B: 37 Subsections = 7577 buckets. Failed count: 24
        96B: 12 Subsections = 2048 buckets. Failed count: 852
        112B: 9 Subsections = 1316 buckets. Failed count: 2862
        128B: 32 Subsections = 4096 buckets. Failed count: 13917
    [ALLOC_GFX_MAIN]
      Peak usage frame count: [32.0 KB-64.0 KB]: 459 frames, [64.0 KB-128.0 KB]: 908 frames, [128.0 KB-256.0 KB]: 2 frames, [1.0 MB-2.0 MB]: 11592 frames
      Requested Block Size 16.0 MB
      Peak Block count 1
      Peak Allocated memory 1.7 MB
      Peak Large allocation bytes 0 B
    [ALLOC_GFX_THREAD]
      Peak usage frame count: [4.0 KB-8.0 KB]: 3 frames, [256.0 KB-0.5 MB]: 417 frames, [4.0 MB-8.0 MB]: 1 frames, [8.0 MB-16.0 MB]: 1 frames, [16.0 MB-32.0 MB]: 2 frames, [32.0 MB-64.0 MB]: 4 frames, [64.0 MB-128.0 MB]: 12533 frames
      Requested Block Size 16.0 MB
      Peak Block count 5
      Peak Allocated memory 76.0 MB
      Peak Large allocation bytes 0 B
[ALLOC_CACHEOBJECTS] Dual Thread Allocator
  Peak main deferred allocation count 29
    [ALLOC_BUCKET]
      Large Block size 4.0 MB
      Used Block count 1
      Peak Allocated bytes 4.0 MB
      Failed Allocations. Bucket layout:
        16B: 18 Subsections = 18432 buckets. Failed count: 91351
        32B: 37 Subsections = 18944 buckets. Failed count: 559603
        48B: 44 Subsections = 15018 buckets. Failed count: 256633
        64B: 67 Subsections = 17152 buckets. Failed count: 27359
        80B: 37 Subsections = 7577 buckets. Failed count: 24
        96B: 12 Subsections = 2048 buckets. Failed count: 852
        112B: 9 Subsections = 1316 buckets. Failed count: 2862
        128B: 32 Subsections = 4096 buckets. Failed count: 13917
    [ALLOC_CACHEOBJECTS_MAIN]
      Peak usage frame count: [2.0 MB-4.0 MB]: 9651 frames, [4.0 MB-8.0 MB]: 3310 frames
      Requested Block Size 4.0 MB
      Peak Block count 2
      Peak Allocated memory 4.3 MB
      Peak Large allocation bytes 0 B
    [ALLOC_CACHEOBJECTS_THREAD]
      Peak usage frame count: [32.0 KB-64.0 KB]: 1 frames, [64.0 KB-128.0 KB]: 2 frames, [128.0 KB-256.0 KB]: 413 frames, [256.0 KB-0.5 MB]: 2 frames, [0.5 MB-1.0 MB]: 1 frames, [1.0 MB-2.0 MB]: 10 frames, [2.0 MB-4.0 MB]: 12 frames, [8.0 MB-16.0 MB]: 1 frames, [16.0 MB-32.0 MB]: 166 frames, [32.0 MB-64.0 MB]: 12353 frames
      Requested Block Size 4.0 MB
      Peak Block count 9
      Peak Allocated memory 49.1 MB
      Peak Large allocation bytes 19.5 MB
[ALLOC_TYPETREE] Dual Thread Allocator
  Peak main deferred allocation count 2
    [ALLOC_BUCKET]
      Large Block size 4.0 MB
      Used Block count 1
      Peak Allocated bytes 4.0 MB
      Failed Allocations. Bucket layout:
        16B: 18 Subsections = 18432 buckets. Failed count: 91351
        32B: 37 Subsections = 18944 buckets. Failed count: 559603
        48B: 44 Subsections = 15018 buckets. Failed count: 256633
        64B: 67 Subsections = 17152 buckets. Failed count: 27359
        80B: 37 Subsections = 7577 buckets. Failed count: 24
        96B: 12 Subsections = 2048 buckets. Failed count: 852
        112B: 9 Subsections = 1316 buckets. Failed count: 2862
        128B: 32 Subsections = 4096 buckets. Failed count: 13917
    [ALLOC_TYPETREE_MAIN]
      Peak usage frame count: [4.0 KB-8.0 KB]: 1294 frames, [8.0 KB-16.0 KB]: 75 frames, [16.0 KB-32.0 KB]: 11592 frames
      Requested Block Size 2.0 MB
      Peak Block count 1
      Peak Allocated memory 29.1 KB
      Peak Large allocation bytes 0 B
    [ALLOC_TYPETREE_THREAD]
      Peak usage frame count: [2.0 KB-4.0 KB]: 451 frames, [8.0 KB-16.0 KB]: 1 frames, [16.0 KB-32.0 KB]: 8 frames, [32.0 KB-64.0 KB]: 7 frames, [64.0 KB-128.0 KB]: 29 frames, [128.0 KB-256.0 KB]: 12465 frames
      Requested Block Size 2.0 MB
      Peak Block count 1
      Peak Allocated memory 219.2 KB
      Peak Large allocation bytes 0 B
