[2025-09-04 21:59:43.289] [DISPLAY] [Main ] [fileutils] Checking version: C:\Program Files\Rockstar Games\Launcher\Launcher.exe
[2025-09-04 21:59:43.293] [DISPLAY] [Main ] [dx12] Retrieving D3D12 graphics info
[2025-09-04 21:59:43.600] [DISPLAY] [dkspa] [libutil_sysinfo] Drive C:\ has 306.86 GB free, 465.17 GB total
[2025-09-04 21:59:43.600] [DISPLAY] [dkspa] [libutil_sysinfo] Drive D:\ has 84.99 GB free, 3.73 TB total
[2025-09-04 21:59:43.600] [DISPLAY] [Main ] [launcher] Opening log file.
[2025-09-04 21:59:43.603] [DISPLAY] [Main ] [startupinfo] Command line: "C:\Program Files\Rockstar Games\Launcher\Launcher.exe" -skipPatcherCheck -steamAppId=110800 -steamLocation "D:\Games\StemLibrary\steamapps\common\L.A.Noire"  @args.txt
[2025-09-04 21:59:43.603] [DISPLAY] [Main ] [startupinfo] P4 Version: 
[2025-09-04 21:59:43.603] [DISPLAY] [Main ] [startupinfo] RGL Branch: release_03
[2025-09-04 21:59:43.603] [DISPLAY] [Main ] [startupinfo] Version:    1.0.103.2534
[2025-09-04 21:59:43.603] [DISPLAY] [Main ] [startupinfo] Parameters:
[2025-09-04 21:59:43.603] [DISPLAY] [Main ] [startupinfo]     C:\Program Files\Rockstar Games\Launcher\Launcher.exe
[2025-09-04 21:59:43.603] [DISPLAY] [Main ] [startupinfo]     -skipPatcherCheck
[2025-09-04 21:59:43.603] [DISPLAY] [Main ] [startupinfo]     -steamAppId=110800
[2025-09-04 21:59:43.603] [DISPLAY] [Main ] [startupinfo]     -steamLocation
[2025-09-04 21:59:43.603] [DISPLAY] [Main ] [startupinfo]     D:\Games\StemLibrary\steamapps\common\L.A.Noire
[2025-09-04 21:59:43.603] [DISPLAY] [Main ] [startupinfo]     @args.txt
[2025-09-04 21:59:43.603] [DISPLAY] [Main ] [startup] Initial Working Directory: D:\Games\StemLibrary\steamapps\common\L.A.Noire
[2025-09-04 21:59:43.603] [DISPLAY] [Main ] [startup] Working directory: C:\Program Files\Rockstar Games\Launcher
[2025-09-04 21:59:43.606] [DISPLAY] [Main ] [packfile] Initialize 'Launcher.rpf' - succeeded
[2025-09-04 21:59:43.606] [DISPLAY] [Main ] [localisation] Language updated to: 12
[2025-09-04 21:59:43.636] [DISPLAY] [Main ] [external] Creating Steam min mode launch
[2025-09-04 21:59:43.637] [DISPLAY] [Main ] [external] Steam App Id: 110800
[2025-09-04 21:59:43.637] [DISPLAY] [Main ] [external] Steam Location: D:\Games\StemLibrary\steamapps\common\L.A.Noire
[2025-09-04 21:59:43.637] [DISPLAY] [Main ] [metadatamanager] Read external Steam metadata: lanoire
[2025-09-04 21:59:43.637] [DISPLAY] [Main ] [external] App: lanoire
[2025-09-04 21:59:43.643] [DISPLAY] [Main ] [environment] SetEnvironment: prod
[2025-09-04 21:59:43.649] [DISPLAY] [Main ] [subsystem] Init phase 1
[2025-09-04 21:59:43.649] [DISPLAY] [Main ] [fileutils] Checking version: C:\Program Files\Rockstar Games\Launcher\RockstarService.exe
[2025-09-04 21:59:43.649] [DISPLAY] [Main ] [svc] Service version: 1.0.103.2534 (1.0.103.2534)
[2025-09-04 21:59:43.649] [DISPLAY] [Main ] [svc] Starting service (attempt 1 / 3)...
[2025-09-04 21:59:43.652] [DISPLAY] [Main ] [titlestorage] Installed titles:
[2025-09-04 21:59:43.652] [DISPLAY] [Main ] [titlestorage]  Title                             Progress               Version              Location                                                    
[2025-09-04 21:59:43.661] [DISPLAY] [Main ] [fileutils] Checking version: C:\Program Files\Rockstar Games\Social Club\socialclub.dll
[2025-09-04 21:59:43.663] [DISPLAY] [Main ] [subsystem] Initializing group 0...
[2025-09-04 21:59:43.663] [DISPLAY] [Main ] [subsystem] Init phase 2
[2025-09-04 21:59:43.663] [DISPLAY] [Main ] [subsystem] Starting systems...
[2025-09-04 21:59:43.722] [DISPLAY] [Main ] [steam_api] SetSteamLanguage(schinese) = 12
[2025-09-04 21:59:43.722] [DISPLAY] [Main ] [minmode] Overriding language from external game launch: zh-CHS
[2025-09-04 21:59:43.722] [DISPLAY] [Main ] [localisation] Language updated to: 12
[2025-09-04 21:59:43.723] [DISPLAY] [Main ] [subsystem] Starting diag...
[2025-09-04 21:59:43.723] [DISPLAY] [Main ] [fileutils] Checking local versions...
[2025-09-04 21:59:43.723] [DISPLAY] [Main ] [fileutils] Checking version: C:\Program Files\Rockstar Games\Social Club\socialclub.dll
[2025-09-04 21:59:43.723] [DISPLAY] [Main ] [fileutils] Checking RGL version...
[2025-09-04 21:59:43.723] [DISPLAY] [Main ] [fileutils] Version: 2.4.0.101 | 1.0.103.2534 | FFP
[2025-09-04 21:59:43.723] [DISPLAY] [Main ] [subsystem] Starting net...
[2025-09-04 21:59:43.731] [DISPLAY] [Main ] [subsystem] Assigning pools...
[2025-09-04 21:59:43.731] [DISPLAY] [Main ] [subsystem] Initializing engine...
[2025-09-04 21:59:43.732] [DISPLAY] [Main ] [subsystem] Initializing group 1...
[2025-09-04 21:59:43.740] [DISPLAY] [Workr] [selfupdate] Up-to-date.
[2025-09-04 21:59:43.911] [DISPLAY] [Main ] [systemtray] System tray: enabled
[2025-09-04 21:59:43.918] [DISPLAY] [Main ] [launcher] Passed check: majorVersion(10.0.22631) >= 10
[2025-09-04 21:59:44.079] [DISPLAY] [bgsvc] [svc] Received response from service.
[2025-09-04 21:59:44.125] [DISPLAY] [Workr] [idownloader] Starting download of 'https://gamedownloads-rockstargames-com.akamaized.net/public/launcher_online_config.xml'
[2025-09-04 21:59:45.133] [DISPLAY] [Workr] [idownloader] Completed download of 'https://gamedownloads-rockstargames-com.akamaized.net/public/launcher_online_config.xml' (status: 0/200)
[2025-09-04 21:59:45.133] [DISPLAY] [Workr] [startup] Skipping DLL preload.
[2025-09-04 21:59:45.133] [DISPLAY] [Workr] [titlemanager] Downloading title list...
[2025-09-04 21:59:45.133] [DISPLAY] [Workr] [titlemanager] Downloading default title list (SCS)...
[2025-09-04 21:59:45.133] [DISPLAY] [Workr] [idownloader] Starting download of 'https://rgl-prod.ros.rockstargames.com/launcher/11/LauncherServices/App.asmx/GetDefaultApps?accessToken='
[2025-09-04 21:59:46.914] [DISPLAY] [Workr] [idownloader] Completed download of 'https://rgl-prod.ros.rockstargames.com/launcher/11/LauncherServices/App.asmx/GetDefaultApps?accessToken=' (status: 0/200)
[2025-09-04 21:59:46.914] [DISPLAY] [Workr] [services] Obtained NA-BAT
[2025-09-04 21:59:46.914] [DISPLAY] [Workr] [services] Parsed response from GetDefaultApps: 1 title(s), 1 branch(es)
[2025-09-04 21:59:46.914] [DISPLAY] [Workr] [titlemanager] Retrieved default title: launcher
[2025-09-04 21:59:46.914] [DISPLAY] [Workr] [titlemanager] Launcher tokens: BAT: false, NA-BAT: true
[2025-09-04 21:59:46.914] [DISPLAY] [Workr] [titlemanager] Title list updated.
[2025-09-04 21:59:46.914] [DISPLAY] [Workr] [launcher] Checking for self-update...
[2025-09-04 21:59:46.921] [DISPLAY] [Workr] [titleupdater] Doing chunk checks for launcher...
[2025-09-04 21:59:46.923] [DISPLAY] [Workr] [titleupdater] Checked 61 chunk(s), 0 were empty, skipped 0 chunk(s) and 0 file(s)
[2025-09-04 21:59:46.923] [DISPLAY] [Workr] [statuschecker] Title Rockstar Games Launcher: No update
[2025-09-04 21:59:46.927] [DISPLAY] [Workr] [launcher] No self-update, continuing.
[2025-09-04 21:59:46.927] [DISPLAY] [Workr] [launcher] Checking for prerequisite updates...
[2025-09-04 21:59:46.927] [DISPLAY] [Workr] [fileutils] Checking version: C:\Program Files\Rockstar Games\Social Club\socialclub.dll
[2025-09-04 21:59:46.928] [DISPLAY] [Workr] [fileutils] Checking version: C:\Program Files\Rockstar Games\Launcher\Redistributables\SocialClub\Social-Club-Setup.exe
[2025-09-04 21:59:46.929] [DISPLAY] [Workr] [preqmanager] The Social Club version available matches that currently installed (both: 2.4.0.101)
[2025-09-04 21:59:46.929] [DISPLAY] [Workr] [titleupdater] No prerequisites to install.
[2025-09-04 21:59:46.929] [DISPLAY] [Workr] [launcher] Checking minimum SDK requirement
[2025-09-04 21:59:46.929] [DISPLAY] [Workr] [fileutils] Checking version: C:\Program Files\Rockstar Games\Social Club\socialclub.dll
[2025-09-04 21:59:46.931] [DISPLAY] [Workr] [launcher] Completed Pre-initialization tasks
[2025-09-04 21:59:46.942] [DISPLAY] [Main ] [subsystem] Init phase 3
[2025-09-04 21:59:46.942] [DISPLAY] [Main ] [subsystem] RGL Offline Assets path: C:\Program Files\Rockstar Games\Launcher\offline.pak
[2025-09-04 21:59:46.942] [DISPLAY] [Main ] [subsystem] Intializing connection manager.
[2025-09-04 21:59:46.942] [DISPLAY] [Main ] [subsystem] Initializing RAGE networking.
[2025-09-04 21:59:47.002] [DISPLAY] [Main ] [rline_pc] Thu Sep  4 21:59:47 2025
[2025-09-04 21:59:47.002] [DISPLAY] [Main ] [rline_pc] File System Initialized
[2025-09-04 21:59:47.003] [DISPLAY] [Main ] [rline_pc] Version Info: 2.4.0.101
[2025-09-04 21:59:47.003] [DISPLAY] [Main ] [rline_pc] JSON Interface initialized
[2025-09-04 21:59:47.003] [DISPLAY] [Main ] [rline_pc] Internet manager initialized
[2025-09-04 21:59:47.003] [DISPLAY] [Main ] [rline_pc] Social Club Data initialized
[2025-09-04 21:59:47.003] [DISPLAY] [Main ] [rline_pc] Metadata initialized
[2025-09-04 21:59:47.003] [DISPLAY] [Main ] [rline_pc] Achievement Manager initialized
[2025-09-04 21:59:47.003] [DISPLAY] [Main ] [rline_pc] Player Manager initialized
[2025-09-04 21:59:47.003] [DISPLAY] [Main ] [rline_pc] Gamer Pic Manager initialized
[2025-09-04 21:59:47.003] [DISPLAY] [Main ] [rline_pc] Profile Manager initialized
[2025-09-04 21:59:47.003] [DISPLAY] [Main ] [rline_pc] Presence Manager initialized
[2025-09-04 21:59:47.003] [DISPLAY] [Main ] [rline_pc] Commerce Manager initialized
[2025-09-04 21:59:47.003] [DISPLAY] [Main ] [rline_pc] Task Manager initialized
[2025-09-04 21:59:47.003] [DISPLAY] [Main ] [rline_pc] Telemetry Manager initialized
[2025-09-04 21:59:47.003] [DISPLAY] [Main ] [rline_pc] Network interface initialized
[2025-09-04 21:59:47.003] [DISPLAY] [Main ] [rline_pc] Cloud Saves interface initialized
[2025-09-04 21:59:47.003] [DISPLAY] [Main ] [rline_pc] Multi-Factor Authentication initialized
[2025-09-04 21:59:47.004] [DISPLAY] [Main ] [rline_pc] Profanity filter initialized
[2025-09-04 21:59:47.004] [DISPLAY] [Main ] [rline_pc] Game Intent Manager initialized
[2025-09-04 21:59:47.004] [DISPLAY] [Main ] [rline_pc] Launcher interface initialized
[2025-09-04 21:59:47.005] [DISPLAY] [Main ] [rline_pc] Game/Launcher IPC initialized: 0
[2025-09-04 21:59:47.005] [DISPLAY] [Main ] [rline_pc] Validating CEF directory: C:\Program Files\Rockstar Games\Social Club\
[2025-09-04 21:59:47.008] [DISPLAY] [Main ] [rline_pc] Validating Social Club dependency versions: 
[2025-09-04 21:59:47.008] [DISPLAY] [Main ] [rline_pc]  Social Club DLL (C:\Program Files\Rockstar Games\Social Club\socialclub.dll) - 2.4.0.101
[2025-09-04 21:59:47.008] [DISPLAY] [Main ] [rline_pc]  Social Club Helper (C:\Program Files\Rockstar Games\Social Club\SocialClubHelper.exe) - 2.4.0.101
[2025-09-04 21:59:47.008] [DISPLAY] [Main ] [rline_pc]  Vulkan Renderer Layer (C:\Program Files\Rockstar Games\Social Club\SocialClubVulkanLayer.dll) - 2.4.0.101
[2025-09-04 21:59:47.008] [DISPLAY] [Main ] [rline_pc]  D3D12 Renderer DLL (C:\Program Files\Rockstar Games\Social Club\SocialClubD3D12Renderer.dll) - 2.4.0.101
[2025-09-04 21:59:47.008] [DISPLAY] [Main ] [rline_pc]  Chromium Embedded Framework (C:\Program Files\Rockstar Games\Social Club\libcef.dll) - 109.1.18.0
[2025-09-04 21:59:47.008] [DISPLAY] [Main ] [rline_pc]  RGSC-Query Version: 0.0.0-development
[2025-09-04 21:59:47.008] [DISPLAY] [Main ] [rline_pc] SDK fully initialized
[2025-09-04 21:59:47.008] [DISPLAY] [Main ] [rline_pc] Setting Social Club UI scaling to 1.00
[2025-09-04 21:59:47.008] [DISPLAY] [Main ] [rline_pc] Social Club UI - Entering State: 'WAIT_BROWSER_WINDOW'
[2025-09-04 21:59:47.008] [DISPLAY] [Main ] [subsystem] Initializing group 2...
[2025-09-04 21:59:47.016] [DISPLAY] [Workr] [libutil_sysinfo] Drive C:\ has 306.86 GB free, 465.17 GB total
[2025-09-04 21:59:47.016] [DISPLAY] [Workr] [libutil_sysinfo] Drive D:\ has 84.99 GB free, 3.73 TB total
[2025-09-04 21:59:47.019] [DISPLAY] [Main ] [rline_pc] UpdateConnectionState :: Connection state changed from offline to online
[2025-09-04 21:59:47.019] [DISPLAY] [Main ] [rline_pc] OnChannelError() - rgsc_launcher_0
[2025-09-04 21:59:47.045] [DISPLAY] [Main ] [rline_pc] OnChannelConnected - rgsc_ipc_5378_channel_0 (remoteProcessId 7232)
[2025-09-04 21:59:47.046] [DISPLAY] [Main ] [rline_pc] Browser subprocess running and connected
[2025-09-04 21:59:47.092] [DISPLAY] [Workr] [dx12] Retrieving D3D12 graphics info
[2025-09-04 21:59:47.181] [DISPLAY] [Main ] [rline_pc] Social Club UI - Entering State: 'LOADING'
[2025-09-04 21:59:47.181] [DISPLAY] [Main ] [rline_pc] RgscUi::LoadUrl() called with url 'https://rgl.rockstargames.com/launcher'
[2025-09-04 21:59:47.181] [DISPLAY] [Main ] [rline_pc] CreateIpcChannel returning channel name: rgsc_ipc_5378_channel_1
[2025-09-04 21:59:47.181] [DISPLAY] [Main ] [rline_pc] Social Club UI - Entering State: 'WAITING_FOR_PAGE_LOAD'
[2025-09-04 21:59:47.211] [DISPLAY] [Workr] [sysinfo] System Configuration: 
 CPU Info:
  ID: Intel64 Family 6 Model 141 Stepping 1
  Name: 11th Gen Intel(R) Core(TM) i7-11800H @ 2.30GHz
  Clock Speed: 2.30 GHZ
  Physical Cores: 8
  Logical Cores: 16
  SSE 4.1: enabled
  SSE 4.2: enabled

 Disk 0 (C:\)
  Disk Type: NVMe
  Bytes Free: 329485975552
  Bytes Total: 499475054592

 Disk 1 (D:\)
  Disk Type: NVMe
  Bytes Free: 91258859520
  Bytes Total: 4096797061120

Memory Info:
 17179869184 B
 16 GB

 GPU 0
  Description: NVIDIA GeForce RTX 3070 Laptop GPU
  Capacity (Bytes): 8409579520
  Display Capacity: 8.0 GB
[2025-09-04 21:59:49.526] [DISPLAY] [Main ] [rline_pc] OnChannelConnected - rgsc_ipc_5378_channel_1 (remoteProcessId 23588)
[2025-09-04 21:59:49.526] [DISPLAY] [Main ] [launcher] Social Club UI has started.
[2025-09-04 21:59:49.526] [DISPLAY] [Main ] [fileutils] Checking version: C:\Program Files\Rockstar Games\Social Club\socialclub.dll
[2025-09-04 21:59:49.527] [DISPLAY] [Admin] [external] Setting up steam title: lanoire
[2025-09-04 21:59:49.527] [DISPLAY] [Admin] [external] Successfully setup title
[2025-09-04 21:59:49.543] [DISPLAY] [Main ] [rline_pc] Social Club UI - Entering State: 'WAITING_FOR_PAGE_READY'
[2025-09-04 21:59:49.543] [DISPLAY] [Main ] [external] Client is ready to attempt a launch.
[2025-09-04 21:59:49.543] [DISPLAY] [Main ] [external] Frontend is ready to launch the title
[2025-09-04 21:59:49.560] [DISPLAY] [Main ] [rline_pc] Handling action 'ScuiVersion' [EventId: 4]
[2025-09-04 21:59:49.628] [DISPLAY] [Main ] [rline_pc] Handling action 'Geo' [EventId: 4]
[2025-09-04 21:59:49.628] [DISPLAY] [Main ] [rline_pc] Handling action 'ExternIP' [EventId: 4]
[2025-09-04 21:59:49.662] [DISPLAY] [Main ] [rline_pc] Social Club UI - Entering State: 'PAGE_READY'
[2025-09-04 21:59:49.662] [DISPLAY] [Main ] [rline_pc] Social Club UI - Entering State: 'START_SIGN_IN'
[2025-09-04 21:59:49.679] [DISPLAY] [Main ] [rline_pc] Social Club UI - Entering State: 'FINISHED'
[2025-09-04 21:59:49.679] [DISPLAY] [Main ] [rline_pc] Finished loading Social Club UI
[2025-09-04 21:59:49.679] [DISPLAY] [Main ] [launcher] Time to start up: 6432 ms
[2025-09-04 21:59:49.681] [DISPLAY] [Main ] [systemtray] System tray: enabled
[2025-09-04 21:59:49.708] [DISPLAY] [Main ] [ui_window_controller] UiWindowController::SetContext: Invalid -> Auth
[2025-09-04 21:59:49.708] [DISPLAY] [Main ] [ui_window_controller] UiWindowController::SetState: Invalid -> WaitForBrowser
[2025-09-04 21:59:49.736] [DISPLAY] [Main ] [ui_window_controller] UiWindowController::SetState: WaitForBrowser -> WaitForWindow
[2025-09-04 21:59:52.548] [DISPLAY] [Main ] [rline_pc] CreateIpcChannel returning channel name: rgsc_ipc_5378_channel_2
[2025-09-04 21:59:52.565] [DISPLAY] [Main ] [rline_pc] OnChannelConnected - rgsc_ipc_5378_channel_2 (remoteProcessId 24152)
[2025-09-04 21:59:54.068] [DISPLAY] [Main ] [ui_window_controller] UiWindowController::SetState: WaitForWindow -> Active
[2025-09-04 21:59:54.743] [DISPLAY] [Main ] [rline_pc] CreateIpcChannel returning channel name: rgsc_ipc_5378_channel_3
[2025-09-04 21:59:54.760] [DISPLAY] [Main ] [rline_pc] OnChannelConnected - rgsc_ipc_5378_channel_3 (remoteProcessId 24152)
[2025-09-04 21:59:54.760] [DISPLAY] [Main ] [rline_pc] OnChannelError() - rgsc_ipc_5378_channel_2
[2025-09-04 21:59:55.266] [DISPLAY] [Main ] [ui_window_controller] UiWindowController::SetState: Active -> WaitForBrowser
[2025-09-04 21:59:55.266] [DISPLAY] [Main ] [ui_window_controller] UiWindowController::SetState: WaitForBrowser -> WaitForWindow
[2025-09-04 22:00:02.654] [DISPLAY] [Main ] [rline_pc] Queue download of profile avatar
[2025-09-04 22:00:02.696] [DISPLAY] [Main ] [rline_pc] Saved profile for BBBBZHANG
[2025-09-04 22:00:02.696] [DISPLAY] [Main ] [rline_pc] Syncing friends.
[2025-09-04 22:00:02.696] [DISPLAY] [Main ] [rline_pc] Syncing privacy settings.
[2025-09-04 22:00:04.483] [DISPLAY] [Main ] [rline_pc] Signed in online to profile: BBBBZHANG
[2025-09-04 22:00:04.483] [DISPLAY] [Main ] [ui_window_controller] UiWindowController::SetContext: Auth -> MainWindow
[2025-09-04 22:00:04.483] [DISPLAY] [Main ] [ui_window_controller] UiWindowController::SetState: WaitForWindow -> WaitForBrowser
[2025-09-04 22:00:04.509] [DISPLAY] [Main ] [ui_mainwindow] Using DPI 144,144
[2025-09-04 22:00:04.509] [DISPLAY] [Main ] [ui_mainwindow] Using UI Scale: 1.50
[2025-09-04 22:00:04.509] [DISPLAY] [Main ] [ui_mainwindow] Using saved geometry: 860,215 (1536 x 900)
[2025-09-04 22:00:04.536] [DISPLAY] [Main ] [launcher] Presence Event - Signed In
[2025-09-04 22:00:04.536] [DISPLAY] [Main ] [launcher] User 'BBBBZHANG' is now signed in
[2025-09-04 22:00:04.551] [DISPLAY] [Main ] [launcher] Presence Event :: Went Online
[2025-09-04 22:00:04.551] [DISPLAY] [Admin] [titlemanager] Downloading title list...
[2025-09-04 22:00:04.551] [DISPLAY] [Main ] [rline_pc] Handling action 'EnableDownloading' [EventId: 2]
[2025-09-04 22:00:04.551] [DISPLAY] [Main ] [scuicallbacks] Enabling Downloading
[2025-09-04 22:00:04.552] [DISPLAY] [Main ] [ui_window_controller] UiWindowController::SetState: WaitForBrowser -> WaitForWindow
[2025-09-04 22:00:04.552] [DISPLAY] [Main ] [ui_window_controller] UiWindowController::SetState: WaitForWindow -> Active
[2025-09-04 22:00:04.552] [DISPLAY] [Admin] [titlemanager] Downloading title list (SCS)...
[2025-09-04 22:00:04.782] [DISPLAY] [Main ] [launcher] Friend Event - Friends are Available
[2025-09-04 22:00:05.019] [DISPLAY] [Main ] [rline_pc] Handling action 'UpdateSetting' [EventId: 2]
[2025-09-04 22:00:05.019] [DISPLAY] [Main ] [scuicallbacks] Setting updated by frontend
[2025-09-04 22:00:05.019] [DISPLAY] [Main ] [rline_pc] Handling action 'Launch' [EventId: 2]
[2025-09-04 22:00:05.019] [DISPLAY] [Main ] [scuicallbacks] Launch requested: lanoire, , 
[2025-09-04 22:00:05.019] [DISPLAY] [Main ] [scuicallbacks] Launch requested by user: lanoire, default
[2025-09-04 22:00:05.019] [DISPLAY] [Main ] [external] Frontend is ready to launch the title
[2025-09-04 22:00:05.019] [DISPLAY] [Main ] [external] Attempting external title launch...
[2025-09-04 22:00:07.235] [DISPLAY] [Main ] [services] Parsed response from GetApps: 22 title(s), 4 branch(es)
[2025-09-04 22:00:07.249] [DISPLAY] [Admin] [titlemanager] Title list updated.
[2025-09-04 22:00:07.250] [DISPLAY] [Admin] [external] Attempting Steam launch. User is 'CLOUD'
[2025-09-04 22:00:07.259] [DISPLAY] [Main ] [gamelaunch] Begin game launch: lanoire
[2025-09-04 22:00:07.259] [DISPLAY] [Main ] [gamelaunch] Flags: 11
[2025-09-04 22:00:07.259] [DISPLAY] [Main ] [gamelaunch] Path: D:\Games\StemLibrary\steamapps\common\L.A.Noire
[2025-09-04 22:00:07.263] [DISPLAY] [Main ] [telemetrymanager] Secondary platform is set to: 2
[2025-09-04 22:00:07.264] [DISPLAY] [23768] [gamelaunch] Launch Folder: D:\Games\StemLibrary\steamapps\common\L.A.Noire
[2025-09-04 22:00:07.264] [DISPLAY] [23768] [gamelaunch] Launch Path: D:\Games\StemLibrary\steamapps\common\L.A.Noire\LANoire.exe
[2025-09-04 22:00:07.264] [DISPLAY] [23768] [fileutils] Checking version: D:\Games\StemLibrary\steamapps\common\L.A.Noire\LANoire.exe
[2025-09-04 22:00:07.319] [DISPLAY] [Main ] [rline_pc] OnChannelError() - rgsc_ipc_5378_channel_3
[2025-09-04 22:00:07.324] [DISPLAY] [23768] [gamelaunch] Title has no minimum RGL version.
[2025-09-04 22:00:07.324] [DISPLAY] [23768] [gamelaunch] Title has no minimum RGL version.
[2025-09-04 22:00:07.324] [DISPLAY] [23768] [fileutils] Checking version: C:\Program Files\Rockstar Games\Social Club\socialclub.dll
[2025-09-04 22:00:12.467] [DISPLAY] [Admin] [titlemanager] Downloading title list...
[2025-09-04 22:00:12.467] [DISPLAY] [Admin] [titlemanager] Downloading title list (SCS)...
[2025-09-04 22:00:16.461] [DISPLAY] [Main ] [services] Parsed response from GetApps: 22 title(s), 4 branch(es)
[2025-09-04 22:00:16.483] [DISPLAY] [Admin] [titlemanager] Title list updated.
[2025-09-04 22:00:24.002] [DISPLAY] [23768] [gamelaunch] Launching game...
[2025-09-04 22:00:24.002] [DISPLAY] [23768] [gamelaunch]  Path: D:\Games\StemLibrary\steamapps\common\L.A.Noire\LANoire.exe
[2025-09-04 22:00:24.002] [DISPLAY] [23768] [gamelaunch]  Command Line: "D:\Games\StemLibrary\steamapps\common\L.A.Noire\LANoire.exe" -skipPatcherCheck -steamLocation D:\Games\StemLibrary\steamapps\common\L.A.Noire @args.txt -useSteam -steamAppId=110800 -scCommerceProvider=4 @commandline.txt --parentIsLauncher -fromRGL -rglLanguage=zh-CHS
[2025-09-04 22:00:24.002] [DISPLAY] [23768] [gamelaunch]  Working Directory: D:\Games\StemLibrary\steamapps\common\L.A.Noire
[2025-09-04 22:00:27.188] [DISPLAY] [23768] [gamelaunch] Game exited with code 0xc0000005 (3221225477)
[2025-09-04 22:00:27.195] [DISPLAY] [23768] [crashdetection] Game left no exit file.
[2025-09-04 22:00:27.195] [ ERROR ] [23768] [crashdetection] Exit code 0xc0000005 indicates a fatal game exit (reason: STATUS_ACCESS_VIOLATION)
[2025-09-04 22:00:27.195] [ ERROR ] [23768] [gamelaunch] Game did not create a window and exited with code 0xc0000005, which likely indicates a fatal game exit during startup
[2025-09-04 22:00:32.971] [DISPLAY] [23768] [gamelaunch] Launch Folder: D:\Games\StemLibrary\steamapps\common\L.A.Noire
[2025-09-04 22:00:32.971] [DISPLAY] [23768] [gamelaunch] Launch Path: D:\Games\StemLibrary\steamapps\common\L.A.Noire\LANoire.exe
[2025-09-04 22:00:32.971] [DISPLAY] [23768] [fileutils] Checking version: D:\Games\StemLibrary\steamapps\common\L.A.Noire\LANoire.exe
[2025-09-04 22:00:32.973] [DISPLAY] [23768] [gamelaunch] Title has no minimum RGL version.
[2025-09-04 22:00:32.973] [DISPLAY] [23768] [gamelaunch] Title has no minimum RGL version.
[2025-09-04 22:00:32.973] [DISPLAY] [23768] [fileutils] Checking version: C:\Program Files\Rockstar Games\Social Club\socialclub.dll
[2025-09-04 22:00:33.603] [DISPLAY] [Main ] [systemtray] System tray: enabled
[2025-09-04 22:00:44.502] [DISPLAY] [23768] [gamelaunch] Launching game...
[2025-09-04 22:00:44.502] [DISPLAY] [23768] [gamelaunch]  Path: D:\Games\StemLibrary\steamapps\common\L.A.Noire\LANoire.exe
[2025-09-04 22:00:44.502] [DISPLAY] [23768] [gamelaunch]  Command Line: "D:\Games\StemLibrary\steamapps\common\L.A.Noire\LANoire.exe" -skipPatcherCheck -steamLocation D:\Games\StemLibrary\steamapps\common\L.A.Noire @args.txt -useSteam -steamAppId=110800 -scCommerceProvider=4 @commandline.txt --parentIsLauncher -fromRGL -rglLanguage=zh-CHS
[2025-09-04 22:00:44.502] [DISPLAY] [23768] [gamelaunch]  Working Directory: D:\Games\StemLibrary\steamapps\common\L.A.Noire
[2025-09-04 22:00:45.602] [DISPLAY] [Main ] [rline_pc] OnChannelConnected - rgsc_gameinst_0 (remoteProcessId 13644)
[2025-09-04 22:02:17.669] [DISPLAY] [Main ] [rline_pc] OnChannelError() - rgsc_gameinst_0
[2025-09-04 22:02:17.686] [DISPLAY] [Main ] [rline_pc] Closing remote browser window: 2
[2025-09-04 22:02:17.905] [DISPLAY] [23768] [gamelaunch] Game exited with code 0x0 (0)
[2025-09-04 22:02:17.933] [DISPLAY] [23768] [crashdetection] Game left no exit file.
[2025-09-04 22:02:17.933] [DISPLAY] [23768] [crashdetection] Exit code 0x0 indicates a clean game shutdown
[2025-09-04 22:02:21.642] [DISPLAY] [23768] [launcher] Shutdown requested! Forced: false
[2025-09-04 22:02:21.643] [DISPLAY] [Main ] [launcher] StartShutdown - Now in progress
[2025-09-04 22:02:21.768] [WARNING] [Main ] [worker] Not adding job (15) due to thread exiting
[2025-09-04 22:02:21.785] [WARNING] [Main ] [worker] Not adding job (5) due to thread exiting
[2025-09-04 22:02:23.429] [DISPLAY] [Main ] [gamepipemtl] Received command from another instance.
[2025-09-04 22:02:23.429] [DISPLAY] [Main ] [gamepipemtl] Command 4 received, 3 param(s).
[2025-09-04 22:02:23.429] [DISPLAY] [Main ] [gamepipemtl] Param 1: 204100
[2025-09-04 22:02:23.429] [DISPLAY] [Main ] [gamepipemtl] Param 2: D:\Games\StemLibrary\steamapps\common\Max Payne 3\Max Payne 3
[2025-09-04 22:02:23.429] [DISPLAY] [Main ] [gamepipemtl] Param 3: LXNraXBQYXRjaGVyQ2hlY2sgLXN0ZWFtQXBwSWQ9MjA0MTAwIC1zdGVhbUxvY2F0aW9uICJEOlxHYW1lc1xTdGVtTGlicmFyeVxzdGVhbWFwcHNcY29tbW9uXE1heCBQYXluZSAzXE1heCBQYXluZSAzIiBAYXJncy50eHQ=
[2025-09-04 22:02:23.429] [WARNING] [Main ] [external] Ignoring steam Launch Request - Launcher shutdown in process
[2025-09-04 22:02:23.631] [DISPLAY] [Main ] [app] Application quit requested (exit code: 0)
[2025-09-04 22:02:23.658] [DISPLAY] [Main ] [svc] Stopping the background service.
