[2025-09-04 22:02:21.956] [DISPLAY] [Main ] [fileutils] Checking version: C:\Program Files\Rockstar Games\Launcher\Launcher.exe
[2025-09-04 22:02:21.961] [DISPLAY] [Main ] [dx12] Retrieving D3D12 graphics info
[2025-09-04 22:02:22.273] [DISPLAY] [dkspa] [libutil_sysinfo] Drive C:\ has 306.93 GB free, 465.17 GB total
[2025-09-04 22:02:22.273] [DISPLAY] [dkspa] [libutil_sysinfo] Drive D:\ has 84.99 GB free, 3.73 TB total
[2025-09-04 22:02:22.273] [DISPLAY] [Main ] [launcher] Opening log file.
[2025-09-04 22:02:22.276] [WARNING] [Main ] [launcher] Unable to move log file, waiting and trying again...
[2025-09-04 22:02:22.776] [WARNING] [Main ] [launcher] Unable to move log file, waiting and trying again...
[2025-09-04 22:02:23.277] [WARNING] [Main ] [launcher] Couldn't move logfile C:\Users\19654\Documents\Rockstar Games\Launcher\launcher.log!
[2025-09-04 22:02:23.277] [DISPLAY] [Main ] [startupinfo] Command line: "C:\Program Files\Rockstar Games\Launcher\Launcher.exe" -skipPatcherCheck -steamAppId=204100 -steamLocation "D:\Games\StemLibrary\steamapps\common\Max Payne 3\Max Payne 3"  @args.txt
[2025-09-04 22:02:23.277] [DISPLAY] [Main ] [startupinfo] P4 Version: 
[2025-09-04 22:02:23.277] [DISPLAY] [Main ] [startupinfo] RGL Branch: release_03
[2025-09-04 22:02:23.277] [DISPLAY] [Main ] [startupinfo] Version:    1.0.103.2534
[2025-09-04 22:02:23.277] [DISPLAY] [Main ] [startupinfo] Parameters:
[2025-09-04 22:02:23.277] [DISPLAY] [Main ] [startupinfo]     C:\Program Files\Rockstar Games\Launcher\Launcher.exe
[2025-09-04 22:02:23.277] [DISPLAY] [Main ] [startupinfo]     -skipPatcherCheck
[2025-09-04 22:02:23.277] [DISPLAY] [Main ] [startupinfo]     -steamAppId=204100
[2025-09-04 22:02:23.277] [DISPLAY] [Main ] [startupinfo]     -steamLocation
[2025-09-04 22:02:23.277] [DISPLAY] [Main ] [startupinfo]     D:\Games\StemLibrary\steamapps\common\Max Payne 3\Max Payne 3
[2025-09-04 22:02:23.277] [DISPLAY] [Main ] [startupinfo]     @args.txt
[2025-09-04 22:02:23.277] [DISPLAY] [Main ] [startup] Initial Working Directory: D:\Games\StemLibrary\steamapps\common\Max Payne 3\Max Payne 3
[2025-09-04 22:02:23.277] [DISPLAY] [Main ] [startup] Working directory: C:\Program Files\Rockstar Games\Launcher
[2025-09-04 22:02:23.281] [DISPLAY] [Main ] [packfile] Initialize 'Launcher.rpf' - succeeded
[2025-09-04 22:02:23.281] [DISPLAY] [Main ] [localisation] Language updated to: 12
[2025-09-04 22:02:23.317] [DISPLAY] [Main ] [external] Creating Steam min mode launch
[2025-09-04 22:02:23.317] [DISPLAY] [Main ] [external] Steam App Id: 204100
[2025-09-04 22:02:23.317] [DISPLAY] [Main ] [external] Steam Location: D:\Games\StemLibrary\steamapps\common\Max Payne 3\Max Payne 3
[2025-09-04 22:02:23.318] [DISPLAY] [Main ] [metadatamanager] Read external Steam metadata: mp3
[2025-09-04 22:02:23.318] [DISPLAY] [Main ] [external] App: mp3
[2025-09-04 22:02:23.377] [DISPLAY] [Main ] [gamepipemtl] Forwarding commands: "C:\Program Files\Rockstar Games\Launcher\Launcher.exe" -skipPatcherCheck -steamAppId=204100 -steamLocation "D:\Games\StemLibrary\steamapps\common\Max Payne 3\Max Payne 3"  @args.txt
[2025-09-04 22:02:23.377] [DISPLAY] [Main ] [fileutils] Checking version: C:\Program Files\Rockstar Games\Launcher\RockstarSteamHelper.exe
[2025-09-04 22:02:23.377] [DISPLAY] [Main ] [svc] Service version: 1.0.103.2534 (1.0.103.2534)
[2025-09-04 22:02:23.377] [DISPLAY] [Main ] [svc] Starting service (attempt 1 / 0)...
[2025-09-04 22:02:23.516] [DISPLAY] [Main ] [gamepipemtl] Received command from another instance.
[2025-09-04 22:02:23.516] [DISPLAY] [Main ] [gamepipemtl] Command 8 received, 0 param(s).
[2025-09-04 22:02:23.617] [DISPLAY] [Main ] [environment] SetEnvironment: prod
