[2025-09-04 21:56:24.227] [DISPLAY] [Main ] [fileutils] Checking version: C:\Program Files\Rockstar Games\Launcher\Launcher.exe
[2025-09-04 21:56:24.232] [DISPLAY] [Main ] [dx12] Retrieving D3D12 graphics info
[2025-09-04 21:56:24.557] [DISPLAY] [dkspa] [libutil_sysinfo] Drive C:\ has 306.86 GB free, 465.17 GB total
[2025-09-04 21:56:24.557] [DISPLAY] [dkspa] [libutil_sysinfo] Drive D:\ has 84.99 GB free, 3.73 TB total
[2025-09-04 21:56:24.557] [DISPLAY] [Main ] [launcher] Opening log file.
[2025-09-04 21:56:24.560] [DISPLAY] [Main ] [startupinfo] Command line: "C:\Program Files\Rockstar Games\Launcher\Launcher.exe" -skipPatcherCheck -steamAppId=204100 -steamLocation "D:\Games\StemLibrary\steamapps\common\Max Payne 3\Max Payne 3"  @args.txt
[2025-09-04 21:56:24.560] [DISPLAY] [Main ] [startupinfo] P4 Version: 
[2025-09-04 21:56:24.560] [DISPLAY] [Main ] [startupinfo] RGL Branch: release_03
[2025-09-04 21:56:24.560] [DISPLAY] [Main ] [startupinfo] Version:    1.0.103.2534
[2025-09-04 21:56:24.560] [DISPLAY] [Main ] [startupinfo] Parameters:
[2025-09-04 21:56:24.560] [DISPLAY] [Main ] [startupinfo]     C:\Program Files\Rockstar Games\Launcher\Launcher.exe
[2025-09-04 21:56:24.560] [DISPLAY] [Main ] [startupinfo]     -skipPatcherCheck
[2025-09-04 21:56:24.560] [DISPLAY] [Main ] [startupinfo]     -steamAppId=204100
[2025-09-04 21:56:24.560] [DISPLAY] [Main ] [startupinfo]     -steamLocation
[2025-09-04 21:56:24.560] [DISPLAY] [Main ] [startupinfo]     D:\Games\StemLibrary\steamapps\common\Max Payne 3\Max Payne 3
[2025-09-04 21:56:24.560] [DISPLAY] [Main ] [startupinfo]     @args.txt
[2025-09-04 21:56:24.560] [DISPLAY] [Main ] [startup] Initial Working Directory: D:\Games\StemLibrary\steamapps\common\Max Payne 3\Max Payne 3
[2025-09-04 21:56:24.560] [DISPLAY] [Main ] [startup] Working directory: C:\Program Files\Rockstar Games\Launcher
[2025-09-04 21:56:24.564] [DISPLAY] [Main ] [packfile] Initialize 'Launcher.rpf' - succeeded
[2025-09-04 21:56:24.564] [DISPLAY] [Main ] [localisation] Language updated to: 12
[2025-09-04 21:56:24.598] [DISPLAY] [Main ] [external] Creating Steam min mode launch
[2025-09-04 21:56:24.598] [DISPLAY] [Main ] [external] Steam App Id: 204100
[2025-09-04 21:56:24.598] [DISPLAY] [Main ] [external] Steam Location: D:\Games\StemLibrary\steamapps\common\Max Payne 3\Max Payne 3
[2025-09-04 21:56:24.599] [DISPLAY] [Main ] [metadatamanager] Read external Steam metadata: mp3
[2025-09-04 21:56:24.599] [DISPLAY] [Main ] [external] App: mp3
[2025-09-04 21:56:24.607] [DISPLAY] [Main ] [environment] SetEnvironment: prod
[2025-09-04 21:56:24.613] [DISPLAY] [Main ] [subsystem] Init phase 1
[2025-09-04 21:56:24.613] [DISPLAY] [Main ] [fileutils] Checking version: C:\Program Files\Rockstar Games\Launcher\RockstarService.exe
[2025-09-04 21:56:24.614] [DISPLAY] [Main ] [svc] Service version: 1.0.103.2534 (1.0.103.2534)
[2025-09-04 21:56:24.614] [DISPLAY] [Main ] [svc] Starting service (attempt 1 / 3)...
[2025-09-04 21:56:24.617] [DISPLAY] [Main ] [titlestorage] Installed titles:
[2025-09-04 21:56:24.617] [DISPLAY] [Main ] [titlestorage]  Title                             Progress               Version              Location                                                    
[2025-09-04 21:56:24.626] [DISPLAY] [Main ] [fileutils] Checking version: C:\Program Files\Rockstar Games\Social Club\socialclub.dll
[2025-09-04 21:56:24.627] [DISPLAY] [Main ] [subsystem] Initializing group 0...
[2025-09-04 21:56:24.627] [DISPLAY] [Main ] [subsystem] Init phase 2
[2025-09-04 21:56:24.627] [DISPLAY] [Main ] [subsystem] Starting systems...
[2025-09-04 21:56:24.686] [DISPLAY] [Main ] [steam_api] SetSteamLanguage(schinese) = 12
[2025-09-04 21:56:24.686] [DISPLAY] [Main ] [minmode] Overriding language from external game launch: zh-CHS
[2025-09-04 21:56:24.686] [DISPLAY] [Main ] [localisation] Language updated to: 12
[2025-09-04 21:56:24.686] [DISPLAY] [Main ] [subsystem] Starting diag...
[2025-09-04 21:56:24.686] [DISPLAY] [Main ] [fileutils] Checking local versions...
[2025-09-04 21:56:24.686] [DISPLAY] [Main ] [fileutils] Checking version: C:\Program Files\Rockstar Games\Social Club\socialclub.dll
[2025-09-04 21:56:24.686] [DISPLAY] [Main ] [fileutils] Checking RGL version...
[2025-09-04 21:56:24.686] [DISPLAY] [Main ] [fileutils] Version: 2.4.0.101 | 1.0.103.2534 | FFP
[2025-09-04 21:56:24.686] [DISPLAY] [Main ] [subsystem] Starting net...
[2025-09-04 21:56:24.694] [DISPLAY] [Main ] [subsystem] Assigning pools...
[2025-09-04 21:56:24.694] [DISPLAY] [Main ] [subsystem] Initializing engine...
[2025-09-04 21:56:24.695] [DISPLAY] [Main ] [subsystem] Initializing group 1...
[2025-09-04 21:56:24.703] [DISPLAY] [Workr] [selfupdate] Up-to-date.
[2025-09-04 21:56:24.885] [DISPLAY] [Main ] [systemtray] System tray: enabled
[2025-09-04 21:56:24.894] [DISPLAY] [Main ] [launcher] Passed check: majorVersion(10.0.22631) >= 10
[2025-09-04 21:56:25.371] [DISPLAY] [bgsvc] [svc] Received response from service.
[2025-09-04 21:56:25.389] [DISPLAY] [Workr] [idownloader] Starting download of 'https://gamedownloads-rockstargames-com.akamaized.net/public/launcher_online_config.xml'
[2025-09-04 21:56:26.430] [DISPLAY] [Workr] [idownloader] Completed download of 'https://gamedownloads-rockstargames-com.akamaized.net/public/launcher_online_config.xml' (status: 0/200)
[2025-09-04 21:56:26.430] [DISPLAY] [Workr] [startup] Skipping DLL preload.
[2025-09-04 21:56:26.430] [DISPLAY] [Workr] [titlemanager] Downloading title list...
[2025-09-04 21:56:26.430] [DISPLAY] [Workr] [titlemanager] Downloading default title list (SCS)...
[2025-09-04 21:56:26.430] [DISPLAY] [Workr] [idownloader] Starting download of 'https://rgl-prod.ros.rockstargames.com/launcher/11/LauncherServices/App.asmx/GetDefaultApps?accessToken='
[2025-09-04 21:56:27.825] [DISPLAY] [Workr] [idownloader] Completed download of 'https://rgl-prod.ros.rockstargames.com/launcher/11/LauncherServices/App.asmx/GetDefaultApps?accessToken=' (status: 0/200)
[2025-09-04 21:56:27.825] [DISPLAY] [Workr] [services] Obtained NA-BAT
[2025-09-04 21:56:27.825] [DISPLAY] [Workr] [services] Parsed response from GetDefaultApps: 1 title(s), 1 branch(es)
[2025-09-04 21:56:27.825] [DISPLAY] [Workr] [titlemanager] Retrieved default title: launcher
[2025-09-04 21:56:27.825] [DISPLAY] [Workr] [titlemanager] Launcher tokens: BAT: false, NA-BAT: true
[2025-09-04 21:56:27.825] [DISPLAY] [Workr] [titlemanager] Title list updated.
[2025-09-04 21:56:27.825] [DISPLAY] [Workr] [launcher] Checking for self-update...
[2025-09-04 21:56:27.832] [DISPLAY] [Workr] [titleupdater] Doing chunk checks for launcher...
[2025-09-04 21:56:27.834] [DISPLAY] [Workr] [titleupdater] Checked 61 chunk(s), 0 were empty, skipped 0 chunk(s) and 0 file(s)
[2025-09-04 21:56:27.834] [DISPLAY] [Workr] [statuschecker] Title Rockstar Games Launcher: No update
[2025-09-04 21:56:27.838] [DISPLAY] [Workr] [launcher] No self-update, continuing.
[2025-09-04 21:56:27.838] [DISPLAY] [Workr] [launcher] Checking for prerequisite updates...
[2025-09-04 21:56:27.839] [DISPLAY] [Workr] [fileutils] Checking version: C:\Program Files\Rockstar Games\Social Club\socialclub.dll
[2025-09-04 21:56:27.839] [DISPLAY] [Workr] [fileutils] Checking version: C:\Program Files\Rockstar Games\Launcher\Redistributables\SocialClub\Social-Club-Setup.exe
[2025-09-04 21:56:27.840] [DISPLAY] [Workr] [preqmanager] The Social Club version available matches that currently installed (both: 2.4.0.101)
[2025-09-04 21:56:27.840] [DISPLAY] [Workr] [titleupdater] No prerequisites to install.
[2025-09-04 21:56:27.840] [DISPLAY] [Workr] [launcher] Checking minimum SDK requirement
[2025-09-04 21:56:27.840] [DISPLAY] [Workr] [fileutils] Checking version: C:\Program Files\Rockstar Games\Social Club\socialclub.dll
[2025-09-04 21:56:27.888] [DISPLAY] [Workr] [launcher] Completed Pre-initialization tasks
[2025-09-04 21:56:27.893] [DISPLAY] [Main ] [subsystem] Init phase 3
[2025-09-04 21:56:27.893] [DISPLAY] [Main ] [subsystem] RGL Offline Assets path: C:\Program Files\Rockstar Games\Launcher\offline.pak
[2025-09-04 21:56:27.893] [DISPLAY] [Main ] [subsystem] Intializing connection manager.
[2025-09-04 21:56:27.893] [DISPLAY] [Main ] [subsystem] Initializing RAGE networking.
[2025-09-04 21:56:27.947] [DISPLAY] [Main ] [rline_pc] Thu Sep  4 21:56:27 2025
[2025-09-04 21:56:27.947] [DISPLAY] [Main ] [rline_pc] File System Initialized
[2025-09-04 21:56:27.948] [DISPLAY] [Main ] [rline_pc] Version Info: 2.4.0.101
[2025-09-04 21:56:27.948] [DISPLAY] [Main ] [rline_pc] JSON Interface initialized
[2025-09-04 21:56:27.948] [DISPLAY] [Main ] [rline_pc] Internet manager initialized
[2025-09-04 21:56:27.948] [DISPLAY] [Main ] [rline_pc] Social Club Data initialized
[2025-09-04 21:56:27.948] [DISPLAY] [Main ] [rline_pc] Metadata initialized
[2025-09-04 21:56:27.948] [DISPLAY] [Main ] [rline_pc] Achievement Manager initialized
[2025-09-04 21:56:27.948] [DISPLAY] [Main ] [rline_pc] Player Manager initialized
[2025-09-04 21:56:27.948] [DISPLAY] [Main ] [rline_pc] Gamer Pic Manager initialized
[2025-09-04 21:56:27.948] [DISPLAY] [Main ] [rline_pc] Profile Manager initialized
[2025-09-04 21:56:27.948] [DISPLAY] [Main ] [rline_pc] Presence Manager initialized
[2025-09-04 21:56:27.948] [DISPLAY] [Main ] [rline_pc] Commerce Manager initialized
[2025-09-04 21:56:27.948] [DISPLAY] [Main ] [rline_pc] Task Manager initialized
[2025-09-04 21:56:27.948] [DISPLAY] [Main ] [rline_pc] Telemetry Manager initialized
[2025-09-04 21:56:27.948] [DISPLAY] [Main ] [rline_pc] Network interface initialized
[2025-09-04 21:56:27.948] [DISPLAY] [Main ] [rline_pc] Cloud Saves interface initialized
[2025-09-04 21:56:27.948] [DISPLAY] [Main ] [rline_pc] Multi-Factor Authentication initialized
[2025-09-04 21:56:27.949] [DISPLAY] [Main ] [rline_pc] Profanity filter initialized
[2025-09-04 21:56:27.949] [DISPLAY] [Main ] [rline_pc] Game Intent Manager initialized
[2025-09-04 21:56:27.949] [DISPLAY] [Main ] [rline_pc] Launcher interface initialized
[2025-09-04 21:56:27.950] [DISPLAY] [Main ] [rline_pc] Game/Launcher IPC initialized: 0
[2025-09-04 21:56:27.950] [DISPLAY] [Main ] [rline_pc] Validating CEF directory: C:\Program Files\Rockstar Games\Social Club\
[2025-09-04 21:56:27.953] [DISPLAY] [Main ] [rline_pc] Validating Social Club dependency versions: 
[2025-09-04 21:56:27.953] [DISPLAY] [Main ] [rline_pc]  Social Club DLL (C:\Program Files\Rockstar Games\Social Club\socialclub.dll) - 2.4.0.101
[2025-09-04 21:56:27.953] [DISPLAY] [Main ] [rline_pc]  Social Club Helper (C:\Program Files\Rockstar Games\Social Club\SocialClubHelper.exe) - 2.4.0.101
[2025-09-04 21:56:27.953] [DISPLAY] [Main ] [rline_pc]  Vulkan Renderer Layer (C:\Program Files\Rockstar Games\Social Club\SocialClubVulkanLayer.dll) - 2.4.0.101
[2025-09-04 21:56:27.953] [DISPLAY] [Main ] [rline_pc]  D3D12 Renderer DLL (C:\Program Files\Rockstar Games\Social Club\SocialClubD3D12Renderer.dll) - 2.4.0.101
[2025-09-04 21:56:27.953] [DISPLAY] [Main ] [rline_pc]  Chromium Embedded Framework (C:\Program Files\Rockstar Games\Social Club\libcef.dll) - 109.1.18.0
[2025-09-04 21:56:27.953] [DISPLAY] [Main ] [rline_pc]  RGSC-Query Version: 0.0.0-development
[2025-09-04 21:56:27.954] [DISPLAY] [Main ] [rline_pc] SDK fully initialized
[2025-09-04 21:56:27.954] [DISPLAY] [Main ] [rline_pc] Setting Social Club UI scaling to 1.00
[2025-09-04 21:56:27.954] [DISPLAY] [Main ] [rline_pc] Social Club UI - Entering State: 'WAIT_BROWSER_WINDOW'
[2025-09-04 21:56:27.954] [DISPLAY] [Main ] [subsystem] Initializing group 2...
[2025-09-04 21:56:27.962] [DISPLAY] [Workr] [libutil_sysinfo] Drive C:\ has 306.86 GB free, 465.17 GB total
[2025-09-04 21:56:27.962] [DISPLAY] [Workr] [libutil_sysinfo] Drive D:\ has 84.99 GB free, 3.73 TB total
[2025-09-04 21:56:27.965] [DISPLAY] [Main ] [rline_pc] UpdateConnectionState :: Connection state changed from offline to online
[2025-09-04 21:56:27.965] [DISPLAY] [Main ] [rline_pc] OnChannelError() - rgsc_launcher_0
[2025-09-04 21:56:27.997] [DISPLAY] [Main ] [rline_pc] OnChannelConnected - rgsc_ipc_1204_channel_0 (remoteProcessId 13616)
[2025-09-04 21:56:28.001] [DISPLAY] [Main ] [rline_pc] Browser subprocess running and connected
[2025-09-04 21:56:28.041] [DISPLAY] [Workr] [dx12] Retrieving D3D12 graphics info
[2025-09-04 21:56:28.136] [DISPLAY] [Main ] [rline_pc] Social Club UI - Entering State: 'LOADING'
[2025-09-04 21:56:28.136] [DISPLAY] [Main ] [rline_pc] RgscUi::LoadUrl() called with url 'https://rgl.rockstargames.com/launcher'
[2025-09-04 21:56:28.136] [DISPLAY] [Main ] [rline_pc] CreateIpcChannel returning channel name: rgsc_ipc_1204_channel_1
[2025-09-04 21:56:28.136] [DISPLAY] [Main ] [rline_pc] Social Club UI - Entering State: 'WAITING_FOR_PAGE_LOAD'
[2025-09-04 21:56:28.169] [DISPLAY] [Workr] [sysinfo] System Configuration: 
 CPU Info:
  ID: Intel64 Family 6 Model 141 Stepping 1
  Name: 11th Gen Intel(R) Core(TM) i7-11800H @ 2.30GHz
  Clock Speed: 2.30 GHZ
  Physical Cores: 8
  Logical Cores: 16
  SSE 4.1: enabled
  SSE 4.2: enabled

 Disk 0 (C:\)
  Disk Type: NVMe
  Bytes Free: 329487720448
  Bytes Total: 499475054592

 Disk 1 (D:\)
  Disk Type: NVMe
  Bytes Free: 91258859520
  Bytes Total: 4096797061120

Memory Info:
 17179869184 B
 16 GB

 GPU 0
  Description: NVIDIA GeForce RTX 3070 Laptop GPU
  Capacity (Bytes): 8409579520
  Display Capacity: 8.0 GB
[2025-09-04 21:56:33.996] [DISPLAY] [Main ] [rline_pc] OnChannelConnected - rgsc_ipc_1204_channel_1 (remoteProcessId 24800)
[2025-09-04 21:56:34.047] [DISPLAY] [Main ] [launcher] Social Club UI has started.
[2025-09-04 21:56:34.047] [DISPLAY] [Main ] [fileutils] Checking version: C:\Program Files\Rockstar Games\Social Club\socialclub.dll
[2025-09-04 21:56:34.047] [DISPLAY] [Admin] [external] Setting up steam title: mp3
[2025-09-04 21:56:34.048] [DISPLAY] [Admin] [external] Successfully setup title
[2025-09-04 21:56:34.065] [DISPLAY] [Main ] [external] Client is ready to attempt a launch.
[2025-09-04 21:56:34.065] [DISPLAY] [Main ] [external] Frontend is ready to launch the title
[2025-09-04 21:56:34.437] [DISPLAY] [Main ] [rline_pc] Social Club UI - Entering State: 'WAITING_FOR_PAGE_READY'
[2025-09-04 21:56:34.454] [DISPLAY] [Main ] [rline_pc] Handling action 'ScuiVersion' [EventId: 4]
[2025-09-04 21:56:34.523] [DISPLAY] [Main ] [rline_pc] Handling action 'Geo' [EventId: 4]
[2025-09-04 21:56:34.523] [DISPLAY] [Main ] [rline_pc] Handling action 'ExternIP' [EventId: 4]
[2025-09-04 21:56:34.557] [DISPLAY] [Main ] [rline_pc] Social Club UI - Entering State: 'PAGE_READY'
[2025-09-04 21:56:34.557] [DISPLAY] [Main ] [rline_pc] Social Club UI - Entering State: 'START_SIGN_IN'
[2025-09-04 21:56:34.574] [DISPLAY] [Main ] [rline_pc] Social Club UI - Entering State: 'FINISHED'
[2025-09-04 21:56:34.574] [DISPLAY] [Main ] [rline_pc] Finished loading Social Club UI
[2025-09-04 21:56:34.574] [DISPLAY] [Main ] [launcher] Time to start up: 10388 ms
[2025-09-04 21:56:34.577] [DISPLAY] [Main ] [systemtray] System tray: enabled
[2025-09-04 21:56:34.612] [DISPLAY] [Main ] [ui_window_controller] UiWindowController::SetContext: Invalid -> Auth
[2025-09-04 21:56:34.612] [DISPLAY] [Main ] [ui_window_controller] UiWindowController::SetState: Invalid -> WaitForBrowser
[2025-09-04 21:56:34.641] [DISPLAY] [Main ] [ui_window_controller] UiWindowController::SetState: WaitForBrowser -> WaitForWindow
[2025-09-04 21:56:36.351] [DISPLAY] [Main ] [rline_pc] CreateIpcChannel returning channel name: rgsc_ipc_1204_channel_2
[2025-09-04 21:56:36.368] [DISPLAY] [Main ] [rline_pc] OnChannelConnected - rgsc_ipc_1204_channel_2 (remoteProcessId 4484)
[2025-09-04 21:56:54.651] [DISPLAY] [Main ] [ui_window_controller] OnScAuthError with fatal error invoked
[2025-09-04 21:56:54.651] [DISPLAY] [Main ] [ui_window_controller] UiWindowController::SetState: WaitForWindow -> FatalError
[2025-09-04 21:56:54.651] [ ERROR ] [Main ] [ui_window_controller] Handling error in window controller
[2025-09-04 21:56:54.651] [DISPLAY] [Main ] [ui_window_controller] UiWindowController::SetState: FatalError -> HandlingFatalError
[2025-09-04 21:56:54.708] [DISPLAY] [Main ] [rline_pc] OnChannelError() - rgsc_ipc_1204_channel_2
[2025-09-04 21:57:01.461] [DISPLAY] [Main ] [ui_window_controller] User selected retry - reloading window
[2025-09-04 21:57:01.461] [DISPLAY] [Main ] [ui_window_controller] UiWindowController::SetState: HandlingFatalError -> WaitForBrowser
[2025-09-04 21:57:01.478] [DISPLAY] [Main ] [ui_window_controller] UiWindowController::SetState: WaitForBrowser -> WaitForWindow
[2025-09-04 21:57:01.884] [DISPLAY] [Main ] [rline_pc] CreateIpcChannel returning channel name: rgsc_ipc_1204_channel_3
[2025-09-04 21:57:01.901] [DISPLAY] [Main ] [rline_pc] OnChannelConnected - rgsc_ipc_1204_channel_3 (remoteProcessId 15712)
[2025-09-04 21:57:14.683] [DISPLAY] [Main ] [ui_window_controller] OnScAuthError with fatal error invoked
[2025-09-04 21:57:14.683] [DISPLAY] [Main ] [ui_window_controller] UiWindowController::SetState: WaitForWindow -> FatalError
[2025-09-04 21:57:14.683] [ ERROR ] [Main ] [ui_window_controller] Handling error in window controller
[2025-09-04 21:57:14.708] [DISPLAY] [Main ] [ui_window_controller] UiWindowController::SetState: FatalError -> HandlingFatalError
[2025-09-04 21:57:14.729] [DISPLAY] [Main ] [rline_pc] OnChannelError() - rgsc_ipc_1204_channel_3
[2025-09-04 21:58:21.216] [DISPLAY] [Main ] [ui_window_controller] User selected retry - reloading window
[2025-09-04 21:58:21.217] [DISPLAY] [Main ] [ui_window_controller] UiWindowController::SetState: HandlingFatalError -> WaitForBrowser
[2025-09-04 21:58:21.233] [DISPLAY] [Main ] [ui_window_controller] OnScAuthError with fatal error invoked
[2025-09-04 21:58:21.233] [DISPLAY] [Main ] [ui_window_controller] UiWindowController::SetState: WaitForBrowser -> FatalError
[2025-09-04 21:58:21.233] [ ERROR ] [Main ] [ui_window_controller] Handling error in window controller
[2025-09-04 21:58:21.233] [DISPLAY] [Main ] [ui_window_controller] UiWindowController::SetState: FatalError -> HandlingFatalError
[2025-09-04 21:58:21.953] [DISPLAY] [Main ] [ui_window_controller] User selected retry - reloading window
[2025-09-04 21:58:21.953] [DISPLAY] [Main ] [ui_window_controller] UiWindowController::SetState: HandlingFatalError -> WaitForBrowser
[2025-09-04 21:58:21.970] [DISPLAY] [Main ] [ui_window_controller] UiWindowController::SetState: WaitForBrowser -> WaitForWindow
[2025-09-04 21:58:25.164] [DISPLAY] [Main ] [rline_pc] CreateIpcChannel returning channel name: rgsc_ipc_1204_channel_4
[2025-09-04 21:58:25.181] [DISPLAY] [Main ] [rline_pc] OnChannelConnected - rgsc_ipc_1204_channel_4 (remoteProcessId 18888)
[2025-09-04 21:58:29.925] [DISPLAY] [Main ] [launcher] Shutdown requested! Forced: false
[2025-09-04 21:58:29.926] [DISPLAY] [Main ] [launcher] StartShutdown - Now in progress
[2025-09-04 21:58:30.055] [DISPLAY] [Main ] [svc] Stopping the background service.
[2025-09-04 21:58:30.055] [DISPLAY] [Main ] [rline_pc] OnChannelError() - rgsc_ipc_1204_channel_4
[2025-09-04 21:58:30.073] [DISPLAY] [Main ] [app] Application quit requested (exit code: 0)
[2025-09-04 21:58:30.076] [WARNING] [bgsvc] [svc_transactionqueue] Rejecting transaction.
[2025-09-04 21:58:30.111] [DISPLAY] [Main ] [svc] Stopping the background service.
