[2025-09-04 22:02:49.295] [DISPLAY] [Main ] [fileutils] Checking version: C:\Program Files\Rockstar Games\Launcher\Launcher.exe
[2025-09-04 22:02:49.299] [DISPLAY] [Main ] [dx12] Retrieving D3D12 graphics info
[2025-09-04 22:02:49.609] [DISPLAY] [dkspa] [libutil_sysinfo] Drive C:\ has 306.92 GB free, 465.17 GB total
[2025-09-04 22:02:49.609] [DISPLAY] [Main ] [launcher] Opening log file.
[2025-09-04 22:02:49.610] [DISPLAY] [dkspa] [libutil_sysinfo] Drive D:\ has 84.99 GB free, 3.73 TB total
[2025-09-04 22:02:49.612] [DISPLAY] [Main ] [startupinfo] Command line: "C:\Program Files\Rockstar Games\Launcher\Launcher.exe" -skipPatcherCheck -steamAppId=204100 -steamLocation "D:\Games\StemLibrary\steamapps\common\Max Payne 3\Max Payne 3"  @args.txt
[2025-09-04 22:02:49.612] [DISPLAY] [Main ] [startupinfo] P4 Version: 
[2025-09-04 22:02:49.612] [DISPLAY] [Main ] [startupinfo] RGL Branch: release_03
[2025-09-04 22:02:49.612] [DISPLAY] [Main ] [startupinfo] Version:    1.0.103.2534
[2025-09-04 22:02:49.612] [DISPLAY] [Main ] [startupinfo] Parameters:
[2025-09-04 22:02:49.612] [DISPLAY] [Main ] [startupinfo]     C:\Program Files\Rockstar Games\Launcher\Launcher.exe
[2025-09-04 22:02:49.612] [DISPLAY] [Main ] [startupinfo]     -skipPatcherCheck
[2025-09-04 22:02:49.612] [DISPLAY] [Main ] [startupinfo]     -steamAppId=204100
[2025-09-04 22:02:49.612] [DISPLAY] [Main ] [startupinfo]     -steamLocation
[2025-09-04 22:02:49.612] [DISPLAY] [Main ] [startupinfo]     D:\Games\StemLibrary\steamapps\common\Max Payne 3\Max Payne 3
[2025-09-04 22:02:49.612] [DISPLAY] [Main ] [startupinfo]     @args.txt
[2025-09-04 22:02:49.612] [DISPLAY] [Main ] [startup] Initial Working Directory: D:\Games\StemLibrary\steamapps\common\Max Payne 3\Max Payne 3
[2025-09-04 22:02:49.612] [DISPLAY] [Main ] [startup] Working directory: C:\Program Files\Rockstar Games\Launcher
[2025-09-04 22:02:49.616] [DISPLAY] [Main ] [packfile] Initialize 'Launcher.rpf' - succeeded
[2025-09-04 22:02:49.616] [DISPLAY] [Main ] [localisation] Language updated to: 12
[2025-09-04 22:02:49.650] [DISPLAY] [Main ] [external] Creating Steam min mode launch
[2025-09-04 22:02:49.650] [DISPLAY] [Main ] [external] Steam App Id: 204100
[2025-09-04 22:02:49.650] [DISPLAY] [Main ] [external] Steam Location: D:\Games\StemLibrary\steamapps\common\Max Payne 3\Max Payne 3
[2025-09-04 22:02:49.651] [DISPLAY] [Main ] [metadatamanager] Read external Steam metadata: mp3
[2025-09-04 22:02:49.651] [DISPLAY] [Main ] [external] App: mp3
[2025-09-04 22:02:49.659] [DISPLAY] [Main ] [environment] SetEnvironment: prod
[2025-09-04 22:02:49.665] [DISPLAY] [Main ] [subsystem] Init phase 1
[2025-09-04 22:02:49.665] [DISPLAY] [Main ] [fileutils] Checking version: C:\Program Files\Rockstar Games\Launcher\RockstarService.exe
[2025-09-04 22:02:49.666] [DISPLAY] [Main ] [svc] Service version: 1.0.103.2534 (1.0.103.2534)
[2025-09-04 22:02:49.666] [DISPLAY] [Main ] [svc] Starting service (attempt 1 / 3)...
[2025-09-04 22:02:49.670] [DISPLAY] [Main ] [titlestorage] Installed titles:
[2025-09-04 22:02:49.670] [DISPLAY] [Main ] [titlestorage]  Title                             Progress               Version              Location                                                    
[2025-09-04 22:02:49.680] [DISPLAY] [Main ] [fileutils] Checking version: C:\Program Files\Rockstar Games\Social Club\socialclub.dll
[2025-09-04 22:02:49.682] [DISPLAY] [Main ] [subsystem] Initializing group 0...
[2025-09-04 22:02:49.682] [DISPLAY] [Main ] [subsystem] Init phase 2
[2025-09-04 22:02:49.682] [DISPLAY] [Main ] [subsystem] Starting systems...
[2025-09-04 22:02:49.745] [DISPLAY] [Main ] [steam_api] SetSteamLanguage(schinese) = 12
[2025-09-04 22:02:49.745] [DISPLAY] [Main ] [minmode] Overriding language from external game launch: zh-CHS
[2025-09-04 22:02:49.745] [DISPLAY] [Main ] [localisation] Language updated to: 12
[2025-09-04 22:02:49.745] [DISPLAY] [Main ] [subsystem] Starting diag...
[2025-09-04 22:02:49.745] [DISPLAY] [Main ] [fileutils] Checking local versions...
[2025-09-04 22:02:49.745] [DISPLAY] [Main ] [fileutils] Checking version: C:\Program Files\Rockstar Games\Social Club\socialclub.dll
[2025-09-04 22:02:49.746] [DISPLAY] [Main ] [fileutils] Checking RGL version...
[2025-09-04 22:02:49.746] [DISPLAY] [Main ] [fileutils] Version: 2.4.0.101 | 1.0.103.2534 | FFP
[2025-09-04 22:02:49.746] [DISPLAY] [Main ] [subsystem] Starting net...
[2025-09-04 22:02:49.753] [DISPLAY] [Main ] [subsystem] Assigning pools...
[2025-09-04 22:02:49.753] [DISPLAY] [Main ] [subsystem] Initializing engine...
[2025-09-04 22:02:49.754] [DISPLAY] [Main ] [subsystem] Initializing group 1...
[2025-09-04 22:02:49.762] [DISPLAY] [Workr] [selfupdate] Up-to-date.
[2025-09-04 22:02:49.935] [DISPLAY] [Main ] [systemtray] System tray: enabled
[2025-09-04 22:02:49.945] [DISPLAY] [Main ] [launcher] Passed check: majorVersion(10.0.22631) >= 10
[2025-09-04 22:02:50.410] [DISPLAY] [bgsvc] [svc] Received response from service.
[2025-09-04 22:02:50.456] [DISPLAY] [Workr] [idownloader] Starting download of 'https://gamedownloads-rockstargames-com.akamaized.net/public/launcher_online_config.xml'
[2025-09-04 22:02:51.576] [DISPLAY] [Workr] [idownloader] Completed download of 'https://gamedownloads-rockstargames-com.akamaized.net/public/launcher_online_config.xml' (status: 0/200)
[2025-09-04 22:02:51.576] [DISPLAY] [Workr] [startup] Skipping DLL preload.
[2025-09-04 22:02:51.577] [DISPLAY] [Workr] [titlemanager] Downloading title list...
[2025-09-04 22:02:51.577] [DISPLAY] [Workr] [titlemanager] Downloading default title list (SCS)...
[2025-09-04 22:02:51.577] [DISPLAY] [Workr] [idownloader] Starting download of 'https://rgl-prod.ros.rockstargames.com/launcher/11/LauncherServices/App.asmx/GetDefaultApps?accessToken='
[2025-09-04 22:02:53.621] [DISPLAY] [Workr] [idownloader] Completed download of 'https://rgl-prod.ros.rockstargames.com/launcher/11/LauncherServices/App.asmx/GetDefaultApps?accessToken=' (status: 0/200)
[2025-09-04 22:02:53.621] [DISPLAY] [Workr] [services] Obtained NA-BAT
[2025-09-04 22:02:53.621] [DISPLAY] [Workr] [services] Parsed response from GetDefaultApps: 1 title(s), 1 branch(es)
[2025-09-04 22:02:53.621] [DISPLAY] [Workr] [titlemanager] Retrieved default title: launcher
[2025-09-04 22:02:53.621] [DISPLAY] [Workr] [titlemanager] Launcher tokens: BAT: false, NA-BAT: true
[2025-09-04 22:02:53.621] [DISPLAY] [Workr] [titlemanager] Title list updated.
[2025-09-04 22:02:53.621] [DISPLAY] [Workr] [launcher] Checking for self-update...
[2025-09-04 22:02:53.628] [DISPLAY] [Workr] [titleupdater] Doing chunk checks for launcher...
[2025-09-04 22:02:53.630] [DISPLAY] [Workr] [titleupdater] Checked 61 chunk(s), 0 were empty, skipped 0 chunk(s) and 0 file(s)
[2025-09-04 22:02:53.630] [DISPLAY] [Workr] [statuschecker] Title Rockstar Games Launcher: No update
[2025-09-04 22:02:53.634] [DISPLAY] [Workr] [launcher] No self-update, continuing.
[2025-09-04 22:02:53.634] [DISPLAY] [Workr] [launcher] Checking for prerequisite updates...
[2025-09-04 22:02:53.634] [DISPLAY] [Workr] [fileutils] Checking version: C:\Program Files\Rockstar Games\Social Club\socialclub.dll
[2025-09-04 22:02:53.635] [DISPLAY] [Workr] [fileutils] Checking version: C:\Program Files\Rockstar Games\Launcher\Redistributables\SocialClub\Social-Club-Setup.exe
[2025-09-04 22:02:53.636] [DISPLAY] [Workr] [preqmanager] The Social Club version available matches that currently installed (both: 2.4.0.101)
[2025-09-04 22:02:53.636] [DISPLAY] [Workr] [titleupdater] No prerequisites to install.
[2025-09-04 22:02:53.636] [DISPLAY] [Workr] [launcher] Checking minimum SDK requirement
[2025-09-04 22:02:53.636] [DISPLAY] [Workr] [fileutils] Checking version: C:\Program Files\Rockstar Games\Social Club\socialclub.dll
[2025-09-04 22:02:53.713] [DISPLAY] [Workr] [launcher] Completed Pre-initialization tasks
[2025-09-04 22:02:53.717] [DISPLAY] [Main ] [subsystem] Init phase 3
[2025-09-04 22:02:53.717] [DISPLAY] [Main ] [subsystem] RGL Offline Assets path: C:\Program Files\Rockstar Games\Launcher\offline.pak
[2025-09-04 22:02:53.717] [DISPLAY] [Main ] [subsystem] Intializing connection manager.
[2025-09-04 22:02:53.717] [DISPLAY] [Main ] [subsystem] Initializing RAGE networking.
[2025-09-04 22:02:53.774] [DISPLAY] [Main ] [rline_pc] Thu Sep  4 22:02:53 2025
[2025-09-04 22:02:53.774] [DISPLAY] [Main ] [rline_pc] File System Initialized
[2025-09-04 22:02:53.774] [DISPLAY] [Main ] [rline_pc] Version Info: 2.4.0.101
[2025-09-04 22:02:53.774] [DISPLAY] [Main ] [rline_pc] JSON Interface initialized
[2025-09-04 22:02:53.774] [DISPLAY] [Main ] [rline_pc] Internet manager initialized
[2025-09-04 22:02:53.774] [DISPLAY] [Main ] [rline_pc] Social Club Data initialized
[2025-09-04 22:02:53.774] [DISPLAY] [Main ] [rline_pc] Metadata initialized
[2025-09-04 22:02:53.775] [DISPLAY] [Main ] [rline_pc] Achievement Manager initialized
[2025-09-04 22:02:53.775] [DISPLAY] [Main ] [rline_pc] Player Manager initialized
[2025-09-04 22:02:53.775] [DISPLAY] [Main ] [rline_pc] Gamer Pic Manager initialized
[2025-09-04 22:02:53.775] [DISPLAY] [Main ] [rline_pc] Profile Manager initialized
[2025-09-04 22:02:53.775] [DISPLAY] [Main ] [rline_pc] Presence Manager initialized
[2025-09-04 22:02:53.775] [DISPLAY] [Main ] [rline_pc] Commerce Manager initialized
[2025-09-04 22:02:53.775] [DISPLAY] [Main ] [rline_pc] Task Manager initialized
[2025-09-04 22:02:53.775] [DISPLAY] [Main ] [rline_pc] Telemetry Manager initialized
[2025-09-04 22:02:53.775] [DISPLAY] [Main ] [rline_pc] Network interface initialized
[2025-09-04 22:02:53.775] [DISPLAY] [Main ] [rline_pc] Cloud Saves interface initialized
[2025-09-04 22:02:53.775] [DISPLAY] [Main ] [rline_pc] Multi-Factor Authentication initialized
[2025-09-04 22:02:53.776] [DISPLAY] [Main ] [rline_pc] Profanity filter initialized
[2025-09-04 22:02:53.776] [DISPLAY] [Main ] [rline_pc] Game Intent Manager initialized
[2025-09-04 22:02:53.776] [DISPLAY] [Main ] [rline_pc] Launcher interface initialized
[2025-09-04 22:02:53.776] [DISPLAY] [Main ] [rline_pc] Game/Launcher IPC initialized: 0
[2025-09-04 22:02:53.776] [DISPLAY] [Main ] [rline_pc] Validating CEF directory: C:\Program Files\Rockstar Games\Social Club\
[2025-09-04 22:02:53.779] [DISPLAY] [Main ] [rline_pc] Validating Social Club dependency versions: 
[2025-09-04 22:02:53.779] [DISPLAY] [Main ] [rline_pc]  Social Club DLL (C:\Program Files\Rockstar Games\Social Club\socialclub.dll) - 2.4.0.101
[2025-09-04 22:02:53.779] [DISPLAY] [Main ] [rline_pc]  Social Club Helper (C:\Program Files\Rockstar Games\Social Club\SocialClubHelper.exe) - 2.4.0.101
[2025-09-04 22:02:53.779] [DISPLAY] [Main ] [rline_pc]  Vulkan Renderer Layer (C:\Program Files\Rockstar Games\Social Club\SocialClubVulkanLayer.dll) - 2.4.0.101
[2025-09-04 22:02:53.779] [DISPLAY] [Main ] [rline_pc]  D3D12 Renderer DLL (C:\Program Files\Rockstar Games\Social Club\SocialClubD3D12Renderer.dll) - 2.4.0.101
[2025-09-04 22:02:53.779] [DISPLAY] [Main ] [rline_pc]  Chromium Embedded Framework (C:\Program Files\Rockstar Games\Social Club\libcef.dll) - 109.1.18.0
[2025-09-04 22:02:53.779] [DISPLAY] [Main ] [rline_pc]  RGSC-Query Version: 0.0.0-development
[2025-09-04 22:02:53.780] [DISPLAY] [Main ] [rline_pc] SDK fully initialized
[2025-09-04 22:02:53.780] [DISPLAY] [Main ] [rline_pc] Setting Social Club UI scaling to 1.00
[2025-09-04 22:02:53.781] [DISPLAY] [Main ] [rline_pc] Social Club UI - Entering State: 'WAIT_BROWSER_WINDOW'
[2025-09-04 22:02:53.781] [DISPLAY] [Main ] [subsystem] Initializing group 2...
[2025-09-04 22:02:53.788] [DISPLAY] [Workr] [libutil_sysinfo] Drive C:\ has 306.92 GB free, 465.17 GB total
[2025-09-04 22:02:53.788] [DISPLAY] [Workr] [libutil_sysinfo] Drive D:\ has 84.99 GB free, 3.73 TB total
[2025-09-04 22:02:53.791] [DISPLAY] [Main ] [rline_pc] UpdateConnectionState :: Connection state changed from offline to online
[2025-09-04 22:02:53.791] [DISPLAY] [Main ] [rline_pc] OnChannelError() - rgsc_launcher_0
[2025-09-04 22:02:53.818] [DISPLAY] [Main ] [rline_pc] OnChannelConnected - rgsc_ipc_52fc_channel_0 (remoteProcessId 17920)
[2025-09-04 22:02:53.822] [DISPLAY] [Main ] [rline_pc] Browser subprocess running and connected
[2025-09-04 22:02:53.872] [DISPLAY] [Workr] [dx12] Retrieving D3D12 graphics info
[2025-09-04 22:02:53.975] [DISPLAY] [Main ] [rline_pc] Social Club UI - Entering State: 'LOADING'
[2025-09-04 22:02:53.975] [DISPLAY] [Main ] [rline_pc] RgscUi::LoadUrl() called with url 'https://rgl.rockstargames.com/launcher'
[2025-09-04 22:02:53.975] [DISPLAY] [Main ] [rline_pc] CreateIpcChannel returning channel name: rgsc_ipc_52fc_channel_1
[2025-09-04 22:02:53.975] [DISPLAY] [Main ] [rline_pc] Social Club UI - Entering State: 'WAITING_FOR_PAGE_LOAD'
[2025-09-04 22:02:54.007] [DISPLAY] [Workr] [sysinfo] System Configuration: 
 CPU Info:
  ID: Intel64 Family 6 Model 141 Stepping 1
  Name: 11th Gen Intel(R) Core(TM) i7-11800H @ 2.30GHz
  Clock Speed: 2.30 GHZ
  Physical Cores: 8
  Logical Cores: 16
  SSE 4.1: enabled
  SSE 4.2: enabled

 Disk 0 (C:\)
  Disk Type: NVMe
  Bytes Free: 329557938176
  Bytes Total: 499475054592

 Disk 1 (D:\)
  Disk Type: NVMe
  Bytes Free: 91258855424
  Bytes Total: 4096797061120

Memory Info:
 17179869184 B
 16 GB

 GPU 0
  Description: NVIDIA GeForce RTX 3070 Laptop GPU
  Capacity (Bytes): 8409579520
  Display Capacity: 8.0 GB
[2025-09-04 22:02:57.782] [DISPLAY] [Main ] [rline_pc] OnChannelConnected - rgsc_ipc_52fc_channel_1 (remoteProcessId 14308)
[2025-09-04 22:02:57.884] [DISPLAY] [Main ] [launcher] Social Club UI has started.
[2025-09-04 22:02:57.884] [DISPLAY] [Main ] [fileutils] Checking version: C:\Program Files\Rockstar Games\Social Club\socialclub.dll
[2025-09-04 22:02:57.885] [DISPLAY] [Admin] [external] Setting up steam title: mp3
[2025-09-04 22:02:57.885] [DISPLAY] [Admin] [external] Successfully setup title
[2025-09-04 22:02:57.901] [DISPLAY] [Main ] [rline_pc] Social Club UI - Entering State: 'WAITING_FOR_PAGE_READY'
[2025-09-04 22:02:57.901] [DISPLAY] [Main ] [external] Client is ready to attempt a launch.
[2025-09-04 22:02:57.901] [DISPLAY] [Main ] [external] Frontend is ready to launch the title
[2025-09-04 22:02:57.918] [DISPLAY] [Main ] [rline_pc] Handling action 'ScuiVersion' [EventId: 4]
[2025-09-04 22:02:57.985] [DISPLAY] [Main ] [rline_pc] Handling action 'Geo' [EventId: 4]
[2025-09-04 22:02:57.985] [DISPLAY] [Main ] [rline_pc] Handling action 'ExternIP' [EventId: 4]
[2025-09-04 22:02:58.019] [DISPLAY] [Main ] [rline_pc] Social Club UI - Entering State: 'PAGE_READY'
[2025-09-04 22:02:58.019] [DISPLAY] [Main ] [rline_pc] Social Club UI - Entering State: 'START_SIGN_IN'
[2025-09-04 22:02:58.037] [DISPLAY] [Main ] [rline_pc] Social Club UI - Entering State: 'FINISHED'
[2025-09-04 22:02:58.037] [DISPLAY] [Main ] [rline_pc] Finished loading Social Club UI
[2025-09-04 22:02:58.037] [DISPLAY] [Main ] [launcher] Time to start up: 8795 ms
[2025-09-04 22:02:58.039] [DISPLAY] [Main ] [systemtray] System tray: enabled
[2025-09-04 22:02:58.068] [DISPLAY] [Main ] [ui_window_controller] UiWindowController::SetContext: Invalid -> Auth
[2025-09-04 22:02:58.068] [DISPLAY] [Main ] [ui_window_controller] UiWindowController::SetState: Invalid -> WaitForBrowser
[2025-09-04 22:02:58.095] [DISPLAY] [Main ] [ui_window_controller] UiWindowController::SetState: WaitForBrowser -> WaitForWindow
[2025-09-04 22:02:59.872] [DISPLAY] [Main ] [rline_pc] CreateIpcChannel returning channel name: rgsc_ipc_52fc_channel_2
[2025-09-04 22:02:59.889] [DISPLAY] [Main ] [rline_pc] OnChannelConnected - rgsc_ipc_52fc_channel_2 (remoteProcessId 14052)
[2025-09-04 22:03:18.102] [DISPLAY] [Main ] [ui_window_controller] OnScAuthError with fatal error invoked
[2025-09-04 22:03:18.102] [DISPLAY] [Main ] [ui_window_controller] UiWindowController::SetState: WaitForWindow -> FatalError
[2025-09-04 22:03:18.102] [ ERROR ] [Main ] [ui_window_controller] Handling error in window controller
[2025-09-04 22:03:18.102] [DISPLAY] [Main ] [ui_window_controller] UiWindowController::SetState: FatalError -> HandlingFatalError
[2025-09-04 22:03:18.159] [DISPLAY] [Main ] [rline_pc] OnChannelError() - rgsc_ipc_52fc_channel_2
[2025-09-04 22:03:22.688] [DISPLAY] [Main ] [ui_window_controller] User selected retry - reloading window
[2025-09-04 22:03:22.689] [DISPLAY] [Main ] [ui_window_controller] UiWindowController::SetState: HandlingFatalError -> WaitForBrowser
[2025-09-04 22:03:22.705] [DISPLAY] [Main ] [ui_window_controller] UiWindowController::SetState: WaitForBrowser -> WaitForWindow
[2025-09-04 22:03:23.145] [DISPLAY] [Main ] [rline_pc] CreateIpcChannel returning channel name: rgsc_ipc_52fc_channel_3
[2025-09-04 22:03:23.162] [DISPLAY] [Main ] [rline_pc] OnChannelConnected - rgsc_ipc_52fc_channel_3 (remoteProcessId 23696)
[2025-09-04 22:03:23.719] [DISPLAY] [Main ] [ui_window_controller] UiWindowController::SetState: WaitForWindow -> Active
[2025-09-04 22:03:24.466] [DISPLAY] [Main ] [rline_pc] CreateIpcChannel returning channel name: rgsc_ipc_52fc_channel_4
[2025-09-04 22:03:24.483] [DISPLAY] [Main ] [rline_pc] OnChannelConnected - rgsc_ipc_52fc_channel_4 (remoteProcessId 23696)
[2025-09-04 22:03:24.483] [DISPLAY] [Main ] [rline_pc] OnChannelError() - rgsc_ipc_52fc_channel_3
[2025-09-04 22:03:25.245] [DISPLAY] [Main ] [ui_window_controller] UiWindowController::SetState: Active -> WaitForBrowser
[2025-09-04 22:03:25.245] [DISPLAY] [Main ] [ui_window_controller] UiWindowController::SetState: WaitForBrowser -> WaitForWindow
[2025-09-04 22:03:28.762] [DISPLAY] [Main ] [rline_pc] Queue download of profile avatar
[2025-09-04 22:03:28.804] [DISPLAY] [Main ] [rline_pc] Saved profile for BBBBZHANG
[2025-09-04 22:03:28.804] [DISPLAY] [Main ] [rline_pc] Syncing friends.
[2025-09-04 22:03:28.804] [DISPLAY] [Main ] [rline_pc] Syncing privacy settings.
[2025-09-04 22:03:32.920] [DISPLAY] [Main ] [rline_pc] Signed in online to profile: BBBBZHANG
[2025-09-04 22:03:32.920] [DISPLAY] [Main ] [ui_window_controller] UiWindowController::SetContext: Auth -> MainWindow
[2025-09-04 22:03:32.920] [DISPLAY] [Main ] [ui_window_controller] UiWindowController::SetState: WaitForWindow -> WaitForBrowser
[2025-09-04 22:03:32.931] [DISPLAY] [Main ] [ui_mainwindow] Using DPI 144,144
[2025-09-04 22:03:32.931] [DISPLAY] [Main ] [ui_mainwindow] Using UI Scale: 1.50
[2025-09-04 22:03:32.932] [DISPLAY] [Main ] [ui_mainwindow] Using saved geometry: 860,215 (1536 x 900)
[2025-09-04 22:03:32.959] [DISPLAY] [Main ] [launcher] Presence Event - Signed In
[2025-09-04 22:03:32.959] [DISPLAY] [Main ] [launcher] User 'BBBBZHANG' is now signed in
[2025-09-04 22:03:32.976] [DISPLAY] [Main ] [launcher] Presence Event :: Went Online
[2025-09-04 22:03:32.976] [DISPLAY] [Admin] [titlemanager] Downloading title list...
[2025-09-04 22:03:32.976] [DISPLAY] [Main ] [rline_pc] Handling action 'EnableDownloading' [EventId: 2]
[2025-09-04 22:03:32.976] [DISPLAY] [Main ] [scuicallbacks] Enabling Downloading
[2025-09-04 22:03:32.977] [DISPLAY] [Main ] [ui_window_controller] UiWindowController::SetState: WaitForBrowser -> WaitForWindow
[2025-09-04 22:03:32.977] [DISPLAY] [Main ] [ui_window_controller] UiWindowController::SetState: WaitForWindow -> Active
[2025-09-04 22:03:32.977] [DISPLAY] [Admin] [titlemanager] Downloading title list (SCS)...
[2025-09-04 22:03:33.208] [DISPLAY] [Main ] [launcher] Friend Event - Friends are Available
[2025-09-04 22:03:33.462] [DISPLAY] [Main ] [rline_pc] Handling action 'UpdateSetting' [EventId: 2]
[2025-09-04 22:03:33.462] [DISPLAY] [Main ] [scuicallbacks] Setting updated by frontend
[2025-09-04 22:03:33.462] [DISPLAY] [Main ] [rline_pc] Handling action 'Launch' [EventId: 2]
[2025-09-04 22:03:33.462] [DISPLAY] [Main ] [scuicallbacks] Launch requested: mp3, , 
[2025-09-04 22:03:33.462] [DISPLAY] [Main ] [scuicallbacks] Launch requested by user: mp3, default
[2025-09-04 22:03:33.462] [DISPLAY] [Main ] [external] Frontend is ready to launch the title
[2025-09-04 22:03:33.462] [DISPLAY] [Main ] [external] Attempting external title launch...
[2025-09-04 22:03:34.749] [DISPLAY] [Main ] [services] Parsed response from GetApps: 22 title(s), 4 branch(es)
[2025-09-04 22:03:34.762] [DISPLAY] [Admin] [titlemanager] Title list updated.
[2025-09-04 22:03:34.763] [DISPLAY] [Admin] [external] Attempting Steam launch. User is 'CLOUD'
[2025-09-04 22:03:34.776] [DISPLAY] [Main ] [gamelaunch] Begin game launch: mp3
[2025-09-04 22:03:34.776] [DISPLAY] [Main ] [gamelaunch] Flags: 11
[2025-09-04 22:03:34.776] [DISPLAY] [Main ] [gamelaunch] Path: D:\Games\StemLibrary\steamapps\common\Max Payne 3\Max Payne 3
[2025-09-04 22:03:34.781] [DISPLAY] [Main ] [telemetrymanager] Secondary platform is set to: 2
[2025-09-04 22:03:34.782] [DISPLAY] [24992] [gamelaunch] Launch Folder: D:\Games\StemLibrary\steamapps\common\Max Payne 3\Max Payne 3
[2025-09-04 22:03:34.782] [DISPLAY] [24992] [gamelaunch] Launch Path: D:\Games\StemLibrary\steamapps\common\Max Payne 3\Max Payne 3\MaxPayne3.exe
[2025-09-04 22:03:34.782] [DISPLAY] [24992] [fileutils] Checking version: D:\Games\StemLibrary\steamapps\common\Max Payne 3\Max Payne 3\MaxPayne3.exe
[2025-09-04 22:03:34.850] [DISPLAY] [Main ] [rline_pc] OnChannelError() - rgsc_ipc_52fc_channel_4
[2025-09-04 22:03:34.859] [DISPLAY] [24992] [gamelaunch] Title has no minimum RGL version.
[2025-09-04 22:03:34.859] [DISPLAY] [24992] [gamelaunch] Title has no minimum RGL version.
[2025-09-04 22:03:34.859] [DISPLAY] [24992] [fileutils] Checking version: C:\Program Files\Rockstar Games\Social Club\socialclub.dll
[2025-09-04 22:03:41.672] [DISPLAY] [Admin] [titlemanager] Downloading title list...
[2025-09-04 22:03:41.672] [DISPLAY] [Admin] [titlemanager] Downloading title list (SCS)...
[2025-09-04 22:03:44.705] [DISPLAY] [Main ] [services] Parsed response from GetApps: 22 title(s), 4 branch(es)
[2025-09-04 22:03:44.721] [DISPLAY] [Admin] [titlemanager] Title list updated.
[2025-09-04 22:03:49.044] [DISPLAY] [24992] [gamelaunch] Launching game...
[2025-09-04 22:03:49.044] [DISPLAY] [24992] [gamelaunch]  Path: D:\Games\StemLibrary\steamapps\common\Max Payne 3\Max Payne 3\MaxPayne3.exe
[2025-09-04 22:03:49.044] [DISPLAY] [24992] [gamelaunch]  Command Line: "D:\Games\StemLibrary\steamapps\common\Max Payne 3\Max Payne 3\MaxPayne3.exe" -skipPatcherCheck -steamLocation "D:\Games\StemLibrary\steamapps\common\Max Payne 3\Max Payne 3" @args.txt -useSteam -steamAppId=204100 -scCommerceProvider=4 @commandline.txt -fromRGL -rglLanguage=zh-CHS
[2025-09-04 22:03:49.044] [DISPLAY] [24992] [gamelaunch]  Working Directory: D:\Games\StemLibrary\steamapps\common\Max Payne 3\Max Payne 3
[2025-09-04 22:03:51.529] [DISPLAY] [Main ] [rline_pc] OnChannelConnected - rgsc_gameinst_0 (remoteProcessId 4584)
[2025-09-04 22:06:01.567] [DISPLAY] [Main ] [rline_pc] Handling action 'TerminateGame' [EventId: 2]
[2025-09-04 22:06:01.567] [DISPLAY] [Main ] [scuicallbacks] Terminate game requested for mp3
[2025-09-04 22:06:01.567] [DISPLAY] [24992] [gamelaunch] Terminating game.
[2025-09-04 22:06:01.567] [DISPLAY] [24992] [crashdetection] Game left no exit file.
[2025-09-04 22:06:01.618] [DISPLAY] [Main ] [scuicallbacks] Quit requested from frontend
[2025-09-04 22:06:01.618] [DISPLAY] [Main ] [launcher] Shutdown requested! Forced: false
[2025-09-04 22:06:01.618] [DISPLAY] [Main ] [rline_pc] Handling action 'Close' [EventId: 1]
[2025-09-04 22:06:01.618] [DISPLAY] [Main ] [rline_pc] Close requested via the scui
[2025-09-04 22:06:01.618] [DISPLAY] [Main ] [scuicallbacks] Close requested from frontend
[2025-09-04 22:06:01.618] [DISPLAY] [Main ] [launcher] Shutdown requested! Forced: false
[2025-09-04 22:06:01.618] [DISPLAY] [24992] [launcher] Shutdown requested! Forced: false
[2025-09-04 22:06:01.619] [DISPLAY] [Main ] [launcher] StartShutdown - Now in progress
[2025-09-04 22:06:01.760] [DISPLAY] [Main ] [svc] Stopping the background service.
[2025-09-04 22:06:01.760] [WARNING] [Main ] [worker] Not adding job (15) due to thread exiting
[2025-09-04 22:06:01.760] [DISPLAY] [Main ] [rline_pc] OnChannelError() - rgsc_gameinst_0
[2025-09-04 22:06:01.778] [WARNING] [Main ] [worker] Not adding job (5) due to thread exiting
[2025-09-04 22:06:11.770] [DISPLAY] [Main ] [app] Application quit requested (exit code: 0)
