[2025-09-06 16:32:18.603] [DISPLAY] [Main ] [fileutils] Checking version: C:\Program Files\Rockstar Games\Launcher\Launcher.exe
[2025-09-06 16:32:18.616] [DISPLAY] [Main ] [dx12] Retrieving D3D12 graphics info
[2025-09-06 16:32:19.104] [DISPLAY] [dkspa] [libutil_sysinfo] Drive D:\ has 84.99 GB free, 3.73 TB total
[2025-09-06 16:32:19.105] [DISPLAY] [Main ] [launcher] Opening log file.
[2025-09-06 16:32:19.109] [DISPLAY] [Main ] [startupinfo] Command line: "C:\Program Files\Rockstar Games\Launcher\Launcher.exe" -skipPatcherCheck -steamAppId=1174180 -steamLocation "D:\Games\StemLibrary\steamapps\common\Red Dead Redemption 2" @args.txt
[2025-09-06 16:32:19.109] [DISPLAY] [Main ] [startupinfo] P4 Version: 
[2025-09-06 16:32:19.109] [DISPLAY] [Main ] [startupinfo] RGL Branch: release_03
[2025-09-06 16:32:19.109] [DISPLAY] [Main ] [startupinfo] Version:    1.0.103.2534
[2025-09-06 16:32:19.109] [DISPLAY] [Main ] [startupinfo] Parameters:
[2025-09-06 16:32:19.109] [DISPLAY] [Main ] [startupinfo]     C:\Program Files\Rockstar Games\Launcher\Launcher.exe
[2025-09-06 16:32:19.109] [DISPLAY] [Main ] [startupinfo]     -skipPatcherCheck
[2025-09-06 16:32:19.109] [DISPLAY] [Main ] [startupinfo]     -steamAppId=1174180
[2025-09-06 16:32:19.109] [DISPLAY] [Main ] [startupinfo]     -steamLocation
[2025-09-06 16:32:19.109] [DISPLAY] [Main ] [startupinfo]     D:\Games\StemLibrary\steamapps\common\Red Dead Redemption 2
[2025-09-06 16:32:19.109] [DISPLAY] [Main ] [startupinfo]     @args.txt
[2025-09-06 16:32:19.109] [DISPLAY] [Main ] [startup] Initial Working Directory: D:\Games\StemLibrary\steamapps\common\Red Dead Redemption 2
[2025-09-06 16:32:19.109] [DISPLAY] [Main ] [startup] Working directory: C:\Program Files\Rockstar Games\Launcher
[2025-09-06 16:32:19.119] [DISPLAY] [Main ] [packfile] Initialize 'Launcher.rpf' - succeeded
[2025-09-06 16:32:19.119] [DISPLAY] [Main ] [localisation] Language updated to: 12
[2025-09-06 16:32:19.150] [DISPLAY] [Main ] [external] Creating Steam min mode launch
[2025-09-06 16:32:19.155] [DISPLAY] [Main ] [external] Steam App Id: 1174180
[2025-09-06 16:32:19.155] [DISPLAY] [Main ] [external] Steam Location: D:\Games\StemLibrary\steamapps\common\Red Dead Redemption 2
[2025-09-06 16:32:19.156] [DISPLAY] [Main ] [metadatamanager] Read external Steam metadata: rdr2
[2025-09-06 16:32:19.156] [DISPLAY] [Main ] [external] App: rdr2
[2025-09-06 16:32:19.163] [DISPLAY] [Main ] [environment] SetEnvironment: prod
[2025-09-06 16:32:19.178] [DISPLAY] [Main ] [subsystem] Init phase 1
[2025-09-06 16:32:19.178] [DISPLAY] [Main ] [fileutils] Checking version: C:\Program Files\Rockstar Games\Launcher\RockstarService.exe
[2025-09-06 16:32:19.280] [DISPLAY] [Main ] [svc] Service version: 1.0.103.2534 (1.0.103.2534)
[2025-09-06 16:32:19.280] [DISPLAY] [Main ] [svc] Starting service (attempt 1 / 3)...
[2025-09-06 16:32:19.395] [DISPLAY] [Main ] [titlestorage] Installed titles:
[2025-09-06 16:32:19.395] [DISPLAY] [Main ] [titlestorage]  Title                             Progress               Version              Location                                                    
[2025-09-06 16:32:19.409] [DISPLAY] [Main ] [fileutils] Checking version: C:\Program Files\Rockstar Games\Social Club\socialclub.dll
[2025-09-06 16:32:19.485] [DISPLAY] [Main ] [subsystem] Initializing group 0...
[2025-09-06 16:32:19.485] [DISPLAY] [Main ] [subsystem] Init phase 2
[2025-09-06 16:32:19.485] [DISPLAY] [Main ] [subsystem] Starting systems...
[2025-09-06 16:32:19.567] [DISPLAY] [Main ] [steam_api] SetSteamLanguage(schinese) = 12
[2025-09-06 16:32:19.567] [DISPLAY] [Main ] [minmode] Overriding language from external game launch: zh-CHS
[2025-09-06 16:32:19.567] [DISPLAY] [Main ] [localisation] Language updated to: 12
[2025-09-06 16:32:19.567] [DISPLAY] [Main ] [subsystem] Starting diag...
[2025-09-06 16:32:19.567] [DISPLAY] [Main ] [fileutils] Checking local versions...
[2025-09-06 16:32:19.567] [DISPLAY] [Main ] [fileutils] Checking version: C:\Program Files\Rockstar Games\Social Club\socialclub.dll
[2025-09-06 16:32:19.568] [DISPLAY] [Main ] [fileutils] Checking RGL version...
[2025-09-06 16:32:19.568] [DISPLAY] [Main ] [fileutils] Version: 2.4.0.101 | 1.0.103.2534 | FFP
[2025-09-06 16:32:19.568] [DISPLAY] [Main ] [subsystem] Starting net...
[2025-09-06 16:32:19.581] [DISPLAY] [Main ] [subsystem] Assigning pools...
[2025-09-06 16:32:19.581] [DISPLAY] [Main ] [subsystem] Initializing engine...
[2025-09-06 16:32:19.582] [DISPLAY] [Main ] [subsystem] Initializing group 1...
[2025-09-06 16:32:19.606] [DISPLAY] [Workr] [selfupdate] Up-to-date.
[2025-09-06 16:32:19.788] [DISPLAY] [Main ] [systemtray] System tray: enabled
[2025-09-06 16:32:19.803] [DISPLAY] [Main ] [launcher] Passed check: majorVersion(10.0.22631) >= 10
[2025-09-06 16:32:20.157] [DISPLAY] [bgsvc] [svc] Received response from service.
[2025-09-06 16:32:20.177] [DISPLAY] [Workr] [idownloader] Starting download of 'https://gamedownloads-rockstargames-com.akamaized.net/public/launcher_online_config.xml'
[2025-09-06 16:32:22.228] [DISPLAY] [Workr] [idownloader] Completed download of 'https://gamedownloads-rockstargames-com.akamaized.net/public/launcher_online_config.xml' (status: 0/200)
[2025-09-06 16:32:22.228] [DISPLAY] [Workr] [startup] Skipping DLL preload.
[2025-09-06 16:32:22.228] [DISPLAY] [Workr] [titlemanager] Downloading title list...
[2025-09-06 16:32:22.228] [DISPLAY] [Workr] [titlemanager] Downloading default title list (SCS)...
[2025-09-06 16:32:22.229] [DISPLAY] [Workr] [idownloader] Starting download of 'https://rgl-prod.ros.rockstargames.com/launcher/11/LauncherServices/App.asmx/GetDefaultApps?accessToken='
[2025-09-06 16:32:23.411] [DISPLAY] [Workr] [idownloader] Completed download of 'https://rgl-prod.ros.rockstargames.com/launcher/11/LauncherServices/App.asmx/GetDefaultApps?accessToken=' (status: 0/200)
[2025-09-06 16:32:23.411] [DISPLAY] [Workr] [services] Obtained NA-BAT
[2025-09-06 16:32:23.411] [DISPLAY] [Workr] [services] Parsed response from GetDefaultApps: 1 title(s), 1 branch(es)
[2025-09-06 16:32:23.411] [DISPLAY] [Workr] [titlemanager] Retrieved default title: launcher
[2025-09-06 16:32:23.411] [DISPLAY] [Workr] [titlemanager] Launcher tokens: BAT: false, NA-BAT: true
[2025-09-06 16:32:23.411] [DISPLAY] [Workr] [titlemanager] Title list updated.
[2025-09-06 16:32:23.411] [DISPLAY] [Workr] [launcher] Checking for self-update...
[2025-09-06 16:32:23.417] [DISPLAY] [Workr] [titleupdater] Doing chunk checks for launcher...
[2025-09-06 16:32:23.713] [DISPLAY] [Workr] [titleupdater] Checked 61 chunk(s), 0 were empty, skipped 0 chunk(s) and 0 file(s)
[2025-09-06 16:32:23.714] [DISPLAY] [Workr] [statuschecker] Title Rockstar Games Launcher: No update
[2025-09-06 16:32:23.718] [DISPLAY] [Workr] [launcher] No self-update, continuing.
[2025-09-06 16:32:23.718] [DISPLAY] [Workr] [launcher] Checking for prerequisite updates...
[2025-09-06 16:32:23.718] [DISPLAY] [Workr] [fileutils] Checking version: C:\Program Files\Rockstar Games\Social Club\socialclub.dll
[2025-09-06 16:32:23.719] [DISPLAY] [Workr] [fileutils] Checking version: C:\Program Files\Rockstar Games\Launcher\Redistributables\SocialClub\Social-Club-Setup.exe
[2025-09-06 16:32:23.720] [DISPLAY] [Workr] [preqmanager] The Social Club version available matches that currently installed (both: 2.4.0.101)
[2025-09-06 16:32:23.720] [DISPLAY] [Workr] [titleupdater] No prerequisites to install.
[2025-09-06 16:32:23.720] [DISPLAY] [Workr] [launcher] Checking minimum SDK requirement
[2025-09-06 16:32:23.720] [DISPLAY] [Workr] [fileutils] Checking version: C:\Program Files\Rockstar Games\Social Club\socialclub.dll
[2025-09-06 16:32:23.849] [DISPLAY] [Workr] [launcher] Completed Pre-initialization tasks
[2025-09-06 16:32:23.852] [DISPLAY] [Main ] [subsystem] Init phase 3
[2025-09-06 16:32:23.852] [DISPLAY] [Main ] [subsystem] RGL Offline Assets path: C:\Program Files\Rockstar Games\Launcher\offline.pak
[2025-09-06 16:32:23.852] [DISPLAY] [Main ] [subsystem] Intializing connection manager.
[2025-09-06 16:32:23.852] [DISPLAY] [Main ] [subsystem] Initializing RAGE networking.
[2025-09-06 16:32:24.047] [DISPLAY] [Main ] [rline_pc] Sat Sep  6 16:32:24 2025
[2025-09-06 16:32:24.047] [DISPLAY] [Main ] [rline_pc] File System Initialized
[2025-09-06 16:32:24.047] [DISPLAY] [Main ] [rline_pc] Version Info: 2.4.0.101
[2025-09-06 16:32:24.047] [DISPLAY] [Main ] [rline_pc] JSON Interface initialized
[2025-09-06 16:32:24.047] [DISPLAY] [Main ] [rline_pc] Internet manager initialized
[2025-09-06 16:32:24.056] [DISPLAY] [Main ] [rline_pc] Social Club Data initialized
[2025-09-06 16:32:24.056] [DISPLAY] [Main ] [rline_pc] Metadata initialized
[2025-09-06 16:32:24.056] [DISPLAY] [Main ] [rline_pc] Achievement Manager initialized
[2025-09-06 16:32:24.056] [DISPLAY] [Main ] [rline_pc] Player Manager initialized
[2025-09-06 16:32:24.057] [DISPLAY] [Main ] [rline_pc] Gamer Pic Manager initialized
[2025-09-06 16:32:24.057] [DISPLAY] [Main ] [rline_pc] Profile Manager initialized
[2025-09-06 16:32:24.057] [DISPLAY] [Main ] [rline_pc] Presence Manager initialized
[2025-09-06 16:32:24.057] [DISPLAY] [Main ] [rline_pc] Commerce Manager initialized
[2025-09-06 16:32:24.057] [DISPLAY] [Main ] [rline_pc] Task Manager initialized
[2025-09-06 16:32:24.057] [DISPLAY] [Main ] [rline_pc] Telemetry Manager initialized
[2025-09-06 16:32:24.057] [DISPLAY] [Main ] [rline_pc] Network interface initialized
[2025-09-06 16:32:24.057] [DISPLAY] [Main ] [rline_pc] Cloud Saves interface initialized
[2025-09-06 16:32:24.057] [DISPLAY] [Main ] [rline_pc] Multi-Factor Authentication initialized
[2025-09-06 16:32:24.058] [DISPLAY] [Main ] [rline_pc] Profanity filter initialized
[2025-09-06 16:32:24.058] [DISPLAY] [Main ] [rline_pc] Game Intent Manager initialized
[2025-09-06 16:32:24.058] [DISPLAY] [Main ] [rline_pc] Launcher interface initialized
[2025-09-06 16:32:24.058] [DISPLAY] [Main ] [rline_pc] Game/Launcher IPC initialized: 0
[2025-09-06 16:32:24.058] [DISPLAY] [Main ] [rline_pc] Validating CEF directory: C:\Program Files\Rockstar Games\Social Club\
[2025-09-06 16:32:24.203] [DISPLAY] [Main ] [rline_pc] Validating Social Club dependency versions: 
[2025-09-06 16:32:24.203] [DISPLAY] [Main ] [rline_pc]  Social Club DLL (C:\Program Files\Rockstar Games\Social Club\socialclub.dll) - 2.4.0.101
[2025-09-06 16:32:24.203] [DISPLAY] [Main ] [rline_pc]  Social Club Helper (C:\Program Files\Rockstar Games\Social Club\SocialClubHelper.exe) - 2.4.0.101
[2025-09-06 16:32:24.203] [DISPLAY] [Main ] [rline_pc]  Vulkan Renderer Layer (C:\Program Files\Rockstar Games\Social Club\SocialClubVulkanLayer.dll) - 2.4.0.101
[2025-09-06 16:32:24.203] [DISPLAY] [Main ] [rline_pc]  D3D12 Renderer DLL (C:\Program Files\Rockstar Games\Social Club\SocialClubD3D12Renderer.dll) - 2.4.0.101
[2025-09-06 16:32:24.203] [DISPLAY] [Main ] [rline_pc]  Chromium Embedded Framework (C:\Program Files\Rockstar Games\Social Club\libcef.dll) - 109.1.18.0
[2025-09-06 16:32:24.203] [DISPLAY] [Main ] [rline_pc]  RGSC-Query Version: 0.0.0-development
[2025-09-06 16:32:24.208] [DISPLAY] [Main ] [rline_pc] SDK fully initialized
[2025-09-06 16:32:24.208] [DISPLAY] [Main ] [rline_pc] Setting Social Club UI scaling to 1.00
[2025-09-06 16:32:24.209] [DISPLAY] [Main ] [rline_pc] Social Club UI - Entering State: 'WAIT_BROWSER_WINDOW'
[2025-09-06 16:32:24.209] [DISPLAY] [Main ] [subsystem] Initializing group 2...
[2025-09-06 16:32:24.216] [DISPLAY] [Workr] [libutil_sysinfo] Drive C:\ has 306.21 GB free, 465.17 GB total
[2025-09-06 16:32:24.216] [DISPLAY] [Workr] [libutil_sysinfo] Drive D:\ has 84.99 GB free, 3.73 TB total
[2025-09-06 16:32:24.264] [DISPLAY] [Main ] [rline_pc] UpdateConnectionState :: Connection state changed from offline to online
[2025-09-06 16:32:24.264] [DISPLAY] [Main ] [rline_pc] OnChannelError() - rgsc_launcher_0
[2025-09-06 16:32:24.318] [DISPLAY] [Main ] [rline_pc] OnChannelConnected - rgsc_ipc_534_channel_0 (remoteProcessId 14188)
[2025-09-06 16:32:24.335] [DISPLAY] [Main ] [rline_pc] Browser subprocess running and connected
[2025-09-06 16:32:24.505] [DISPLAY] [Main ] [rline_pc] Social Club UI - Entering State: 'LOADING'
[2025-09-06 16:32:24.505] [DISPLAY] [Main ] [rline_pc] RgscUi::LoadUrl() called with url 'https://rgl.rockstargames.com/launcher'
[2025-09-06 16:32:24.505] [DISPLAY] [Main ] [rline_pc] CreateIpcChannel returning channel name: rgsc_ipc_534_channel_1
[2025-09-06 16:32:24.505] [DISPLAY] [Main ] [rline_pc] Social Club UI - Entering State: 'WAITING_FOR_PAGE_LOAD'
[2025-09-06 16:32:24.849] [DISPLAY] [Workr] [dx12] Retrieving D3D12 graphics info
[2025-09-06 16:32:24.960] [DISPLAY] [Workr] [sysinfo] System Configuration: 
 CPU Info:
  ID: Intel64 Family 6 Model 141 Stepping 1
  Name: 11th Gen Intel(R) Core(TM) i7-11800H @ 2.30GHz
  Clock Speed: 2.30 GHZ
  Physical Cores: 8
  Logical Cores: 16
  SSE 4.1: enabled
  SSE 4.2: enabled

 Disk 0 (C:\)
  Disk Type: NVMe
  Bytes Free: 328786063360
  Bytes Total: 499475054592

 Disk 1 (D:\)
  Disk Type: NVMe
  Bytes Free: 91260354560
  Bytes Total: 4096797061120

Memory Info:
 17179869184 B
 16 GB

 GPU 0
  Description: NVIDIA GeForce RTX 3070 Laptop GPU
  Capacity (Bytes): 8409579520
  Display Capacity: 8.0 GB
[2025-09-06 16:32:27.887] [DISPLAY] [Main ] [rline_pc] OnChannelConnected - rgsc_ipc_534_channel_1 (remoteProcessId 17424)
[2025-09-06 16:32:28.023] [DISPLAY] [Main ] [rline_pc] Social Club UI - Entering State: 'WAITING_FOR_PAGE_READY'
[2025-09-06 16:32:28.023] [DISPLAY] [Main ] [launcher] Social Club UI has started.
[2025-09-06 16:32:28.023] [DISPLAY] [Main ] [fileutils] Checking version: C:\Program Files\Rockstar Games\Social Club\socialclub.dll
[2025-09-06 16:32:28.024] [DISPLAY] [Admin] [external] Setting up steam title: rdr2
[2025-09-06 16:32:28.024] [DISPLAY] [Admin] [external] Successfully setup title
[2025-09-06 16:32:28.040] [DISPLAY] [Main ] [rline_pc] Handling action 'ScuiVersion' [EventId: 4]
[2025-09-06 16:32:28.040] [DISPLAY] [Main ] [external] Client is ready to attempt a launch.
[2025-09-06 16:32:28.040] [DISPLAY] [Main ] [external] Frontend is ready to launch the title
[2025-09-06 16:32:28.108] [DISPLAY] [Main ] [rline_pc] Handling action 'Geo' [EventId: 4]
[2025-09-06 16:32:28.108] [DISPLAY] [Main ] [rline_pc] Handling action 'ExternIP' [EventId: 4]
[2025-09-06 16:32:28.142] [DISPLAY] [Main ] [rline_pc] Social Club UI - Entering State: 'PAGE_READY'
[2025-09-06 16:32:28.142] [DISPLAY] [Main ] [rline_pc] Social Club UI - Entering State: 'START_SIGN_IN'
[2025-09-06 16:32:28.159] [DISPLAY] [Main ] [rline_pc] Social Club UI - Entering State: 'FINISHED'
[2025-09-06 16:32:28.159] [DISPLAY] [Main ] [rline_pc] Finished loading Social Club UI
[2025-09-06 16:32:28.159] [DISPLAY] [Main ] [launcher] Time to start up: 9597 ms
[2025-09-06 16:32:28.161] [DISPLAY] [Main ] [systemtray] System tray: enabled
[2025-09-06 16:32:28.203] [DISPLAY] [Main ] [ui_window_controller] UiWindowController::SetContext: Invalid -> Auth
[2025-09-06 16:32:28.203] [DISPLAY] [Main ] [ui_window_controller] UiWindowController::SetState: Invalid -> WaitForBrowser
[2025-09-06 16:32:28.234] [DISPLAY] [Main ] [ui_window_controller] UiWindowController::SetState: WaitForBrowser -> WaitForWindow
[2025-09-06 16:32:31.378] [DISPLAY] [Main ] [rline_pc] CreateIpcChannel returning channel name: rgsc_ipc_534_channel_2
[2025-09-06 16:32:31.395] [DISPLAY] [Main ] [rline_pc] OnChannelConnected - rgsc_ipc_534_channel_2 (remoteProcessId 7480)
[2025-09-06 16:32:48.242] [DISPLAY] [Main ] [ui_window_controller] OnScAuthError with fatal error invoked
[2025-09-06 16:32:48.242] [DISPLAY] [Main ] [ui_window_controller] UiWindowController::SetState: WaitForWindow -> FatalError
[2025-09-06 16:32:48.242] [ ERROR ] [Main ] [ui_window_controller] Handling error in window controller
[2025-09-06 16:32:48.242] [DISPLAY] [Main ] [ui_window_controller] UiWindowController::SetState: FatalError -> HandlingFatalError
[2025-09-06 16:32:48.317] [DISPLAY] [Main ] [rline_pc] OnChannelError() - rgsc_ipc_534_channel_2
[2025-09-06 16:32:58.755] [DISPLAY] [Main ] [ui_window_controller] User selected retry - reloading window
[2025-09-06 16:32:58.755] [DISPLAY] [Main ] [ui_window_controller] UiWindowController::SetState: HandlingFatalError -> WaitForBrowser
[2025-09-06 16:32:58.772] [DISPLAY] [Main ] [ui_window_controller] UiWindowController::SetState: WaitForBrowser -> WaitForWindow
[2025-09-06 16:32:59.179] [DISPLAY] [Main ] [rline_pc] CreateIpcChannel returning channel name: rgsc_ipc_534_channel_3
[2025-09-06 16:32:59.196] [DISPLAY] [Main ] [rline_pc] OnChannelConnected - rgsc_ipc_534_channel_3 (remoteProcessId 5596)
[2025-09-06 16:33:00.703] [DISPLAY] [Main ] [ui_window_controller] UiWindowController::SetState: WaitForWindow -> Active
[2025-09-06 16:33:03.013] [DISPLAY] [Main ] [rline_pc] CreateIpcChannel returning channel name: rgsc_ipc_534_channel_4
[2025-09-06 16:33:03.030] [DISPLAY] [Main ] [rline_pc] OnChannelConnected - rgsc_ipc_534_channel_4 (remoteProcessId 5596)
[2025-09-06 16:33:03.030] [DISPLAY] [Main ] [rline_pc] OnChannelError() - rgsc_ipc_534_channel_3
[2025-09-06 16:33:03.572] [DISPLAY] [Main ] [ui_window_controller] UiWindowController::SetState: Active -> WaitForBrowser
[2025-09-06 16:33:03.572] [DISPLAY] [Main ] [ui_window_controller] UiWindowController::SetState: WaitForBrowser -> WaitForWindow
[2025-09-06 16:33:03.572] [DISPLAY] [Main ] [ui_window_controller] UiWindowController::SetState: WaitForWindow -> Active
[2025-09-06 16:33:08.796] [DISPLAY] [Main ] [rline_pc] Queue download of profile avatar
[2025-09-06 16:33:08.839] [DISPLAY] [Main ] [rline_pc] Saved profile for BBBBZHANG
[2025-09-06 16:33:08.840] [DISPLAY] [Main ] [rline_pc] Syncing friends.
[2025-09-06 16:33:08.840] [DISPLAY] [Main ] [rline_pc] Syncing privacy settings.
[2025-09-06 16:33:13.517] [DISPLAY] [Main ] [rline_pc] Signed in online to profile: BBBBZHANG
[2025-09-06 16:33:13.517] [DISPLAY] [Main ] [ui_window_controller] UiWindowController::SetContext: Auth -> MainWindow
[2025-09-06 16:33:13.517] [DISPLAY] [Main ] [ui_window_controller] UiWindowController::SetState: Active -> WaitForBrowser
[2025-09-06 16:33:13.554] [DISPLAY] [Main ] [ui_mainwindow] Using DPI 144,144
[2025-09-06 16:33:13.554] [DISPLAY] [Main ] [ui_mainwindow] Using UI Scale: 1.50
[2025-09-06 16:33:13.554] [DISPLAY] [Main ] [ui_mainwindow] Using saved geometry: 860,215 (1536 x 900)
[2025-09-06 16:33:13.600] [DISPLAY] [Main ] [launcher] Presence Event - Signed In
[2025-09-06 16:33:13.600] [DISPLAY] [Main ] [launcher] User 'BBBBZHANG' is now signed in
[2025-09-06 16:33:13.621] [DISPLAY] [Main ] [launcher] Presence Event :: Went Online
[2025-09-06 16:33:13.621] [DISPLAY] [Admin] [titlemanager] Downloading title list...
[2025-09-06 16:33:13.621] [DISPLAY] [Main ] [rline_pc] Handling action 'EnableDownloading' [EventId: 2]
[2025-09-06 16:33:13.621] [DISPLAY] [Main ] [scuicallbacks] Enabling Downloading
[2025-09-06 16:33:13.621] [DISPLAY] [Main ] [ui_window_controller] UiWindowController::SetState: WaitForBrowser -> WaitForWindow
[2025-09-06 16:33:13.621] [DISPLAY] [Main ] [ui_window_controller] UiWindowController::SetState: WaitForWindow -> Active
[2025-09-06 16:33:13.628] [DISPLAY] [Admin] [titlemanager] Downloading title list (SCS)...
[2025-09-06 16:33:13.943] [DISPLAY] [Main ] [launcher] Friend Event - Friends are Available
[2025-09-06 16:33:14.061] [DISPLAY] [Main ] [rline_pc] Handling action 'UpdateSetting' [EventId: 2]
[2025-09-06 16:33:14.061] [DISPLAY] [Main ] [scuicallbacks] Setting updated by frontend
[2025-09-06 16:33:14.061] [DISPLAY] [Main ] [rline_pc] Handling action 'Launch' [EventId: 2]
[2025-09-06 16:33:14.061] [DISPLAY] [Main ] [scuicallbacks] Launch requested: rdr2, , 
[2025-09-06 16:33:14.061] [DISPLAY] [Main ] [scuicallbacks] Launch requested by user: rdr2, default
[2025-09-06 16:33:14.061] [DISPLAY] [Main ] [external] Frontend is ready to launch the title
[2025-09-06 16:33:14.061] [DISPLAY] [Main ] [external] Attempting external title launch...
[2025-09-06 16:33:16.732] [DISPLAY] [Main ] [services] Parsed response from GetApps: 22 title(s), 4 branch(es)
[2025-09-06 16:33:16.743] [DISPLAY] [Admin] [titlemanager] Title list updated.
[2025-09-06 16:33:16.744] [DISPLAY] [Admin] [external] Attempting Steam launch. User is 'CLOUD'
[2025-09-06 16:33:16.755] [DISPLAY] [Main ] [gamelaunch] Begin game launch: rdr2
[2025-09-06 16:33:16.755] [DISPLAY] [Main ] [gamelaunch] Flags: 11
[2025-09-06 16:33:16.755] [DISPLAY] [Main ] [gamelaunch] Path: D:\Games\StemLibrary\steamapps\common\Red Dead Redemption 2
[2025-09-06 16:33:16.760] [DISPLAY] [Main ] [telemetrymanager] Secondary platform is set to: 2
[2025-09-06 16:33:16.761] [DISPLAY] [14908] [gamelaunch] Launch Folder: D:\Games\StemLibrary\steamapps\common\Red Dead Redemption 2
[2025-09-06 16:33:16.761] [DISPLAY] [14908] [gamelaunch] Launch Path: D:\Games\StemLibrary\steamapps\common\Red Dead Redemption 2\RDR2.exe
[2025-09-06 16:33:16.818] [DISPLAY] [Main ] [rline_pc] OnChannelError() - rgsc_ipc_534_channel_4
[2025-09-06 16:33:17.197] [DISPLAY] [14908] [fileutils] Checking version: D:\Games\StemLibrary\steamapps\common\Red Dead Redemption 2\RDR2.exe
[2025-09-06 16:33:17.203] [DISPLAY] [14908] [gamelaunch] RGL is up to date (current: 1.0.103.2534, minimum: 1.0.26.268)
[2025-09-06 16:33:17.203] [DISPLAY] [14908] [fileutils] Checking version: D:\Games\StemLibrary\steamapps\common\Red Dead Redemption 2\RDR2.exe
[2025-09-06 16:33:17.203] [DISPLAY] [14908] [gamelaunch] Red Dead Redemption 2 is up to date (current: 1.0.1491.50, minimum: 1.0.1311.12)
[2025-09-06 16:33:17.203] [DISPLAY] [14908] [fileutils] Checking version: C:\Program Files\Rockstar Games\Social Club\socialclub.dll
[2025-09-06 16:33:21.911] [DISPLAY] [Admin] [titlemanager] Downloading title list...
[2025-09-06 16:33:21.911] [DISPLAY] [Admin] [titlemanager] Downloading title list (SCS)...
[2025-09-06 16:33:25.188] [DISPLAY] [Main ] [services] Parsed response from GetApps: 22 title(s), 4 branch(es)
[2025-09-06 16:33:25.201] [DISPLAY] [Admin] [titlemanager] Title list updated.
[2025-09-06 16:33:27.786] [DISPLAY] [Main ] [cloudsaveop] Cloud Save sync requested for app 'rdr2'
[2025-09-06 16:33:27.803] [DISPLAY] [Main ] [cloudsaveop] Starting cloud save enabled check for app 'rdr2'
[2025-09-06 16:33:27.814] [DISPLAY] [Main ] [cloudsaveop] Received cloud saves enabled state for app 'rdr2' = disabled
[2025-09-06 16:33:27.814] [DISPLAY] [Main ] [cloudsaveop] Finished syncing cloud saves for app 'rdr2'
[2025-09-06 16:33:28.176] [DISPLAY] [net1 ] [audio] Valid Audio Device: true
[2025-09-06 16:33:30.968] [DISPLAY] [14908] [gamelaunch] Launching game...
[2025-09-06 16:33:30.968] [DISPLAY] [14908] [gamelaunch]  Path: D:\Games\StemLibrary\steamapps\common\Red Dead Redemption 2\RDR2.exe
[2025-09-06 16:33:30.968] [DISPLAY] [14908] [gamelaunch]  Command Line: "D:\Games\StemLibrary\steamapps\common\Red Dead Redemption 2\RDR2.exe" -skipPatcherCheck -steamLocation "D:\Games\StemLibrary\steamapps\common\Red Dead Redemption 2" @args.txt -enableCrashpad -useSteam -steamAppId=1174180 -scCommerceProvider=4 @commandline.txt -fromRGL -scDiscordClientId=643897785271189524 -rglLanguage=zh-CHS
[2025-09-06 16:33:30.968] [DISPLAY] [14908] [gamelaunch]  Working Directory: D:\Games\StemLibrary\steamapps\common\Red Dead Redemption 2
[2025-09-06 16:34:00.067] [DISPLAY] [Main ] [rline_pc] OnChannelConnected - rgsc_gameinst_0 (remoteProcessId 20604)
[2025-09-06 16:34:33.187] [DISPLAY] [Main ] [rline_pc] SetRichPresenceText: 在 Red Dead Redemption 2 中空闲
[2025-09-06 16:35:33.183] [DISPLAY] [Main ] [rline_pc] SetRichPresenceText: 正在玩Red Dead Redemption 2：在营地
[2025-09-06 16:37:24.046] [DISPLAY] [Main ] [rline_pc] OnChannelError() - rgsc_gameinst_0
[2025-09-06 16:37:24.063] [DISPLAY] [Main ] [rline_pc] Closing remote browser window: 2
[2025-09-06 16:37:24.063] [DISPLAY] [Main ] [rline_pc] SetRichPresenceText: 
[2025-09-06 16:37:24.684] [DISPLAY] [14908] [gamelaunch] Game exited with code 0x0 (0)
[2025-09-06 16:37:24.701] [DISPLAY] [14908] [crashdetection] Reading game exit file...
[2025-09-06 16:37:24.701] [DISPLAY] [14908] [crashdetection] Updating exit code: 0x00000000
[2025-09-06 16:37:24.701] [WARNING] [14908] [crashdetection] Not found: ERROR_FILE_HASH
[2025-09-06 16:37:24.701] [DISPLAY] [14908] [crashdetection] No additional error information found.
[2025-09-06 16:37:24.701] [WARNING] [14908] [crashdetection] Not found: ERROR_MESSAGE
[2025-09-06 16:37:24.701] [DISPLAY] [14908] [crashdetection] No additional error message found.
[2025-09-06 16:37:24.701] [DISPLAY] [14908] [crashdetection] Deleting game exit file...
[2025-09-06 16:37:24.701] [DISPLAY] [14908] [crashdetection] Exit code 0x0 indicates a clean game shutdown
[2025-09-06 16:37:24.718] [DISPLAY] [Main ] [cloudsaveop] Cloud Save sync requested for app 'rdr2'
[2025-09-06 16:37:24.735] [DISPLAY] [Main ] [cloudsaveop] Starting cloud save enabled check for app 'rdr2'
[2025-09-06 16:37:24.735] [DISPLAY] [Main ] [cloudsaveop] Received cloud saves enabled state for app 'rdr2' = disabled
[2025-09-06 16:37:24.735] [DISPLAY] [Main ] [cloudsaveop] Finished syncing cloud saves for app 'rdr2'
[2025-09-06 16:37:26.106] [DISPLAY] [14908] [launcher] Shutdown requested! Forced: false
[2025-09-06 16:37:26.107] [DISPLAY] [Main ] [launcher] StartShutdown - Now in progress
[2025-09-06 16:37:26.221] [WARNING] [Main ] [worker] Not adding job (15) due to thread exiting
[2025-09-06 16:37:26.238] [WARNING] [Main ] [worker] Not adding job (5) due to thread exiting
[2025-09-06 16:37:26.272] [DISPLAY] [Setti] [localisation] Language updated to: 12
[2025-09-06 16:37:28.668] [DISPLAY] [Main ] [app] Application quit requested (exit code: 0)
[2025-09-06 16:37:28.696] [DISPLAY] [Main ] [svc] Stopping the background service.
