[2025-09-04 21:56:34.595] [DISPLAY] [Main ] [fileutils] Checking version: C:\Program Files\Rockstar Games\Launcher\Launcher.exe
[2025-09-04 21:56:34.599] [DISPLAY] [Main ] [dx12] Retrieving D3D12 graphics info
[2025-09-04 21:56:34.920] [DISPLAY] [dkspa] [libutil_sysinfo] Drive C:\ has 306.86 GB free, 465.17 GB total
[2025-09-04 21:56:34.920] [DISPLAY] [Main ] [launcher] Opening log file.
[2025-09-04 21:56:34.920] [DISPLAY] [dkspa] [libutil_sysinfo] Drive D:\ has 84.99 GB free, 3.73 TB total
[2025-09-04 21:56:34.922] [WARNING] [Main ] [launcher] Unable to move log file, waiting and trying again...
[2025-09-04 21:56:35.423] [WARNING] [Main ] [launcher] Unable to move log file, waiting and trying again...
[2025-09-04 21:56:35.924] [WARNING] [Main ] [launcher] Couldn't move logfile C:\Users\19654\Documents\Rockstar Games\Launcher\launcher.log!
[2025-09-04 21:56:35.924] [DISPLAY] [Main ] [startupinfo] Command line: "C:\Program Files\Rockstar Games\Launcher\Launcher.exe" 
[2025-09-04 21:56:35.924] [DISPLAY] [Main ] [startupinfo] P4 Version: 
[2025-09-04 21:56:35.924] [DISPLAY] [Main ] [startupinfo] RGL Branch: release_03
[2025-09-04 21:56:35.924] [DISPLAY] [Main ] [startupinfo] Version:    1.0.103.2534
[2025-09-04 21:56:35.924] [DISPLAY] [Main ] [startupinfo] Parameters:
[2025-09-04 21:56:35.924] [DISPLAY] [Main ] [startupinfo]     C:\Program Files\Rockstar Games\Launcher\Launcher.exe
[2025-09-04 21:56:35.929] [DISPLAY] [Main ] [startup] Initial Working Directory: C:\Program Files\Rockstar Games\Launcher
[2025-09-04 21:56:35.929] [DISPLAY] [Main ] [startup] Working directory: C:\Program Files\Rockstar Games\Launcher
[2025-09-04 21:56:35.933] [DISPLAY] [Main ] [packfile] Initialize 'Launcher.rpf' - succeeded
[2025-09-04 21:56:35.933] [DISPLAY] [Main ] [localisation] Language updated to: 12
[2025-09-04 21:56:35.972] [DISPLAY] [Main ] [minmode] Starting up normally.
[2025-09-04 21:56:35.997] [DISPLAY] [Main ] [gamepipemtl] Forwarding commands: "C:\Program Files\Rockstar Games\Launcher\Launcher.exe" 
[2025-09-04 21:56:35.997] [DISPLAY] [Main ] [environment] SetEnvironment: prod
