Mono path[0] = 'D:/Games/Steamlibrary/steamapps/common/Panzer Dragoon Remake/Panzer Dragoon Remake_Data/Managed'
Mono config path = 'D:/Games/Steamlibrary/steamapps/common/Panzer Dragoon Remake/MonoBleedingEdge/etc'
Initialize engine version: 2019.3.11f1 (ceef2d848e70)
[Subsystems] Discovering subsystems at path D:/Games/Steamlibrary/steamapps/common/Panzer Dragoon Remake/Panzer Dragoon Remake_Data/UnitySubsystems
GfxDevice: creating device client; threaded=1
Direct3D:
    Version:  Direct3D 11.0 [level 11.1]
    Renderer: NVIDIA GeForce RTX 3070 Laptop GPU (ID=0x249d)
    Vendor:   
    VRAM:     8020 MB
    Driver:   32.0.15.5612
Begin MonoManager ReloadAssembly
- Completed reload, in  3.404 seconds
D3D11 device created for Microsoft Media Foundation video decoding.
<RI> Initializing input.
New input system (experimental) initialized
<RI> Input initialized.
<RI> Initialized touch support.
UnloadTime: 36.757300 ms
Found localization in file D:/Games/Steamlibrary/steamapps/common/Panzer Dragoon Remake/Panzer Dragoon Remake_Data/StreamingAssets/Loc_ZH.json
0x00007FFB860B0C4C (UnityPlayer) 
0x00007FFB860B3F73 (UnityPlayer) 
0x00007FFB860A3A9D (UnityPlayer) 
0x00007FFB8694AB9E (UnityPlayer) UnityMain
0x00007FFB864BD341 (UnityPlayer) UnityMain
0x0000025DF722EE5E (Mono JIT Code) (wrapper managed-to-native) UnityEngine.DebugLogHandler:Internal_Log (UnityEngine.LogType,UnityEngine.LogOption,string,UnityEngine.Object)
0x0000025DF722ECAB (Mono JIT Code) UnityEngine.DebugLogHandler:LogFormat (UnityEngine.LogType,UnityEngine.Object,string,object[])
0x0000025DF722EA30 (Mono JIT Code) UnityEngine.Logger:Log (UnityEngine.LogType,object)
0x0000025DF722E7EA (Mono JIT Code) UnityEngine.Debug:Log (object)
0x0000025DF722D46B (Mono JIT Code) PD_Localization:ReadFile (string)
0x0000025DF722CFEB (Mono JIT Code) PD_GameManager:SetLanguage (Language)
0x0000025DF722C70B (Mono JIT Code) PD_GameManager:OnFinishedLoading ()
0x0000025DF71A7A63 (Mono JIT Code) PD_SaveLoad:Load ()
0x0000025DF71A501B (Mono JIT Code) PD_GameManager:makeSingleton ()
0x0000025DF71A4F53 (Mono JIT Code) PD_GameManager:Awake ()
0x0000025DED862B10 (Mono JIT Code) (wrapper runtime-invoke) object:runtime_invoke_void__this__ (object,intptr,intptr,intptr)
0x00007FFB84C9CBA0 (mono-2.0-bdwgc) mono_get_runtime_build_info
0x00007FFB84C22112 (mono-2.0-bdwgc) mono_perfcounters_init
0x00007FFB84C2B10F (mono-2.0-bdwgc) mono_runtime_invoke
0x00007FFB864597FD (UnityPlayer) UnityMain
0x00007FFB86456BD3 (UnityPlayer) UnityMain
0x00007FFB86456C9E (UnityPlayer) UnityMain
0x00007FFB8647FCD5 (UnityPlayer) UnityMain
0x00007FFB8643FDD0 (UnityPlayer) UnityMain
0x00007FFB8643F43D (UnityPlayer) UnityMain
0x00007FFB8643F70C (UnityPlayer) UnityMain
0x00007FFB864959ED (UnityPlayer) UnityMain
0x00007FFB86495E69 (UnityPlayer) UnityMain
0x00007FFB86331F0D (UnityPlayer) UnityMain
0x00007FFB863339DB (UnityPlayer) UnityMain
0x00007FFB86332583 (UnityPlayer) UnityMain
0x00007FFB86334989 (UnityPlayer) UnityMain
0x00007FFB86334BFE (UnityPlayer) UnityMain
0x00007FFB860D8213 (UnityPlayer) 
0x00007FFB860D6EFA (UnityPlayer) 
0x00007FFB860DAE6C (UnityPlayer) 
0x00007FFB860DE95B (UnityPlayer) UnityMain
0x00007FF7969D11F2 (Panzer Dragoon Remake) 
0x00007FFC43C6257D (KERNEL32) BaseThreadInitThunk
0x00007FFC44A0AF28 (ntdll) RtlUserThreadStart
 
(Filename: C:\buildslave\unity\build\Runtime/Export/Debug/Debug.bindings.h Line: 35)

Game loaded!
0x00007FFB860B0C4C (UnityPlayer) 
0x00007FFB860B3F73 (UnityPlayer) 
0x00007FFB860A3A9D (UnityPlayer) 
0x00007FFB8694AB9E (UnityPlayer) UnityMain
0x00007FFB864BD341 (UnityPlayer) UnityMain
0x0000025DF722EE5E (Mono JIT Code) (wrapper managed-to-native) UnityEngine.DebugLogHandler:Internal_Log (UnityEngine.LogType,UnityEngine.LogOption,string,UnityEngine.Object)
0x0000025DF722ECAB (Mono JIT Code) UnityEngine.DebugLogHandler:LogFormat (UnityEngine.LogType,UnityEngine.Object,string,object[])
0x0000025DF722EA30 (Mono JIT Code) UnityEngine.Logger:Log (UnityEngine.LogType,object)
0x0000025DF722E7EA (Mono JIT Code) UnityEngine.Debug:Log (object)
0x0000025DF71A7A7B (Mono JIT Code) PD_SaveLoad:Load ()
0x0000025DF71A501B (Mono JIT Code) PD_GameManager:makeSingleton ()
0x0000025DF71A4F53 (Mono JIT Code) PD_GameManager:Awake ()
0x0000025DED862B10 (Mono JIT Code) (wrapper runtime-invoke) object:runtime_invoke_void__this__ (object,intptr,intptr,intptr)
0x00007FFB84C9CBA0 (mono-2.0-bdwgc) mono_get_runtime_build_info
0x00007FFB84C22112 (mono-2.0-bdwgc) mono_perfcounters_init
0x00007FFB84C2B10F (mono-2.0-bdwgc) mono_runtime_invoke
0x00007FFB864597FD (UnityPlayer) UnityMain
0x00007FFB86456BD3 (UnityPlayer) UnityMain
0x00007FFB86456C9E (UnityPlayer) UnityMain
0x00007FFB8647FCD5 (UnityPlayer) UnityMain
0x00007FFB8643FDD0 (UnityPlayer) UnityMain
0x00007FFB8643F43D (UnityPlayer) UnityMain
0x00007FFB8643F70C (UnityPlayer) UnityMain
0x00007FFB864959ED (UnityPlayer) UnityMain
0x00007FFB86495E69 (UnityPlayer) UnityMain
0x00007FFB86331F0D (UnityPlayer) UnityMain
0x00007FFB863339DB (UnityPlayer) UnityMain
0x00007FFB86332583 (UnityPlayer) UnityMain
0x00007FFB86334989 (UnityPlayer) UnityMain
0x00007FFB86334BFE (UnityPlayer) UnityMain
0x00007FFB860D8213 (UnityPlayer) 
0x00007FFB860D6EFA (UnityPlayer) 
0x00007FFB860DAE6C (UnityPlayer) 
0x00007FFB860DE95B (UnityPlayer) UnityMain
0x00007FF7969D11F2 (Panzer Dragoon Remake) 
0x00007FFC43C6257D (KERNEL32) BaseThreadInitThunk
0x00007FFC44A0AF28 (ntdll) RtlUserThreadStart
 
(Filename: C:\buildslave\unity\build\Runtime/Export/Debug/Debug.bindings.h Line: 35)

Game ID is 1178880
0x00007FFB860B0C4C (UnityPlayer) 
0x00007FFB860B3F73 (UnityPlayer) 
0x00007FFB860A3A9D (UnityPlayer) 
0x00007FFB8694AB9E (UnityPlayer) UnityMain
0x00007FFB864BD341 (UnityPlayer) UnityMain
0x0000025DF722EE5E (Mono JIT Code) (wrapper managed-to-native) UnityEngine.DebugLogHandler:Internal_Log (UnityEngine.LogType,UnityEngine.LogOption,string,UnityEngine.Object)
0x0000025DF722ECAB (Mono JIT Code) UnityEngine.DebugLogHandler:LogFormat (UnityEngine.LogType,UnityEngine.Object,string,object[])
0x0000025DF722EA30 (Mono JIT Code) UnityEngine.Logger:Log (UnityEngine.LogType,object)
0x0000025DF722E7EA (Mono JIT Code) UnityEngine.Debug:Log (object)
0x0000025DF750013B (Mono JIT Code) PD_SteamAchievementManager:OnEnable ()
0x0000025DED862B10 (Mono JIT Code) (wrapper runtime-invoke) object:runtime_invoke_void__this__ (object,intptr,intptr,intptr)
0x00007FFB84C9CBA0 (mono-2.0-bdwgc) mono_get_runtime_build_info
0x00007FFB84C22112 (mono-2.0-bdwgc) mono_perfcounters_init
0x00007FFB84C2B10F (mono-2.0-bdwgc) mono_runtime_invoke
0x00007FFB864597FD (UnityPlayer) UnityMain
0x00007FFB86456BD3 (UnityPlayer) UnityMain
0x00007FFB8643FEF3 (UnityPlayer) UnityMain
0x00007FFB8643F49F (UnityPlayer) UnityMain
0x00007FFB8643F70C (UnityPlayer) UnityMain
0x00007FFB864959ED (UnityPlayer) UnityMain
0x00007FFB86495E69 (UnityPlayer) UnityMain
0x00007FFB86331F0D (UnityPlayer) UnityMain
0x00007FFB863339DB (UnityPlayer) UnityMain
0x00007FFB86332583 (UnityPlayer) UnityMain
0x00007FFB86334989 (UnityPlayer) UnityMain
0x00007FFB86334BFE (UnityPlayer) UnityMain
0x00007FFB860D8213 (UnityPlayer) 
0x00007FFB860D6EFA (UnityPlayer) 
0x00007FFB860DAE6C (UnityPlayer) 
0x00007FFB860DE95B (UnityPlayer) UnityMain
0x00007FF7969D11F2 (Panzer Dragoon Remake) 
0x00007FFC43C6257D (KERNEL32) BaseThreadInitThunk
0x00007FFC44A0AF28 (ntdll) RtlUserThreadStart
 
(Filename: C:\buildslave\unity\build\Runtime/Export/Debug/Debug.bindings.h Line: 35)

Parsed time: 1.21
0x00007FFB860B0C4C (UnityPlayer) 
0x00007FFB860B3F73 (UnityPlayer) 
0x00007FFB860A3A9D (UnityPlayer) 
0x00007FFB8694AB9E (UnityPlayer) UnityMain
0x00007FFB864BD341 (UnityPlayer) UnityMain
0x0000025DF722EE5E (Mono JIT Code) (wrapper managed-to-native) UnityEngine.DebugLogHandler:Internal_Log (UnityEngine.LogType,UnityEngine.LogOption,string,UnityEngine.Object)
0x0000025DF722ECAB (Mono JIT Code) UnityEngine.DebugLogHandler:LogFormat (UnityEngine.LogType,UnityEngine.Object,string,object[])
0x0000025DF722EA30 (Mono JIT Code) UnityEngine.Logger:Log (UnityEngine.LogType,object)
0x0000025DF722E7EA (Mono JIT Code) UnityEngine.Debug:Log (object)
0x0000025DFBCE6653 (Mono JIT Code) PD_SteamAchievementManager:StoreStats ()
0x0000025DFBCE61FB (Mono JIT Code) PD_LevelController:Start ()
0x0000025DFBCE5F43 (Mono JIT Code) PD_CutsceneLevelController:Start ()
0x0000025DED862B10 (Mono JIT Code) (wrapper runtime-invoke) object:runtime_invoke_void__this__ (object,intptr,intptr,intptr)
0x00007FFB84C9CBA0 (mono-2.0-bdwgc) mono_get_runtime_build_info
0x00007FFB84C22112 (mono-2.0-bdwgc) mono_perfcounters_init
0x00007FFB84C2B10F (mono-2.0-bdwgc) mono_runtime_invoke
0x00007FFB864597FD (UnityPlayer) UnityMain
0x00007FFB86456BD3 (UnityPlayer) UnityMain
0x00007FFB86442499 (UnityPlayer) UnityMain
0x00007FFB8644252E (UnityPlayer) UnityMain
0x00007FFB864404A9 (UnityPlayer) UnityMain
0x00007FFB861D71BD (UnityPlayer) UnityMain
0x00007FFB8631C587 (UnityPlayer) UnityMain
0x00007FFB8631C623 (UnityPlayer) UnityMain
0x00007FFB8631EA23 (UnityPlayer) UnityMain
0x00007FFB860D819E (UnityPlayer) 
0x00007FFB860D6EFA (UnityPlayer) 
0x00007FFB860DAE6C (UnityPlayer) 
0x00007FFB860DE95B (UnityPlayer) UnityMain
0x00007FF7969D11F2 (Panzer Dragoon Remake) 
0x00007FFC43C6257D (KERNEL32) BaseThreadInitThunk
0x00007FFC44A0AF28 (ntdll) RtlUserThreadStart
 
(Filename: C:\buildslave\unity\build\Runtime/Export/Debug/Debug.bindings.h Line: 35)

Input helper in Cutscene mode!
0x00007FFB860B0C4C (UnityPlayer) 
0x00007FFB860B3F73 (UnityPlayer) 
0x00007FFB860A3A9D (UnityPlayer) 
0x00007FFB8694AB9E (UnityPlayer) UnityMain
0x00007FFB864BD341 (UnityPlayer) UnityMain
0x0000025DF722EE5E (Mono JIT Code) (wrapper managed-to-native) UnityEngine.DebugLogHandler:Internal_Log (UnityEngine.LogType,UnityEngine.LogOption,string,UnityEngine.Object)
0x0000025DF722ECAB (Mono JIT Code) UnityEngine.DebugLogHandler:LogFormat (UnityEngine.LogType,UnityEngine.Object,string,object[])
0x0000025DF722EA30 (Mono JIT Code) UnityEngine.Logger:Log (UnityEngine.LogType,object)
0x0000025DF722E7EA (Mono JIT Code) UnityEngine.Debug:Log (object)
0x0000025DFBCEA24B (Mono JIT Code) PD_InputHelper:HandleCutscene ()
0x0000025DFBCE6053 (Mono JIT Code) PD_CutsceneLevelController:Start ()
0x0000025DED862B10 (Mono JIT Code) (wrapper runtime-invoke) object:runtime_invoke_void__this__ (object,intptr,intptr,intptr)
0x00007FFB84C9CBA0 (mono-2.0-bdwgc) mono_get_runtime_build_info
0x00007FFB84C22112 (mono-2.0-bdwgc) mono_perfcounters_init
0x00007FFB84C2B10F (mono-2.0-bdwgc) mono_runtime_invoke
0x00007FFB864597FD (UnityPlayer) UnityMain
0x00007FFB86456BD3 (UnityPlayer) UnityMain
0x00007FFB86442499 (UnityPlayer) UnityMain
0x00007FFB8644252E (UnityPlayer) UnityMain
0x00007FFB864404A9 (UnityPlayer) UnityMain
0x00007FFB861D71BD (UnityPlayer) UnityMain
0x00007FFB8631C587 (UnityPlayer) UnityMain
0x00007FFB8631C623 (UnityPlayer) UnityMain
0x00007FFB8631EA23 (UnityPlayer) UnityMain
0x00007FFB860D819E (UnityPlayer) 
0x00007FFB860D6EFA (UnityPlayer) 
0x00007FFB860DAE6C (UnityPlayer) 
0x00007FFB860DE95B (UnityPlayer) UnityMain
0x00007FF7969D11F2 (Panzer Dragoon Remake) 
0x00007FFC43C6257D (KERNEL32) BaseThreadInitThunk
0x00007FFC44A0AF28 (ntdll) RtlUserThreadStart
 
(Filename: C:\buildslave\unity\build\Runtime/Export/Debug/Debug.bindings.h Line: 35)

STEAM LEADERBOARDS: Found - 1 leaderboardID - 5556034
0x00007FFB860B0C4C (UnityPlayer) 
0x00007FFB860B3F73 (UnityPlayer) 
0x00007FFB860A3A9D (UnityPlayer) 
0x00007FFB8694AB9E (UnityPlayer) UnityMain
0x00007FFB864BD341 (UnityPlayer) UnityMain
0x0000025DF722EE5E (Mono JIT Code) (wrapper managed-to-native) UnityEngine.DebugLogHandler:Internal_Log (UnityEngine.LogType,UnityEngine.LogOption,string,UnityEngine.Object)
0x0000025DF722ECAB (Mono JIT Code) UnityEngine.DebugLogHandler:LogFormat (UnityEngine.LogType,UnityEngine.Object,string,object[])
0x0000025DF722EA30 (Mono JIT Code) UnityEngine.Logger:Log (UnityEngine.LogType,object)
0x0000025DF722E7EA (Mono JIT Code) UnityEngine.Debug:Log (object)
0x0000025DFBCF5AD3 (Mono JIT Code) PD_SteamAchievementManager:OnLeaderboardFindResult (Steamworks.LeaderboardFindResult_t,bool)
0x0000025DFBCF5C03 (Mono JIT Code) (wrapper delegate-invoke) Steamworks.CallResult`1/APIDispatchDelegate<Steamworks.LeaderboardFindResult_t>:invoke_void_T_bool (Steamworks.LeaderboardFindResult_t,bool)
0x0000025DFBCF5639 (Mono JIT Code) Steamworks.CallResult`1<Steamworks.LeaderboardFindResult_t>:OnRunCallResult (intptr,intptr,bool,ulong)
0x0000025DF20C0163 (Mono JIT Code) (wrapper native-to-managed) Steamworks.CallResult`1<Steamworks.LeaderboardFindResult_t>:OnRunCallResult (intptr,intptr,byte,ulong)
0x00007FFC29CE40D9 ((<unknown>)) 
0x00007FFC29CE3E64 ((<unknown>)) 
0x00007FFC29CE3C17 ((<unknown>)) 
0x00007FFC29CE3B49 ((<unknown>)) 
0x00007FFC29CE7429 ((<unknown>)) 
0x0000025DFBCF5474 (Mono JIT Code) (wrapper managed-to-native) Steamworks.NativeMethods:SteamAPI_RunCallbacks ()
0x0000025DFBCF53EB (Mono JIT Code) Steamworks.SteamAPI:RunCallbacks ()
0x0000025DFBCF530B (Mono JIT Code) PD_SteamAchievementManager:Update ()
0x0000025DED862B10 (Mono JIT Code) (wrapper runtime-invoke) object:runtime_invoke_void__this__ (object,intptr,intptr,intptr)
0x00007FFB84C9CBA0 (mono-2.0-bdwgc) mono_get_runtime_build_info
0x00007FFB84C22112 (mono-2.0-bdwgc) mono_perfcounters_init
0x00007FFB84C2B10F (mono-2.0-bdwgc) mono_runtime_invoke
0x00007FFB864597FD (UnityPlayer) UnityMain
0x00007FFB86456BD3 (UnityPlayer) UnityMain
0x00007FFB8643FEF3 (UnityPlayer) UnityMain
0x00007FFB8643FFAD (UnityPlayer) UnityMain
0x00007FFB861D3180 (UnityPlayer) UnityMain
0x00007FFB8631C587 (UnityPlayer) UnityMain
0x00007FFB8631C623 (UnityPlayer) UnityMain
0x00007FFB8631EA23 (UnityPlayer) UnityMain
0x00007FFB860D819E (UnityPlayer) 
0x00007FFB860D6EFA (UnityPlayer) 
0x00007FFB860DAE6C (UnityPlayer) 
0x00007FFB860DE95B (UnityPlayer) UnityMain
0x00007FF7969D11F2 (Panzer Dragoon Remake) 
0x00007FFC43C6257D (KERNEL32) BaseThreadInitThunk
0x00007FFC44A0AF28 (ntdll) RtlUserThreadStart
 
(Filename: C:\buildslave\unity\build\Runtime/Export/Debug/Debug.bindings.h Line: 35)

StoreStats - success
0x00007FFB860B0C4C (UnityPlayer) 
0x00007FFB860B3F73 (UnityPlayer) 
0x00007FFB860A3A9D (UnityPlayer) 
0x00007FFB8694AB9E (UnityPlayer) UnityMain
0x00007FFB864BD341 (UnityPlayer) UnityMain
0x0000025DF722EE5E (Mono JIT Code) (wrapper managed-to-native) UnityEngine.DebugLogHandler:Internal_Log (UnityEngine.LogType,UnityEngine.LogOption,string,UnityEngine.Object)
0x0000025DF722ECAB (Mono JIT Code) UnityEngine.DebugLogHandler:LogFormat (UnityEngine.LogType,UnityEngine.Object,string,object[])
0x0000025DF722EA30 (Mono JIT Code) UnityEngine.Logger:Log (UnityEngine.LogType,object)
0x0000025DF722E7EA (Mono JIT Code) UnityEngine.Debug:Log (object)
0x0000025DFBCF61F3 (Mono JIT Code) PD_SteamAchievementManager:OnUserStatsStored (Steamworks.UserStatsStored_t)
0x0000025DFBCF6083 (Mono JIT Code) Steamworks.Callback`1<Steamworks.UserStatsStored_t>:OnRunCallback (intptr,intptr)
0x0000025DF20C1913 (Mono JIT Code) (wrapper native-to-managed) Steamworks.Callback`1<Steamworks.UserStatsStored_t>:OnRunCallback (intptr,intptr)
0x00007FFC29CE3E64 ((<unknown>)) 
0x00007FFC29CE3C17 ((<unknown>)) 
0x00007FFC29CE3B49 ((<unknown>)) 
0x00007FFC29CE7429 ((<unknown>)) 
0x0000025DFBCF5474 (Mono JIT Code) (wrapper managed-to-native) Steamworks.NativeMethods:SteamAPI_RunCallbacks ()
0x0000025DFBCF53EB (Mono JIT Code) Steamworks.SteamAPI:RunCallbacks ()
0x0000025DFBCF530B (Mono JIT Code) PD_SteamAchievementManager:Update ()
0x0000025DED862B10 (Mono JIT Code) (wrapper runtime-invoke) object:runtime_invoke_void__this__ (object,intptr,intptr,intptr)
0x00007FFB84C9CBA0 (mono-2.0-bdwgc) mono_get_runtime_build_info
0x00007FFB84C22112 (mono-2.0-bdwgc) mono_perfcounters_init
0x00007FFB84C2B10F (mono-2.0-bdwgc) mono_runtime_invoke
0x00007FFB864597FD (UnityPlayer) UnityMain
0x00007FFB86456BD3 (UnityPlayer) UnityMain
0x00007FFB8643FEF3 (UnityPlayer) UnityMain
0x00007FFB8643FFAD (UnityPlayer) UnityMain
0x00007FFB861D3180 (UnityPlayer) UnityMain
0x00007FFB8631C587 (UnityPlayer) UnityMain
0x00007FFB8631C623 (UnityPlayer) UnityMain
0x00007FFB8631EA23 (UnityPlayer) UnityMain
0x00007FFB860D819E (UnityPlayer) 
0x00007FFB860D6EFA (UnityPlayer) 
0x00007FFB860DAE6C (UnityPlayer) 
0x00007FFB860DE95B (UnityPlayer) UnityMain
0x00007FF7969D11F2 (Panzer Dragoon Remake) 
0x00007FFC43C6257D (KERNEL32) BaseThreadInitThunk
0x00007FFC44A0AF28 (ntdll) RtlUserThreadStart
 
(Filename: C:\buildslave\unity\build\Runtime/Export/Debug/Debug.bindings.h Line: 35)

StoreStats - success
0x00007FFB860B0C4C (UnityPlayer) 
0x00007FFB860B3F73 (UnityPlayer) 
0x00007FFB860A3A9D (UnityPlayer) 
0x00007FFB8694AB9E (UnityPlayer) UnityMain
0x00007FFB864BD341 (UnityPlayer) UnityMain
0x0000025DF722EE5E (Mono JIT Code) (wrapper managed-to-native) UnityEngine.DebugLogHandler:Internal_Log (UnityEngine.LogType,UnityEngine.LogOption,string,UnityEngine.Object)
0x0000025DF722ECAB (Mono JIT Code) UnityEngine.DebugLogHandler:LogFormat (UnityEngine.LogType,UnityEngine.Object,string,object[])
0x0000025DF722EA30 (Mono JIT Code) UnityEngine.Logger:Log (UnityEngine.LogType,object)
0x0000025DF722E7EA (Mono JIT Code) UnityEngine.Debug:Log (object)
0x0000025DFBCF61F3 (Mono JIT Code) PD_SteamAchievementManager:OnUserStatsStored (Steamworks.UserStatsStored_t)
0x0000025DFBCF6083 (Mono JIT Code) Steamworks.Callback`1<Steamworks.UserStatsStored_t>:OnRunCallback (intptr,intptr)
0x0000025DF20C1913 (Mono JIT Code) (wrapper native-to-managed) Steamworks.Callback`1<Steamworks.UserStatsStored_t>:OnRunCallback (intptr,intptr)
0x00007FFC29CE3E64 ((<unknown>)) 
0x00007FFC29CE3C17 ((<unknown>)) 
0x00007FFC29CE3B49 ((<unknown>)) 
0x00007FFC29CE7429 ((<unknown>)) 
0x0000025DFBCF5474 (Mono JIT Code) (wrapper managed-to-native) Steamworks.NativeMethods:SteamAPI_RunCallbacks ()
0x0000025DFBCF53EB (Mono JIT Code) Steamworks.SteamAPI:RunCallbacks ()
0x0000025DFBCF530B (Mono JIT Code) PD_SteamAchievementManager:Update ()
0x0000025DED862B10 (Mono JIT Code) (wrapper runtime-invoke) object:runtime_invoke_void__this__ (object,intptr,intptr,intptr)
0x00007FFB84C9CBA0 (mono-2.0-bdwgc) mono_get_runtime_build_info
0x00007FFB84C22112 (mono-2.0-bdwgc) mono_perfcounters_init
0x00007FFB84C2B10F (mono-2.0-bdwgc) mono_runtime_invoke
0x00007FFB864597FD (UnityPlayer) UnityMain
0x00007FFB86456BD3 (UnityPlayer) UnityMain
0x00007FFB8643FEF3 (UnityPlayer) UnityMain
0x00007FFB8643FFAD (UnityPlayer) UnityMain
0x00007FFB861D3180 (UnityPlayer) UnityMain
0x00007FFB8631C587 (UnityPlayer) UnityMain
0x00007FFB8631C623 (UnityPlayer) UnityMain
0x00007FFB8631EA23 (UnityPlayer) UnityMain
0x00007FFB860D819E (UnityPlayer) 
0x00007FFB860D6EFA (UnityPlayer) 
0x00007FFB860DAE6C (UnityPlayer) 
0x00007FFB860DE95B (UnityPlayer) UnityMain
0x00007FF7969D11F2 (Panzer Dragoon Remake) 
0x00007FFC43C6257D (KERNEL32) BaseThreadInitThunk
0x00007FFC44A0AF28 (ntdll) RtlUserThreadStart
 
(Filename: C:\buildslave\unity\build\Runtime/Export/Debug/Debug.bindings.h Line: 35)

Received stats and achievements from Steam

0x00007FFB860B0C4C (UnityPlayer) 
0x00007FFB860B3F73 (UnityPlayer) 
0x00007FFB860A3A9D (UnityPlayer) 
0x00007FFB8694AB9E (UnityPlayer) UnityMain
0x00007FFB864BD341 (UnityPlayer) UnityMain
0x0000025DF722EE5E (Mono JIT Code) (wrapper managed-to-native) UnityEngine.DebugLogHandler:Internal_Log (UnityEngine.LogType,UnityEngine.LogOption,string,UnityEngine.Object)
0x0000025DF722ECAB (Mono JIT Code) UnityEngine.DebugLogHandler:LogFormat (UnityEngine.LogType,UnityEngine.Object,string,object[])
0x0000025DF722EA30 (Mono JIT Code) UnityEngine.Logger:Log (UnityEngine.LogType,object)
0x0000025DF722E7EA (Mono JIT Code) UnityEngine.Debug:Log (object)
0x0000025DFBDC188B (Mono JIT Code) PD_SteamAchievementManager:OnUserStatsReceived (Steamworks.UserStatsReceived_t)
0x0000025DFBDC16E3 (Mono JIT Code) Steamworks.Callback`1<Steamworks.UserStatsReceived_t>:OnRunCallback (intptr,intptr)
0x0000025DF20C11F3 (Mono JIT Code) (wrapper native-to-managed) Steamworks.Callback`1<Steamworks.UserStatsReceived_t>:OnRunCallback (intptr,intptr)
0x00007FFC29CE3E64 ((<unknown>)) 
0x00007FFC29CE3C17 ((<unknown>)) 
0x00007FFC29CE3B49 ((<unknown>)) 
0x00007FFC29CE7429 ((<unknown>)) 
0x0000025DFBCF5474 (Mono JIT Code) (wrapper managed-to-native) Steamworks.NativeMethods:SteamAPI_RunCallbacks ()
0x0000025DFBCF53EB (Mono JIT Code) Steamworks.SteamAPI:RunCallbacks ()
0x0000025DFBCF530B (Mono JIT Code) PD_SteamAchievementManager:Update ()
0x0000025DED862B10 (Mono JIT Code) (wrapper runtime-invoke) object:runtime_invoke_void__this__ (object,intptr,intptr,intptr)
0x00007FFB84C9CBA0 (mono-2.0-bdwgc) mono_get_runtime_build_info
0x00007FFB84C22112 (mono-2.0-bdwgc) mono_perfcounters_init
0x00007FFB84C2B10F (mono-2.0-bdwgc) mono_runtime_invoke
0x00007FFB864597FD (UnityPlayer) UnityMain
0x00007FFB86456BD3 (UnityPlayer) UnityMain
0x00007FFB8643FEF3 (UnityPlayer) UnityMain
0x00007FFB8643FFAD (UnityPlayer) UnityMain
0x00007FFB861D3180 (UnityPlayer) UnityMain
0x00007FFB8631C587 (UnityPlayer) UnityMain
0x00007FFB8631C623 (UnityPlayer) UnityMain
0x00007FFB8631EA23 (UnityPlayer) UnityMain
0x00007FFB860D819E (UnityPlayer) 
0x00007FFB860D6EFA (UnityPlayer) 
0x00007FFB860DAE6C (UnityPlayer) 
0x00007FFB860DE95B (UnityPlayer) UnityMain
0x00007FF7969D11F2 (Panzer Dragoon Remake) 
0x00007FFC43C6257D (KERNEL32) BaseThreadInitThunk
0x00007FFC44A0AF28 (ntdll) RtlUserThreadStart
 
(Filename: C:\buildslave\unity\build\Runtime/Export/Debug/Debug.bindings.h Line: 35)

StoreStats - success
0x00007FFB860B0C4C (UnityPlayer) 
0x00007FFB860B3F73 (UnityPlayer) 
0x00007FFB860A3A9D (UnityPlayer) 
0x00007FFB8694AB9E (UnityPlayer) UnityMain
0x00007FFB864BD341 (UnityPlayer) UnityMain
0x0000025DF722EE5E (Mono JIT Code) (wrapper managed-to-native) UnityEngine.DebugLogHandler:Internal_Log (UnityEngine.LogType,UnityEngine.LogOption,string,UnityEngine.Object)
0x0000025DF722ECAB (Mono JIT Code) UnityEngine.DebugLogHandler:LogFormat (UnityEngine.LogType,UnityEngine.Object,string,object[])
0x0000025DF722EA30 (Mono JIT Code) UnityEngine.Logger:Log (UnityEngine.LogType,object)
0x0000025DF722E7EA (Mono JIT Code) UnityEngine.Debug:Log (object)
0x0000025DFBCF61F3 (Mono JIT Code) PD_SteamAchievementManager:OnUserStatsStored (Steamworks.UserStatsStored_t)
0x0000025DFBCF6083 (Mono JIT Code) Steamworks.Callback`1<Steamworks.UserStatsStored_t>:OnRunCallback (intptr,intptr)
0x0000025DF20C1913 (Mono JIT Code) (wrapper native-to-managed) Steamworks.Callback`1<Steamworks.UserStatsStored_t>:OnRunCallback (intptr,intptr)
0x00007FFC29CE3E64 ((<unknown>)) 
0x00007FFC29CE3C17 ((<unknown>)) 
0x00007FFC29CE3B49 ((<unknown>)) 
0x00007FFC29CE7429 ((<unknown>)) 
0x0000025DFBCF5474 (Mono JIT Code) (wrapper managed-to-native) Steamworks.NativeMethods:SteamAPI_RunCallbacks ()
0x0000025DFBCF53EB (Mono JIT Code) Steamworks.SteamAPI:RunCallbacks ()
0x0000025DFBCF650B (Mono JIT Code) SteamManager:Update ()
0x0000025DED862B10 (Mono JIT Code) (wrapper runtime-invoke) object:runtime_invoke_void__this__ (object,intptr,intptr,intptr)
0x00007FFB84C9CBA0 (mono-2.0-bdwgc) mono_get_runtime_build_info
0x00007FFB84C22112 (mono-2.0-bdwgc) mono_perfcounters_init
0x00007FFB84C2B10F (mono-2.0-bdwgc) mono_runtime_invoke
0x00007FFB864597FD (UnityPlayer) UnityMain
0x00007FFB86456BD3 (UnityPlayer) UnityMain
0x00007FFB8643FEF3 (UnityPlayer) UnityMain
0x00007FFB8643FFAD (UnityPlayer) UnityMain
0x00007FFB861D3180 (UnityPlayer) UnityMain
0x00007FFB8631C587 (UnityPlayer) UnityMain
0x00007FFB8631C623 (UnityPlayer) UnityMain
0x00007FFB8631EA23 (UnityPlayer) UnityMain
0x00007FFB860D819E (UnityPlayer) 
0x00007FFB860D6EFA (UnityPlayer) 
0x00007FFB860DAE6C (UnityPlayer) 
0x00007FFB860DE95B (UnityPlayer) UnityMain
0x00007FF7969D11F2 (Panzer Dragoon Remake) 
0x00007FFC43C6257D (KERNEL32) BaseThreadInitThunk
0x00007FFC44A0AF28 (ntdll) RtlUserThreadStart
 
(Filename: C:\buildslave\unity\build\Runtime/Export/Debug/Debug.bindings.h Line: 35)

Applied vsync settings!
0x00007FFB860B0C4C (UnityPlayer) 
0x00007FFB860B3F73 (UnityPlayer) 
0x00007FFB860A3A9D (UnityPlayer) 
0x00007FFB8694AB9E (UnityPlayer) UnityMain
0x00007FFB864BD341 (UnityPlayer) UnityMain
0x0000025DF722EE5E (Mono JIT Code) (wrapper managed-to-native) UnityEngine.DebugLogHandler:Internal_Log (UnityEngine.LogType,UnityEngine.LogOption,string,UnityEngine.Object)
0x0000025DF722ECAB (Mono JIT Code) UnityEngine.DebugLogHandler:LogFormat (UnityEngine.LogType,UnityEngine.Object,string,object[])
0x0000025DF722EA30 (Mono JIT Code) UnityEngine.Logger:Log (UnityEngine.LogType,object)
0x0000025DF722E7EA (Mono JIT Code) UnityEngine.Debug:Log (object)
0x0000025DFBDC3163 (Mono JIT Code) PD_GraphicSettingsApplier:applyFullScreenModeAndResolution ()
0x0000025DFBDC30AB (Mono JIT Code) PD_GraphicSettingsApplier:ApplyResolutionSettings ()
0x0000025DF74F1483 (Mono JIT Code) PD_GameManager/<delayAllSettingsApplies>d__54:MoveNext ()
0x0000025DF74F11AC (Mono JIT Code) UnityEngine.SetupCoroutine:InvokeMoveNext (System.Collections.IEnumerator,intptr)
0x0000025DF74F12D7 (Mono JIT Code) (wrapper runtime-invoke) <Module>:runtime_invoke_void_object_intptr (object,intptr,intptr,intptr)
0x00007FFB84C9CBA0 (mono-2.0-bdwgc) mono_get_runtime_build_info
0x00007FFB84C22112 (mono-2.0-bdwgc) mono_perfcounters_init
0x00007FFB84C2B10F (mono-2.0-bdwgc) mono_runtime_invoke
0x00007FFB864597FD (UnityPlayer) UnityMain
0x00007FFB86456BD3 (UnityPlayer) UnityMain
0x00007FFB8643D190 (UnityPlayer) UnityMain
0x00007FFB861D71BD (UnityPlayer) UnityMain
0x00007FFB8631C587 (UnityPlayer) UnityMain
0x00007FFB8631C623 (UnityPlayer) UnityMain
0x00007FFB8631EA23 (UnityPlayer) UnityMain
0x00007FFB860D819E (UnityPlayer) 
0x00007FFB860D6EFA (UnityPlayer) 
0x00007FFB860DAE6C (UnityPlayer) 
0x00007FFB860DE95B (UnityPlayer) UnityMain
0x00007FF7969D11F2 (Panzer Dragoon Remake) 
0x00007FFC43C6257D (KERNEL32) BaseThreadInitThunk
0x00007FFC44A0AF28 (ntdll) RtlUserThreadStart
 
(Filename: C:\buildslave\unity\build\Runtime/Export/Debug/Debug.bindings.h Line: 35)

Input helper in Cutscene mode!
0x00007FFB860B0C4C (UnityPlayer) 
0x00007FFB860B3F73 (UnityPlayer) 
0x00007FFB860A3A9D (UnityPlayer) 
0x00007FFB8694AB9E (UnityPlayer) UnityMain
0x00007FFB864BD341 (UnityPlayer) UnityMain
0x0000025DF722EE5E (Mono JIT Code) (wrapper managed-to-native) UnityEngine.DebugLogHandler:Internal_Log (UnityEngine.LogType,UnityEngine.LogOption,string,UnityEngine.Object)
0x0000025DF722ECAB (Mono JIT Code) UnityEngine.DebugLogHandler:LogFormat (UnityEngine.LogType,UnityEngine.Object,string,object[])
0x0000025DF722EA30 (Mono JIT Code) UnityEngine.Logger:Log (UnityEngine.LogType,object)
0x0000025DF722E7EA (Mono JIT Code) UnityEngine.Debug:Log (object)
0x0000025DFBCEA24B (Mono JIT Code) PD_InputHelper:HandleCutscene ()
0x0000025DFBCE565B (Mono JIT Code) PD_IntroTextController/<Start>d__10:MoveNext ()
0x0000025DF74F11AC (Mono JIT Code) UnityEngine.SetupCoroutine:InvokeMoveNext (System.Collections.IEnumerator,intptr)
0x0000025DF74F12D7 (Mono JIT Code) (wrapper runtime-invoke) <Module>:runtime_invoke_void_object_intptr (object,intptr,intptr,intptr)
0x00007FFB84C9CBA0 (mono-2.0-bdwgc) mono_get_runtime_build_info
0x00007FFB84C22112 (mono-2.0-bdwgc) mono_perfcounters_init
0x00007FFB84C2B10F (mono-2.0-bdwgc) mono_runtime_invoke
0x00007FFB864597FD (UnityPlayer) UnityMain
0x00007FFB86456BD3 (UnityPlayer) UnityMain
0x00007FFB8643D190 (UnityPlayer) UnityMain
0x00007FFB861D71BD (UnityPlayer) UnityMain
0x00007FFB8631C587 (UnityPlayer) UnityMain
0x00007FFB8631C623 (UnityPlayer) UnityMain
0x00007FFB8631EA23 (UnityPlayer) UnityMain
0x00007FFB860D819E (UnityPlayer) 
0x00007FFB860D6EFA (UnityPlayer) 
0x00007FFB860DAE6C (UnityPlayer) 
0x00007FFB860DE95B (UnityPlayer) UnityMain
0x00007FF7969D11F2 (Panzer Dragoon Remake) 
0x00007FFC43C6257D (KERNEL32) BaseThreadInitThunk
0x00007FFC44A0AF28 (ntdll) RtlUserThreadStart
 
(Filename: C:\buildslave\unity\build\Runtime/Export/Debug/Debug.bindings.h Line: 35)

Input helper in Cutscene mode!
0x00007FFB860B0C4C (UnityPlayer) 
0x00007FFB860B3F73 (UnityPlayer) 
0x00007FFB860A3A9D (UnityPlayer) 
0x00007FFB8694AB9E (UnityPlayer) UnityMain
0x00007FFB864BD341 (UnityPlayer) UnityMain
0x0000025DF722EE5E (Mono JIT Code) (wrapper managed-to-native) UnityEngine.DebugLogHandler:Internal_Log (UnityEngine.LogType,UnityEngine.LogOption,string,UnityEngine.Object)
0x0000025DF722ECAB (Mono JIT Code) UnityEngine.DebugLogHandler:LogFormat (UnityEngine.LogType,UnityEngine.Object,string,object[])
0x0000025DF722EA30 (Mono JIT Code) UnityEngine.Logger:Log (UnityEngine.LogType,object)
0x0000025DF722E7EA (Mono JIT Code) UnityEngine.Debug:Log (object)
0x0000025DFBCEA24B (Mono JIT Code) PD_InputHelper:HandleCutscene ()
0x0000025DFBDC3DFB (Mono JIT Code) PD_IntroTextController:Play ()
0x0000025DFBCE5673 (Mono JIT Code) PD_IntroTextController/<Start>d__10:MoveNext ()
0x0000025DF74F11AC (Mono JIT Code) UnityEngine.SetupCoroutine:InvokeMoveNext (System.Collections.IEnumerator,intptr)
0x0000025DF74F12D7 (Mono JIT Code) (wrapper runtime-invoke) <Module>:runtime_invoke_void_object_intptr (object,intptr,intptr,intptr)
0x00007FFB84C9CBA0 (mono-2.0-bdwgc) mono_get_runtime_build_info
0x00007FFB84C22112 (mono-2.0-bdwgc) mono_perfcounters_init
0x00007FFB84C2B10F (mono-2.0-bdwgc) mono_runtime_invoke
0x00007FFB864597FD (UnityPlayer) UnityMain
0x00007FFB86456BD3 (UnityPlayer) UnityMain
0x00007FFB8643D190 (UnityPlayer) UnityMain
0x00007FFB861D71BD (UnityPlayer) UnityMain
0x00007FFB8631C587 (UnityPlayer) UnityMain
0x00007FFB8631C623 (UnityPlayer) UnityMain
0x00007FFB8631EA23 (UnityPlayer) UnityMain
0x00007FFB860D819E (UnityPlayer) 
0x00007FFB860D6EFA (UnityPlayer) 
0x00007FFB860DAE6C (UnityPlayer) 
0x00007FFB860DE95B (UnityPlayer) UnityMain
0x00007FF7969D11F2 (Panzer Dragoon Remake) 
0x00007FFC43C6257D (KERNEL32) BaseThreadInitThunk
0x00007FFC44A0AF28 (ntdll) RtlUserThreadStart
 
(Filename: C:\buildslave\unity\build\Runtime/Export/Debug/Debug.bindings.h Line: 35)

Setting up 8 worker threads for Enlighten.
  Thread -> id: 3afc -> priority: 1 
  Thread -> id: 567c -> priority: 1 
  Thread -> id: 5428 -> priority: 1 
  Thread -> id: 18a4 -> priority: 1 
  Thread -> id: 5c88 -> priority: 1 
  Thread -> id: 1140 -> priority: 1 
  Thread -> id: 5a10 -> priority: 1 
  Thread -> id: 63b8 -> priority: 1 
