Mono path[0] = 'D:/Games/SteamLibrary/steamapps/common/Panzer Dragoon Remake/Panzer Dragoon Remake_Data/Managed'
Mono config path = 'D:/Games/SteamLibrary/steamapps/common/Panzer Dragoon Remake/MonoBleedingEdge/etc'
Initialize engine version: 2019.3.11f1 (ceef2d848e70)
[Subsystems] Discovering subsystems at path D:/Games/SteamLibrary/steamapps/common/Panzer Dragoon Remake/Panzer Dragoon Remake_Data/UnitySubsystems
GfxDevice: creating device client; threaded=1
Direct3D:
    Version:  Direct3D 11.0 [level 11.1]
    Renderer: NVIDIA GeForce RTX 3070 Laptop GPU (ID=0x249d)
    Vendor:   
    VRAM:     8020 MB
    Driver:   31.0.15.5212
Begin MonoManager ReloadAssembly
- Completed reload, in 16.973 seconds
D3D11 device created for Microsoft Media Foundation video decoding.
<RI> Initializing input.
New input system (experimental) initialized
<RI> Input initialized.
d3d11: swapchain SetFullscreenState failed (887a0022).
0x00007FFFAAA50C4C (UnityPlayer) 
0x00007FFFAAA53F73 (UnityPlayer) 
0x00007FFFAAA43A9D (UnityPlayer) 
0x00007FFFAB2EAB9E (UnityPlayer) UnityMain
0x00007FFFAA99E462 (UnityPlayer) 
0x00007FFFAA98C592 (UnityPlayer) 
0x00007FFFAB2D9EB8 (UnityPlayer) UnityMain
0x00007FFFAAA7983C (UnityPlayer) 
0x00007FFFAABD00EB (UnityPlayer) UnityMain
0x00007FFFAACCC7D7 (UnityPlayer) UnityMain
0x00007FFFAAA7AA40 (UnityPlayer) 
0x00007FFFAAA7E95B (UnityPlayer) UnityMain
0x00007FF655D811F2 (Panzer Dragoon Remake) 
0x00007FF87908257D (KERNEL32) BaseThreadInitThunk
0x00007FF87AECAA48 (ntdll) RtlUserThreadStart
 
(Filename:  Line: 570)

<RI> Initialized touch support.
UnloadTime: 7.965100 ms
Found localization in file D:/Games/SteamLibrary/steamapps/common/Panzer Dragoon Remake/Panzer Dragoon Remake_Data/StreamingAssets/Loc_ZH.json
0x00007FFFAAA50C4C (UnityPlayer) 
0x00007FFFAAA53F73 (UnityPlayer) 
0x00007FFFAAA43A9D (UnityPlayer) 
0x00007FFFAB2EAB9E (UnityPlayer) UnityMain
0x00007FFFAAE5D341 (UnityPlayer) UnityMain
0x000002B5CA52E10E (Mono JIT Code) (wrapper managed-to-native) UnityEngine.DebugLogHandler:Internal_Log (UnityEngine.LogType,UnityEngine.LogOption,string,UnityEngine.Object)
0x000002B5CA52DF3B (Mono JIT Code) UnityEngine.DebugLogHandler:LogFormat (UnityEngine.LogType,UnityEngine.Object,string,object[])
0x000002B5CA52DC80 (Mono JIT Code) UnityEngine.Logger:Log (UnityEngine.LogType,object)
0x000002B5CA52D9FA (Mono JIT Code) UnityEngine.Debug:Log (object)
0x000002B5CA52C46B (Mono JIT Code) PD_Localization:ReadFile (string)
0x000002B5CA52BE9B (Mono JIT Code) PD_GameManager:SetLanguage (Language)
0x000002B5CA52B52B (Mono JIT Code) PD_GameManager:OnFinishedLoading ()
0x000002B5CA4A2673 (Mono JIT Code) PD_SaveLoad:Load ()
0x000002B5CA49F84B (Mono JIT Code) PD_GameManager:makeSingleton ()
0x000002B5CA49F753 (Mono JIT Code) PD_GameManager:Awake ()
0x000002B59F954870 (Mono JIT Code) (wrapper runtime-invoke) object:runtime_invoke_void__this__ (object,intptr,intptr,intptr)
0x00007FFFD034CBA0 (mono-2.0-bdwgc) mono_get_runtime_build_info
0x00007FFFD02D2112 (mono-2.0-bdwgc) mono_perfcounters_init
0x00007FFFD02DB10F (mono-2.0-bdwgc) mono_runtime_invoke
0x00007FFFAADF97FD (UnityPlayer) UnityMain
0x00007FFFAADF6BD3 (UnityPlayer) UnityMain
0x00007FFFAADF6C9E (UnityPlayer) UnityMain
0x00007FFFAAE1FCD5 (UnityPlayer) UnityMain
0x00007FFFAADDFDD0 (UnityPlayer) UnityMain
0x00007FFFAADDF43D (UnityPlayer) UnityMain
0x00007FFFAADDF70C (UnityPlayer) UnityMain
0x00007FFFAAE359ED (UnityPlayer) UnityMain
0x00007FFFAAE35E69 (UnityPlayer) UnityMain
0x00007FFFAACD1F0D (UnityPlayer) UnityMain
0x00007FFFAACD39DB (UnityPlayer) UnityMain
0x00007FFFAACD2583 (UnityPlayer) UnityMain
0x00007FFFAACD4989 (UnityPlayer) UnityMain
0x00007FFFAACD4BFE (UnityPlayer) UnityMain
0x00007FFFAAA78213 (UnityPlayer) 
0x00007FFFAAA76EFA (UnityPlayer) 
0x00007FFFAAA7AE6C (UnityPlayer) 
0x00007FFFAAA7E95B (UnityPlayer) UnityMain
0x00007FF655D811F2 (Panzer Dragoon Remake) 
0x00007FF87908257D (KERNEL32) BaseThreadInitThunk
0x00007FF87AECAA48 (ntdll) RtlUserThreadStart
 
(Filename: C:\buildslave\unity\build\Runtime/Export/Debug/Debug.bindings.h Line: 35)

Game loaded!
0x00007FFFAAA50C4C (UnityPlayer) 
0x00007FFFAAA53F73 (UnityPlayer) 
0x00007FFFAAA43A9D (UnityPlayer) 
0x00007FFFAB2EAB9E (UnityPlayer) UnityMain
0x00007FFFAAE5D341 (UnityPlayer) UnityMain
0x000002B5CA52E10E (Mono JIT Code) (wrapper managed-to-native) UnityEngine.DebugLogHandler:Internal_Log (UnityEngine.LogType,UnityEngine.LogOption,string,UnityEngine.Object)
0x000002B5CA52DF3B (Mono JIT Code) UnityEngine.DebugLogHandler:LogFormat (UnityEngine.LogType,UnityEngine.Object,string,object[])
0x000002B5CA52DC80 (Mono JIT Code) UnityEngine.Logger:Log (UnityEngine.LogType,object)
0x000002B5CA52D9FA (Mono JIT Code) UnityEngine.Debug:Log (object)
0x000002B5CA4A268B (Mono JIT Code) PD_SaveLoad:Load ()
0x000002B5CA49F84B (Mono JIT Code) PD_GameManager:makeSingleton ()
0x000002B5CA49F753 (Mono JIT Code) PD_GameManager:Awake ()
0x000002B59F954870 (Mono JIT Code) (wrapper runtime-invoke) object:runtime_invoke_void__this__ (object,intptr,intptr,intptr)
0x00007FFFD034CBA0 (mono-2.0-bdwgc) mono_get_runtime_build_info
0x00007FFFD02D2112 (mono-2.0-bdwgc) mono_perfcounters_init
0x00007FFFD02DB10F (mono-2.0-bdwgc) mono_runtime_invoke
0x00007FFFAADF97FD (UnityPlayer) UnityMain
0x00007FFFAADF6BD3 (UnityPlayer) UnityMain
0x00007FFFAADF6C9E (UnityPlayer) UnityMain
0x00007FFFAAE1FCD5 (UnityPlayer) UnityMain
0x00007FFFAADDFDD0 (UnityPlayer) UnityMain
0x00007FFFAADDF43D (UnityPlayer) UnityMain
0x00007FFFAADDF70C (UnityPlayer) UnityMain
0x00007FFFAAE359ED (UnityPlayer) UnityMain
0x00007FFFAAE35E69 (UnityPlayer) UnityMain
0x00007FFFAACD1F0D (UnityPlayer) UnityMain
0x00007FFFAACD39DB (UnityPlayer) UnityMain
0x00007FFFAACD2583 (UnityPlayer) UnityMain
0x00007FFFAACD4989 (UnityPlayer) UnityMain
0x00007FFFAACD4BFE (UnityPlayer) UnityMain
0x00007FFFAAA78213 (UnityPlayer) 
0x00007FFFAAA76EFA (UnityPlayer) 
0x00007FFFAAA7AE6C (UnityPlayer) 
0x00007FFFAAA7E95B (UnityPlayer) UnityMain
0x00007FF655D811F2 (Panzer Dragoon Remake) 
0x00007FF87908257D (KERNEL32) BaseThreadInitThunk
0x00007FF87AECAA48 (ntdll) RtlUserThreadStart
 
(Filename: C:\buildslave\unity\build\Runtime/Export/Debug/Debug.bindings.h Line: 35)

Game ID is 1178880
0x00007FFFAAA50C4C (UnityPlayer) 
0x00007FFFAAA53F73 (UnityPlayer) 
0x00007FFFAAA43A9D (UnityPlayer) 
0x00007FFFAB2EAB9E (UnityPlayer) UnityMain
0x00007FFFAAE5D341 (UnityPlayer) UnityMain
0x000002B5CA52E10E (Mono JIT Code) (wrapper managed-to-native) UnityEngine.DebugLogHandler:Internal_Log (UnityEngine.LogType,UnityEngine.LogOption,string,UnityEngine.Object)
0x000002B5CA52DF3B (Mono JIT Code) UnityEngine.DebugLogHandler:LogFormat (UnityEngine.LogType,UnityEngine.Object,string,object[])
0x000002B5CA52DC80 (Mono JIT Code) UnityEngine.Logger:Log (UnityEngine.LogType,object)
0x000002B5CA52D9FA (Mono JIT Code) UnityEngine.Debug:Log (object)
0x000002B5EA540F1B (Mono JIT Code) PD_SteamAchievementManager:OnEnable ()
0x000002B59F954870 (Mono JIT Code) (wrapper runtime-invoke) object:runtime_invoke_void__this__ (object,intptr,intptr,intptr)
0x00007FFFD034CBA0 (mono-2.0-bdwgc) mono_get_runtime_build_info
0x00007FFFD02D2112 (mono-2.0-bdwgc) mono_perfcounters_init
0x00007FFFD02DB10F (mono-2.0-bdwgc) mono_runtime_invoke
0x00007FFFAADF97FD (UnityPlayer) UnityMain
0x00007FFFAADF6BD3 (UnityPlayer) UnityMain
0x00007FFFAADDFEF3 (UnityPlayer) UnityMain
0x00007FFFAADDF49F (UnityPlayer) UnityMain
0x00007FFFAADDF70C (UnityPlayer) UnityMain
0x00007FFFAAE359ED (UnityPlayer) UnityMain
0x00007FFFAAE35E69 (UnityPlayer) UnityMain
0x00007FFFAACD1F0D (UnityPlayer) UnityMain
0x00007FFFAACD39DB (UnityPlayer) UnityMain
0x00007FFFAACD2583 (UnityPlayer) UnityMain
0x00007FFFAACD4989 (UnityPlayer) UnityMain
0x00007FFFAACD4BFE (UnityPlayer) UnityMain
0x00007FFFAAA78213 (UnityPlayer) 
0x00007FFFAAA76EFA (UnityPlayer) 
0x00007FFFAAA7AE6C (UnityPlayer) 
0x00007FFFAAA7E95B (UnityPlayer) UnityMain
0x00007FF655D811F2 (Panzer Dragoon Remake) 
0x00007FF87908257D (KERNEL32) BaseThreadInitThunk
0x00007FF87AECAA48 (ntdll) RtlUserThreadStart
 
(Filename: C:\buildslave\unity\build\Runtime/Export/Debug/Debug.bindings.h Line: 35)

Parsed time: 1.21
0x00007FFFAAA50C4C (UnityPlayer) 
0x00007FFFAAA53F73 (UnityPlayer) 
0x00007FFFAAA43A9D (UnityPlayer) 
0x00007FFFAB2EAB9E (UnityPlayer) UnityMain
0x00007FFFAAE5D341 (UnityPlayer) UnityMain
0x000002B5CA52E10E (Mono JIT Code) (wrapper managed-to-native) UnityEngine.DebugLogHandler:Internal_Log (UnityEngine.LogType,UnityEngine.LogOption,string,UnityEngine.Object)
0x000002B5CA52DF3B (Mono JIT Code) UnityEngine.DebugLogHandler:LogFormat (UnityEngine.LogType,UnityEngine.Object,string,object[])
0x000002B5CA52DC80 (Mono JIT Code) UnityEngine.Logger:Log (UnityEngine.LogType,object)
0x000002B5CA52D9FA (Mono JIT Code) UnityEngine.Debug:Log (object)
0x000002B5EA6783B3 (Mono JIT Code) PD_SteamAchievementManager:StoreStats ()
0x000002B5EA677ECB (Mono JIT Code) PD_LevelController:Start ()
0x000002B5EA677BD3 (Mono JIT Code) PD_CutsceneLevelController:Start ()
0x000002B59F954870 (Mono JIT Code) (wrapper runtime-invoke) object:runtime_invoke_void__this__ (object,intptr,intptr,intptr)
0x00007FFFD034CBA0 (mono-2.0-bdwgc) mono_get_runtime_build_info
0x00007FFFD02D2112 (mono-2.0-bdwgc) mono_perfcounters_init
0x00007FFFD02DB10F (mono-2.0-bdwgc) mono_runtime_invoke
0x00007FFFAADF97FD (UnityPlayer) UnityMain
0x00007FFFAADF6BD3 (UnityPlayer) UnityMain
0x00007FFFAADE2499 (UnityPlayer) UnityMain
0x00007FFFAADE252E (UnityPlayer) UnityMain
0x00007FFFAADE04A9 (UnityPlayer) UnityMain
0x00007FFFAAB771BD (UnityPlayer) UnityMain
0x00007FFFAACBC587 (UnityPlayer) UnityMain
0x00007FFFAACBC623 (UnityPlayer) UnityMain
0x00007FFFAACBEA23 (UnityPlayer) UnityMain
0x00007FFFAAA7819E (UnityPlayer) 
0x00007FFFAAA76EFA (UnityPlayer) 
0x00007FFFAAA7AE6C (UnityPlayer) 
0x00007FFFAAA7E95B (UnityPlayer) UnityMain
0x00007FF655D811F2 (Panzer Dragoon Remake) 
0x00007FF87908257D (KERNEL32) BaseThreadInitThunk
0x00007FF87AECAA48 (ntdll) RtlUserThreadStart
 
(Filename: C:\buildslave\unity\build\Runtime/Export/Debug/Debug.bindings.h Line: 35)

Input helper in Cutscene mode!
0x00007FFFAAA50C4C (UnityPlayer) 
0x00007FFFAAA53F73 (UnityPlayer) 
0x00007FFFAAA43A9D (UnityPlayer) 
0x00007FFFAB2EAB9E (UnityPlayer) UnityMain
0x00007FFFAAE5D341 (UnityPlayer) UnityMain
0x000002B5CA52E10E (Mono JIT Code) (wrapper managed-to-native) UnityEngine.DebugLogHandler:Internal_Log (UnityEngine.LogType,UnityEngine.LogOption,string,UnityEngine.Object)
0x000002B5CA52DF3B (Mono JIT Code) UnityEngine.DebugLogHandler:LogFormat (UnityEngine.LogType,UnityEngine.Object,string,object[])
0x000002B5CA52DC80 (Mono JIT Code) UnityEngine.Logger:Log (UnityEngine.LogType,object)
0x000002B5CA52D9FA (Mono JIT Code) UnityEngine.Debug:Log (object)
0x000002B5EA67C59B (Mono JIT Code) PD_InputHelper:HandleCutscene ()
0x000002B5EA677CE3 (Mono JIT Code) PD_CutsceneLevelController:Start ()
0x000002B59F954870 (Mono JIT Code) (wrapper runtime-invoke) object:runtime_invoke_void__this__ (object,intptr,intptr,intptr)
0x00007FFFD034CBA0 (mono-2.0-bdwgc) mono_get_runtime_build_info
0x00007FFFD02D2112 (mono-2.0-bdwgc) mono_perfcounters_init
0x00007FFFD02DB10F (mono-2.0-bdwgc) mono_runtime_invoke
0x00007FFFAADF97FD (UnityPlayer) UnityMain
0x00007FFFAADF6BD3 (UnityPlayer) UnityMain
0x00007FFFAADE2499 (UnityPlayer) UnityMain
0x00007FFFAADE252E (UnityPlayer) UnityMain
0x00007FFFAADE04A9 (UnityPlayer) UnityMain
0x00007FFFAAB771BD (UnityPlayer) UnityMain
0x00007FFFAACBC587 (UnityPlayer) UnityMain
0x00007FFFAACBC623 (UnityPlayer) UnityMain
0x00007FFFAACBEA23 (UnityPlayer) UnityMain
0x00007FFFAAA7819E (UnityPlayer) 
0x00007FFFAAA76EFA (UnityPlayer) 
0x00007FFFAAA7AE6C (UnityPlayer) 
0x00007FFFAAA7E95B (UnityPlayer) UnityMain
0x00007FF655D811F2 (Panzer Dragoon Remake) 
0x00007FF87908257D (KERNEL32) BaseThreadInitThunk
0x00007FF87AECAA48 (ntdll) RtlUserThreadStart
 
(Filename: C:\buildslave\unity\build\Runtime/Export/Debug/Debug.bindings.h Line: 35)

STEAM LEADERBOARDS: Found - 1 leaderboardID - 5556034
0x00007FFFAAA50C4C (UnityPlayer) 
0x00007FFFAAA53F73 (UnityPlayer) 
0x00007FFFAAA43A9D (UnityPlayer) 
0x00007FFFAB2EAB9E (UnityPlayer) UnityMain
0x00007FFFAAE5D341 (UnityPlayer) UnityMain
0x000002B5CA52E10E (Mono JIT Code) (wrapper managed-to-native) UnityEngine.DebugLogHandler:Internal_Log (UnityEngine.LogType,UnityEngine.LogOption,string,UnityEngine.Object)
0x000002B5CA52DF3B (Mono JIT Code) UnityEngine.DebugLogHandler:LogFormat (UnityEngine.LogType,UnityEngine.Object,string,object[])
0x000002B5CA52DC80 (Mono JIT Code) UnityEngine.Logger:Log (UnityEngine.LogType,object)
0x000002B5CA52D9FA (Mono JIT Code) UnityEngine.Debug:Log (object)
0x000002B5EA686C73 (Mono JIT Code) PD_SteamAchievementManager:OnLeaderboardFindResult (Steamworks.LeaderboardFindResult_t,bool)
0x000002B5EA686DC3 (Mono JIT Code) (wrapper delegate-invoke) Steamworks.CallResult`1/APIDispatchDelegate<Steamworks.LeaderboardFindResult_t>:invoke_void_T_bool (Steamworks.LeaderboardFindResult_t,bool)
0x000002B5EA686799 (Mono JIT Code) Steamworks.CallResult`1<Steamworks.LeaderboardFindResult_t>:OnRunCallResult (intptr,intptr,bool,ulong)
0x000002B5CA380163 (Mono JIT Code) (wrapper native-to-managed) Steamworks.CallResult`1<Steamworks.LeaderboardFindResult_t>:OnRunCallResult (intptr,intptr,byte,ulong)
0x00007FFFE58E40D9 ((<unknown>)) 
0x00007FFFE58E3E64 ((<unknown>)) 
0x00007FFFE58E3C17 ((<unknown>)) 
0x00007FFFE58E3B49 ((<unknown>)) 
0x00007FFFE58E7429 ((<unknown>)) 
0x000002B5EA6865D4 (Mono JIT Code) (wrapper managed-to-native) Steamworks.NativeMethods:SteamAPI_RunCallbacks ()
0x000002B5EA68652B (Mono JIT Code) Steamworks.SteamAPI:RunCallbacks ()
0x000002B5EA68640B (Mono JIT Code) PD_SteamAchievementManager:Update ()
0x000002B59F954870 (Mono JIT Code) (wrapper runtime-invoke) object:runtime_invoke_void__this__ (object,intptr,intptr,intptr)
0x00007FFFD034CBA0 (mono-2.0-bdwgc) mono_get_runtime_build_info
0x00007FFFD02D2112 (mono-2.0-bdwgc) mono_perfcounters_init
0x00007FFFD02DB10F (mono-2.0-bdwgc) mono_runtime_invoke
0x00007FFFAADF97FD (UnityPlayer) UnityMain
0x00007FFFAADF6BD3 (UnityPlayer) UnityMain
0x00007FFFAADDFEF3 (UnityPlayer) UnityMain
0x00007FFFAADDFFAD (UnityPlayer) UnityMain
0x00007FFFAAB73180 (UnityPlayer) UnityMain
0x00007FFFAACBC587 (UnityPlayer) UnityMain
0x00007FFFAACBC623 (UnityPlayer) UnityMain
0x00007FFFAACBEA23 (UnityPlayer) UnityMain
0x00007FFFAAA7819E (UnityPlayer) 
0x00007FFFAAA76EFA (UnityPlayer) 
0x00007FFFAAA7AE6C (UnityPlayer) 
0x00007FFFAAA7E95B (UnityPlayer) UnityMain
0x00007FF655D811F2 (Panzer Dragoon Remake) 
0x00007FF87908257D (KERNEL32) BaseThreadInitThunk
0x00007FF87AECAA48 (ntdll) RtlUserThreadStart
 
(Filename: C:\buildslave\unity\build\Runtime/Export/Debug/Debug.bindings.h Line: 35)

StoreStats - success
0x00007FFFAAA50C4C (UnityPlayer) 
0x00007FFFAAA53F73 (UnityPlayer) 
0x00007FFFAAA43A9D (UnityPlayer) 
0x00007FFFAB2EAB9E (UnityPlayer) UnityMain
0x00007FFFAAE5D341 (UnityPlayer) UnityMain
0x000002B5CA52E10E (Mono JIT Code) (wrapper managed-to-native) UnityEngine.DebugLogHandler:Internal_Log (UnityEngine.LogType,UnityEngine.LogOption,string,UnityEngine.Object)
0x000002B5CA52DF3B (Mono JIT Code) UnityEngine.DebugLogHandler:LogFormat (UnityEngine.LogType,UnityEngine.Object,string,object[])
0x000002B5CA52DC80 (Mono JIT Code) UnityEngine.Logger:Log (UnityEngine.LogType,object)
0x000002B5CA52D9FA (Mono JIT Code) UnityEngine.Debug:Log (object)
0x000002B5EA6873B3 (Mono JIT Code) PD_SteamAchievementManager:OnUserStatsStored (Steamworks.UserStatsStored_t)
0x000002B5EA687243 (Mono JIT Code) Steamworks.Callback`1<Steamworks.UserStatsStored_t>:OnRunCallback (intptr,intptr)
0x000002B5CA381913 (Mono JIT Code) (wrapper native-to-managed) Steamworks.Callback`1<Steamworks.UserStatsStored_t>:OnRunCallback (intptr,intptr)
0x00007FFFE58E3E64 ((<unknown>)) 
0x00007FFFE58E3C17 ((<unknown>)) 
0x00007FFFE58E3B49 ((<unknown>)) 
0x00007FFFE58E7429 ((<unknown>)) 
0x000002B5EA6865D4 (Mono JIT Code) (wrapper managed-to-native) Steamworks.NativeMethods:SteamAPI_RunCallbacks ()
0x000002B5EA68652B (Mono JIT Code) Steamworks.SteamAPI:RunCallbacks ()
0x000002B5EA68640B (Mono JIT Code) PD_SteamAchievementManager:Update ()
0x000002B59F954870 (Mono JIT Code) (wrapper runtime-invoke) object:runtime_invoke_void__this__ (object,intptr,intptr,intptr)
0x00007FFFD034CBA0 (mono-2.0-bdwgc) mono_get_runtime_build_info
0x00007FFFD02D2112 (mono-2.0-bdwgc) mono_perfcounters_init
0x00007FFFD02DB10F (mono-2.0-bdwgc) mono_runtime_invoke
0x00007FFFAADF97FD (UnityPlayer) UnityMain
0x00007FFFAADF6BD3 (UnityPlayer) UnityMain
0x00007FFFAADDFEF3 (UnityPlayer) UnityMain
0x00007FFFAADDFFAD (UnityPlayer) UnityMain
0x00007FFFAAB73180 (UnityPlayer) UnityMain
0x00007FFFAACBC587 (UnityPlayer) UnityMain
0x00007FFFAACBC623 (UnityPlayer) UnityMain
0x00007FFFAACBEA23 (UnityPlayer) UnityMain
0x00007FFFAAA7819E (UnityPlayer) 
0x00007FFFAAA76EFA (UnityPlayer) 
0x00007FFFAAA7AE6C (UnityPlayer) 
0x00007FFFAAA7E95B (UnityPlayer) UnityMain
0x00007FF655D811F2 (Panzer Dragoon Remake) 
0x00007FF87908257D (KERNEL32) BaseThreadInitThunk
0x00007FF87AECAA48 (ntdll) RtlUserThreadStart
 
(Filename: C:\buildslave\unity\build\Runtime/Export/Debug/Debug.bindings.h Line: 35)

Failed to change display to ExclusiveFullscreen...reverting to FullscreenWindow 
(Filename:  Line: 531)

StoreStats - success
0x00007FFFAAA50C4C (UnityPlayer) 
0x00007FFFAAA53F73 (UnityPlayer) 
0x00007FFFAAA43A9D (UnityPlayer) 
0x00007FFFAB2EAB9E (UnityPlayer) UnityMain
0x00007FFFAAE5D341 (UnityPlayer) UnityMain
0x000002B5CA52E10E (Mono JIT Code) (wrapper managed-to-native) UnityEngine.DebugLogHandler:Internal_Log (UnityEngine.LogType,UnityEngine.LogOption,string,UnityEngine.Object)
0x000002B5CA52DF3B (Mono JIT Code) UnityEngine.DebugLogHandler:LogFormat (UnityEngine.LogType,UnityEngine.Object,string,object[])
0x000002B5CA52DC80 (Mono JIT Code) UnityEngine.Logger:Log (UnityEngine.LogType,object)
0x000002B5CA52D9FA (Mono JIT Code) UnityEngine.Debug:Log (object)
0x000002B5EA6873B3 (Mono JIT Code) PD_SteamAchievementManager:OnUserStatsStored (Steamworks.UserStatsStored_t)
0x000002B5EA687243 (Mono JIT Code) Steamworks.Callback`1<Steamworks.UserStatsStored_t>:OnRunCallback (intptr,intptr)
0x000002B5CA381913 (Mono JIT Code) (wrapper native-to-managed) Steamworks.Callback`1<Steamworks.UserStatsStored_t>:OnRunCallback (intptr,intptr)
0x00007FFFE58E3E64 ((<unknown>)) 
0x00007FFFE58E3C17 ((<unknown>)) 
0x00007FFFE58E3B49 ((<unknown>)) 
0x00007FFFE58E7429 ((<unknown>)) 
0x000002B5EA6865D4 (Mono JIT Code) (wrapper managed-to-native) Steamworks.NativeMethods:SteamAPI_RunCallbacks ()
0x000002B5EA68652B (Mono JIT Code) Steamworks.SteamAPI:RunCallbacks ()
0x000002B5EA68640B (Mono JIT Code) PD_SteamAchievementManager:Update ()
0x000002B59F954870 (Mono JIT Code) (wrapper runtime-invoke) object:runtime_invoke_void__this__ (object,intptr,intptr,intptr)
0x00007FFFD034CBA0 (mono-2.0-bdwgc) mono_get_runtime_build_info
0x00007FFFD02D2112 (mono-2.0-bdwgc) mono_perfcounters_init
0x00007FFFD02DB10F (mono-2.0-bdwgc) mono_runtime_invoke
0x00007FFFAADF97FD (UnityPlayer) UnityMain
0x00007FFFAADF6BD3 (UnityPlayer) UnityMain
0x00007FFFAADDFEF3 (UnityPlayer) UnityMain
0x00007FFFAADDFFAD (UnityPlayer) UnityMain
0x00007FFFAAB73180 (UnityPlayer) UnityMain
0x00007FFFAACBC587 (UnityPlayer) UnityMain
0x00007FFFAACBC623 (UnityPlayer) UnityMain
0x00007FFFAACBEA23 (UnityPlayer) UnityMain
0x00007FFFAAA7819E (UnityPlayer) 
0x00007FFFAAA76EFA (UnityPlayer) 
0x00007FFFAAA7AE6C (UnityPlayer) 
0x00007FFFAAA7E95B (UnityPlayer) UnityMain
0x00007FF655D811F2 (Panzer Dragoon Remake) 
0x00007FF87908257D (KERNEL32) BaseThreadInitThunk
0x00007FF87AECAA48 (ntdll) RtlUserThreadStart
 
(Filename: C:\buildslave\unity\build\Runtime/Export/Debug/Debug.bindings.h Line: 35)

Received stats and achievements from Steam

0x00007FFFAAA50C4C (UnityPlayer) 
0x00007FFFAAA53F73 (UnityPlayer) 
0x00007FFFAAA43A9D (UnityPlayer) 
0x00007FFFAB2EAB9E (UnityPlayer) UnityMain
0x00007FFFAAE5D341 (UnityPlayer) UnityMain
0x000002B5CA52E10E (Mono JIT Code) (wrapper managed-to-native) UnityEngine.DebugLogHandler:Internal_Log (UnityEngine.LogType,UnityEngine.LogOption,string,UnityEngine.Object)
0x000002B5CA52DF3B (Mono JIT Code) UnityEngine.DebugLogHandler:LogFormat (UnityEngine.LogType,UnityEngine.Object,string,object[])
0x000002B5CA52DC80 (Mono JIT Code) UnityEngine.Logger:Log (UnityEngine.LogType,object)
0x000002B5CA52D9FA (Mono JIT Code) UnityEngine.Debug:Log (object)
0x000002B5EA9AA46B (Mono JIT Code) PD_SteamAchievementManager:OnUserStatsReceived (Steamworks.UserStatsReceived_t)
0x000002B5EA9AA2C3 (Mono JIT Code) Steamworks.Callback`1<Steamworks.UserStatsReceived_t>:OnRunCallback (intptr,intptr)
0x000002B5CA3811F3 (Mono JIT Code) (wrapper native-to-managed) Steamworks.Callback`1<Steamworks.UserStatsReceived_t>:OnRunCallback (intptr,intptr)
0x00007FFFE58E3E64 ((<unknown>)) 
0x00007FFFE58E3C17 ((<unknown>)) 
0x00007FFFE58E3B49 ((<unknown>)) 
0x00007FFFE58E7429 ((<unknown>)) 
0x000002B5EA6865D4 (Mono JIT Code) (wrapper managed-to-native) Steamworks.NativeMethods:SteamAPI_RunCallbacks ()
0x000002B5EA68652B (Mono JIT Code) Steamworks.SteamAPI:RunCallbacks ()
0x000002B5EA68640B (Mono JIT Code) PD_SteamAchievementManager:Update ()
0x000002B59F954870 (Mono JIT Code) (wrapper runtime-invoke) object:runtime_invoke_void__this__ (object,intptr,intptr,intptr)
0x00007FFFD034CBA0 (mono-2.0-bdwgc) mono_get_runtime_build_info
0x00007FFFD02D2112 (mono-2.0-bdwgc) mono_perfcounters_init
0x00007FFFD02DB10F (mono-2.0-bdwgc) mono_runtime_invoke
0x00007FFFAADF97FD (UnityPlayer) UnityMain
0x00007FFFAADF6BD3 (UnityPlayer) UnityMain
0x00007FFFAADDFEF3 (UnityPlayer) UnityMain
0x00007FFFAADDFFAD (UnityPlayer) UnityMain
0x00007FFFAAB73180 (UnityPlayer) UnityMain
0x00007FFFAACBC587 (UnityPlayer) UnityMain
0x00007FFFAACBC623 (UnityPlayer) UnityMain
0x00007FFFAACBEA23 (UnityPlayer) UnityMain
0x00007FFFAAA7819E (UnityPlayer) 
0x00007FFFAAA76EFA (UnityPlayer) 
0x00007FFFAAA7AE6C (UnityPlayer) 
0x00007FFFAAA7E95B (UnityPlayer) UnityMain
0x00007FF655D811F2 (Panzer Dragoon Remake) 
0x00007FF87908257D (KERNEL32) BaseThreadInitThunk
0x00007FF87AECAA48 (ntdll) RtlUserThreadStart
 
(Filename: C:\buildslave\unity\build\Runtime/Export/Debug/Debug.bindings.h Line: 35)

StoreStats - success
0x00007FFFAAA50C4C (UnityPlayer) 
0x00007FFFAAA53F73 (UnityPlayer) 
0x00007FFFAAA43A9D (UnityPlayer) 
0x00007FFFAB2EAB9E (UnityPlayer) UnityMain
0x00007FFFAAE5D341 (UnityPlayer) UnityMain
0x000002B5CA52E10E (Mono JIT Code) (wrapper managed-to-native) UnityEngine.DebugLogHandler:Internal_Log (UnityEngine.LogType,UnityEngine.LogOption,string,UnityEngine.Object)
0x000002B5CA52DF3B (Mono JIT Code) UnityEngine.DebugLogHandler:LogFormat (UnityEngine.LogType,UnityEngine.Object,string,object[])
0x000002B5CA52DC80 (Mono JIT Code) UnityEngine.Logger:Log (UnityEngine.LogType,object)
0x000002B5CA52D9FA (Mono JIT Code) UnityEngine.Debug:Log (object)
0x000002B5EA6873B3 (Mono JIT Code) PD_SteamAchievementManager:OnUserStatsStored (Steamworks.UserStatsStored_t)
0x000002B5EA687243 (Mono JIT Code) Steamworks.Callback`1<Steamworks.UserStatsStored_t>:OnRunCallback (intptr,intptr)
0x000002B5CA381913 (Mono JIT Code) (wrapper native-to-managed) Steamworks.Callback`1<Steamworks.UserStatsStored_t>:OnRunCallback (intptr,intptr)
0x00007FFFE58E3E64 ((<unknown>)) 
0x00007FFFE58E3C17 ((<unknown>)) 
0x00007FFFE58E3B49 ((<unknown>)) 
0x00007FFFE58E7429 ((<unknown>)) 
0x000002B5EA6865D4 (Mono JIT Code) (wrapper managed-to-native) Steamworks.NativeMethods:SteamAPI_RunCallbacks ()
0x000002B5EA68652B (Mono JIT Code) Steamworks.SteamAPI:RunCallbacks ()
0x000002B5EA68770B (Mono JIT Code) SteamManager:Update ()
0x000002B59F954870 (Mono JIT Code) (wrapper runtime-invoke) object:runtime_invoke_void__this__ (object,intptr,intptr,intptr)
0x00007FFFD034CBA0 (mono-2.0-bdwgc) mono_get_runtime_build_info
0x00007FFFD02D2112 (mono-2.0-bdwgc) mono_perfcounters_init
0x00007FFFD02DB10F (mono-2.0-bdwgc) mono_runtime_invoke
0x00007FFFAADF97FD (UnityPlayer) UnityMain
0x00007FFFAADF6BD3 (UnityPlayer) UnityMain
0x00007FFFAADDFEF3 (UnityPlayer) UnityMain
0x00007FFFAADDFFAD (UnityPlayer) UnityMain
0x00007FFFAAB73180 (UnityPlayer) UnityMain
0x00007FFFAACBC587 (UnityPlayer) UnityMain
0x00007FFFAACBC623 (UnityPlayer) UnityMain
0x00007FFFAACBEA23 (UnityPlayer) UnityMain
0x00007FFFAAA7819E (UnityPlayer) 
0x00007FFFAAA76EFA (UnityPlayer) 
0x00007FFFAAA7AE6C (UnityPlayer) 
0x00007FFFAAA7E95B (UnityPlayer) UnityMain
0x00007FF655D811F2 (Panzer Dragoon Remake) 
0x00007FF87908257D (KERNEL32) BaseThreadInitThunk
0x00007FF87AECAA48 (ntdll) RtlUserThreadStart
 
(Filename: C:\buildslave\unity\build\Runtime/Export/Debug/Debug.bindings.h Line: 35)

Applied vsync settings!
0x00007FFFAAA50C4C (UnityPlayer) 
0x00007FFFAAA53F73 (UnityPlayer) 
0x00007FFFAAA43A9D (UnityPlayer) 
0x00007FFFAB2EAB9E (UnityPlayer) UnityMain
0x00007FFFAAE5D341 (UnityPlayer) UnityMain
0x000002B5CA52E10E (Mono JIT Code) (wrapper managed-to-native) UnityEngine.DebugLogHandler:Internal_Log (UnityEngine.LogType,UnityEngine.LogOption,string,UnityEngine.Object)
0x000002B5CA52DF3B (Mono JIT Code) UnityEngine.DebugLogHandler:LogFormat (UnityEngine.LogType,UnityEngine.Object,string,object[])
0x000002B5CA52DC80 (Mono JIT Code) UnityEngine.Logger:Log (UnityEngine.LogType,object)
0x000002B5CA52D9FA (Mono JIT Code) UnityEngine.Debug:Log (object)
0x000002B5EA9ABF53 (Mono JIT Code) PD_GraphicSettingsApplier:applyFullScreenModeAndResolution ()
0x000002B5EA9ABE7B (Mono JIT Code) PD_GraphicSettingsApplier:ApplyResolutionSettings ()
0x000002B5EA530D13 (Mono JIT Code) PD_GameManager/<delayAllSettingsApplies>d__54:MoveNext ()
0x000002B5EA530A3C (Mono JIT Code) UnityEngine.SetupCoroutine:InvokeMoveNext (System.Collections.IEnumerator,intptr)
0x000002B5EA530B67 (Mono JIT Code) (wrapper runtime-invoke) <Module>:runtime_invoke_void_object_intptr (object,intptr,intptr,intptr)
0x00007FFFD034CBA0 (mono-2.0-bdwgc) mono_get_runtime_build_info
0x00007FFFD02D2112 (mono-2.0-bdwgc) mono_perfcounters_init
0x00007FFFD02DB10F (mono-2.0-bdwgc) mono_runtime_invoke
0x00007FFFAADF97FD (UnityPlayer) UnityMain
0x00007FFFAADF6BD3 (UnityPlayer) UnityMain
0x00007FFFAADDD190 (UnityPlayer) UnityMain
0x00007FFFAAB771BD (UnityPlayer) UnityMain
0x00007FFFAACBC587 (UnityPlayer) UnityMain
0x00007FFFAACBC623 (UnityPlayer) UnityMain
0x00007FFFAACBEA23 (UnityPlayer) UnityMain
0x00007FFFAAA7819E (UnityPlayer) 
0x00007FFFAAA76EFA (UnityPlayer) 
0x00007FFFAAA7AE6C (UnityPlayer) 
0x00007FFFAAA7E95B (UnityPlayer) UnityMain
0x00007FF655D811F2 (Panzer Dragoon Remake) 
0x00007FF87908257D (KERNEL32) BaseThreadInitThunk
0x00007FF87AECAA48 (ntdll) RtlUserThreadStart
 
(Filename: C:\buildslave\unity\build\Runtime/Export/Debug/Debug.bindings.h Line: 35)

Failed to change display to ExclusiveFullscreen...reverting to FullscreenWindow 
(Filename:  Line: 531)

Input helper in Cutscene mode!
0x00007FFFAAA50C4C (UnityPlayer) 
0x00007FFFAAA53F73 (UnityPlayer) 
0x00007FFFAAA43A9D (UnityPlayer) 
0x00007FFFAB2EAB9E (UnityPlayer) UnityMain
0x00007FFFAAE5D341 (UnityPlayer) UnityMain
0x000002B5CA52E10E (Mono JIT Code) (wrapper managed-to-native) UnityEngine.DebugLogHandler:Internal_Log (UnityEngine.LogType,UnityEngine.LogOption,string,UnityEngine.Object)
0x000002B5CA52DF3B (Mono JIT Code) UnityEngine.DebugLogHandler:LogFormat (UnityEngine.LogType,UnityEngine.Object,string,object[])
0x000002B5CA52DC80 (Mono JIT Code) UnityEngine.Logger:Log (UnityEngine.LogType,object)
0x000002B5CA52D9FA (Mono JIT Code) UnityEngine.Debug:Log (object)
0x000002B5EA67C59B (Mono JIT Code) PD_InputHelper:HandleCutscene ()
0x000002B5EA6771FB (Mono JIT Code) PD_IntroTextController/<Start>d__10:MoveNext ()
0x000002B5EA530A3C (Mono JIT Code) UnityEngine.SetupCoroutine:InvokeMoveNext (System.Collections.IEnumerator,intptr)
0x000002B5EA530B67 (Mono JIT Code) (wrapper runtime-invoke) <Module>:runtime_invoke_void_object_intptr (object,intptr,intptr,intptr)
0x00007FFFD034CBA0 (mono-2.0-bdwgc) mono_get_runtime_build_info
0x00007FFFD02D2112 (mono-2.0-bdwgc) mono_perfcounters_init
0x00007FFFD02DB10F (mono-2.0-bdwgc) mono_runtime_invoke
0x00007FFFAADF97FD (UnityPlayer) UnityMain
0x00007FFFAADF6BD3 (UnityPlayer) UnityMain
0x00007FFFAADDD190 (UnityPlayer) UnityMain
0x00007FFFAAB771BD (UnityPlayer) UnityMain
0x00007FFFAACBC587 (UnityPlayer) UnityMain
0x00007FFFAACBC623 (UnityPlayer) UnityMain
0x00007FFFAACBEA23 (UnityPlayer) UnityMain
0x00007FFFAAA7819E (UnityPlayer) 
0x00007FFFAAA76EFA (UnityPlayer) 
0x00007FFFAAA7AE6C (UnityPlayer) 
0x00007FFFAAA7E95B (UnityPlayer) UnityMain
0x00007FF655D811F2 (Panzer Dragoon Remake) 
0x00007FF87908257D (KERNEL32) BaseThreadInitThunk
0x00007FF87AECAA48 (ntdll) RtlUserThreadStart
 
(Filename: C:\buildslave\unity\build\Runtime/Export/Debug/Debug.bindings.h Line: 35)

Input helper in Cutscene mode!
0x00007FFFAAA50C4C (UnityPlayer) 
0x00007FFFAAA53F73 (UnityPlayer) 
0x00007FFFAAA43A9D (UnityPlayer) 
0x00007FFFAB2EAB9E (UnityPlayer) UnityMain
0x00007FFFAAE5D341 (UnityPlayer) UnityMain
0x000002B5CA52E10E (Mono JIT Code) (wrapper managed-to-native) UnityEngine.DebugLogHandler:Internal_Log (UnityEngine.LogType,UnityEngine.LogOption,string,UnityEngine.Object)
0x000002B5CA52DF3B (Mono JIT Code) UnityEngine.DebugLogHandler:LogFormat (UnityEngine.LogType,UnityEngine.Object,string,object[])
0x000002B5CA52DC80 (Mono JIT Code) UnityEngine.Logger:Log (UnityEngine.LogType,object)
0x000002B5CA52D9FA (Mono JIT Code) UnityEngine.Debug:Log (object)
0x000002B5EA67C59B (Mono JIT Code) PD_InputHelper:HandleCutscene ()
0x000002B5EA9ACBFB (Mono JIT Code) PD_IntroTextController:Play ()
0x000002B5EA677213 (Mono JIT Code) PD_IntroTextController/<Start>d__10:MoveNext ()
0x000002B5EA530A3C (Mono JIT Code) UnityEngine.SetupCoroutine:InvokeMoveNext (System.Collections.IEnumerator,intptr)
0x000002B5EA530B67 (Mono JIT Code) (wrapper runtime-invoke) <Module>:runtime_invoke_void_object_intptr (object,intptr,intptr,intptr)
0x00007FFFD034CBA0 (mono-2.0-bdwgc) mono_get_runtime_build_info
0x00007FFFD02D2112 (mono-2.0-bdwgc) mono_perfcounters_init
0x00007FFFD02DB10F (mono-2.0-bdwgc) mono_runtime_invoke
0x00007FFFAADF97FD (UnityPlayer) UnityMain
0x00007FFFAADF6BD3 (UnityPlayer) UnityMain
0x00007FFFAADDD190 (UnityPlayer) UnityMain
0x00007FFFAAB771BD (UnityPlayer) UnityMain
0x00007FFFAACBC587 (UnityPlayer) UnityMain
0x00007FFFAACBC623 (UnityPlayer) UnityMain
0x00007FFFAACBEA23 (UnityPlayer) UnityMain
0x00007FFFAAA7819E (UnityPlayer) 
0x00007FFFAAA76EFA (UnityPlayer) 
0x00007FFFAAA7AE6C (UnityPlayer) 
0x00007FFFAAA7E95B (UnityPlayer) UnityMain
0x00007FF655D811F2 (Panzer Dragoon Remake) 
0x00007FF87908257D (KERNEL32) BaseThreadInitThunk
0x00007FF87AECAA48 (ntdll) RtlUserThreadStart
 
(Filename: C:\buildslave\unity\build\Runtime/Export/Debug/Debug.bindings.h Line: 35)

Input helper in Normal mode!
0x00007FFFAAA50C4C (UnityPlayer) 
0x00007FFFAAA53F73 (UnityPlayer) 
0x00007FFFAAA43A9D (UnityPlayer) 
0x00007FFFAB2EAB9E (UnityPlayer) UnityMain
0x00007FFFAAE5D341 (UnityPlayer) UnityMain
0x000002B5CA52E10E (Mono JIT Code) (wrapper managed-to-native) UnityEngine.DebugLogHandler:Internal_Log (UnityEngine.LogType,UnityEngine.LogOption,string,UnityEngine.Object)
0x000002B5CA52DF3B (Mono JIT Code) UnityEngine.DebugLogHandler:LogFormat (UnityEngine.LogType,UnityEngine.Object,string,object[])
0x000002B5CA52DC80 (Mono JIT Code) UnityEngine.Logger:Log (UnityEngine.LogType,object)
0x000002B5CA52D9FA (Mono JIT Code) UnityEngine.Debug:Log (object)
0x000002B5A36C2CEB (Mono JIT Code) PD_InputHelper:EndCutscene ()
0x000002B5A36C2AB3 (Mono JIT Code) PD_CutsceneLevelController:FinishChapter (bool,UnityEngine.GameObject)
0x000002B5EA68B854 (Mono JIT Code) PD_CutsceneLevelController:Update ()
0x000002B59F954870 (Mono JIT Code) (wrapper runtime-invoke) object:runtime_invoke_void__this__ (object,intptr,intptr,intptr)
0x00007FFFD034CBA0 (mono-2.0-bdwgc) mono_get_runtime_build_info
0x00007FFFD02D2112 (mono-2.0-bdwgc) mono_perfcounters_init
0x00007FFFD02DB10F (mono-2.0-bdwgc) mono_runtime_invoke
0x00007FFFAADF97FD (UnityPlayer) UnityMain
0x00007FFFAADF6BD3 (UnityPlayer) UnityMain
0x00007FFFAADDFEF3 (UnityPlayer) UnityMain
0x00007FFFAADDFFAD (UnityPlayer) UnityMain
0x00007FFFAAB73180 (UnityPlayer) UnityMain
0x00007FFFAACBC587 (UnityPlayer) UnityMain
0x00007FFFAACBC623 (UnityPlayer) UnityMain
0x00007FFFAACBEA23 (UnityPlayer) UnityMain
0x00007FFFAAA7819E (UnityPlayer) 
0x00007FFFAAA76EFA (UnityPlayer) 
0x00007FFFAAA7AE6C (UnityPlayer) 
0x00007FFFAAA7E95B (UnityPlayer) UnityMain
0x00007FF655D811F2 (Panzer Dragoon Remake) 
0x00007FF87908257D (KERNEL32) BaseThreadInitThunk
0x00007FF87AECAA48 (ntdll) RtlUserThreadStart
 
(Filename: C:\buildslave\unity\build\Runtime/Export/Debug/Debug.bindings.h Line: 35)

Game Saved!
0x00007FFFAAA50C4C (UnityPlayer) 
0x00007FFFAAA53F73 (UnityPlayer) 
0x00007FFFAAA43A9D (UnityPlayer) 
0x00007FFFAB2EAB9E (UnityPlayer) UnityMain
0x00007FFFAAE5D341 (UnityPlayer) UnityMain
0x000002B5CA52E10E (Mono JIT Code) (wrapper managed-to-native) UnityEngine.DebugLogHandler:Internal_Log (UnityEngine.LogType,UnityEngine.LogOption,string,UnityEngine.Object)
0x000002B5CA52DF3B (Mono JIT Code) UnityEngine.DebugLogHandler:LogFormat (UnityEngine.LogType,UnityEngine.Object,string,object[])
0x000002B5CA52DC80 (Mono JIT Code) UnityEngine.Logger:Log (UnityEngine.LogType,object)
0x000002B5CA52D9FA (Mono JIT Code) UnityEngine.Debug:Log (object)
0x000002B5A36C36BB (Mono JIT Code) PD_SaveLoad:Save ()
0x000002B5A36C2BDB (Mono JIT Code) PD_CutsceneLevelController:FinishChapter (bool,UnityEngine.GameObject)
0x000002B5EA68B854 (Mono JIT Code) PD_CutsceneLevelController:Update ()
0x000002B59F954870 (Mono JIT Code) (wrapper runtime-invoke) object:runtime_invoke_void__this__ (object,intptr,intptr,intptr)
0x00007FFFD034CBA0 (mono-2.0-bdwgc) mono_get_runtime_build_info
0x00007FFFD02D2112 (mono-2.0-bdwgc) mono_perfcounters_init
0x00007FFFD02DB10F (mono-2.0-bdwgc) mono_runtime_invoke
0x00007FFFAADF97FD (UnityPlayer) UnityMain
0x00007FFFAADF6BD3 (UnityPlayer) UnityMain
0x00007FFFAADDFEF3 (UnityPlayer) UnityMain
0x00007FFFAADDFFAD (UnityPlayer) UnityMain
0x00007FFFAAB73180 (UnityPlayer) UnityMain
0x00007FFFAACBC587 (UnityPlayer) UnityMain
0x00007FFFAACBC623 (UnityPlayer) UnityMain
0x00007FFFAACBEA23 (UnityPlayer) UnityMain
0x00007FFFAAA7819E (UnityPlayer) 
0x00007FFFAAA76EFA (UnityPlayer) 
0x00007FFFAAA7AE6C (UnityPlayer) 
0x00007FFFAAA7E95B (UnityPlayer) UnityMain
0x00007FF655D811F2 (Panzer Dragoon Remake) 
0x00007FF87908257D (KERNEL32) BaseThreadInitThunk
0x00007FF87AECAA48 (ntdll) RtlUserThreadStart
 
(Filename: C:\buildslave\unity\build\Runtime/Export/Debug/Debug.bindings.h Line: 35)

Input helper in Normal mode!
0x00007FFFAAA50C4C (UnityPlayer) 
0x00007FFFAAA53F73 (UnityPlayer) 
0x00007FFFAAA43A9D (UnityPlayer) 
0x00007FFFAB2EAB9E (UnityPlayer) UnityMain
0x00007FFFAAE5D341 (UnityPlayer) UnityMain
0x000002B5CA52E10E (Mono JIT Code) (wrapper managed-to-native) UnityEngine.DebugLogHandler:Internal_Log (UnityEngine.LogType,UnityEngine.LogOption,string,UnityEngine.Object)
0x000002B5CA52DF3B (Mono JIT Code) UnityEngine.DebugLogHandler:LogFormat (UnityEngine.LogType,UnityEngine.Object,string,object[])
0x000002B5CA52DC80 (Mono JIT Code) UnityEngine.Logger:Log (UnityEngine.LogType,object)
0x000002B5CA52D9FA (Mono JIT Code) UnityEngine.Debug:Log (object)
0x000002B5A36C2CEB (Mono JIT Code) PD_InputHelper:EndCutscene ()
0x000002B5EA68B883 (Mono JIT Code) PD_CutsceneLevelController:Update ()
0x000002B59F954870 (Mono JIT Code) (wrapper runtime-invoke) object:runtime_invoke_void__this__ (object,intptr,intptr,intptr)
0x00007FFFD034CBA0 (mono-2.0-bdwgc) mono_get_runtime_build_info
0x00007FFFD02D2112 (mono-2.0-bdwgc) mono_perfcounters_init
0x00007FFFD02DB10F (mono-2.0-bdwgc) mono_runtime_invoke
0x00007FFFAADF97FD (UnityPlayer) UnityMain
0x00007FFFAADF6BD3 (UnityPlayer) UnityMain
0x00007FFFAADDFEF3 (UnityPlayer) UnityMain
0x00007FFFAADDFFAD (UnityPlayer) UnityMain
0x00007FFFAAB73180 (UnityPlayer) UnityMain
0x00007FFFAACBC587 (UnityPlayer) UnityMain
0x00007FFFAACBC623 (UnityPlayer) UnityMain
0x00007FFFAACBEA23 (UnityPlayer) UnityMain
0x00007FFFAAA7819E (UnityPlayer) 
0x00007FFFAAA76EFA (UnityPlayer) 
0x00007FFFAAA7AE6C (UnityPlayer) 
0x00007FFFAAA7E95B (UnityPlayer) UnityMain
0x00007FF655D811F2 (Panzer Dragoon Remake) 
0x00007FF87908257D (KERNEL32) BaseThreadInitThunk
0x00007FF87AECAA48 (ntdll) RtlUserThreadStart
 
(Filename: C:\buildslave\unity\build\Runtime/Export/Debug/Debug.bindings.h Line: 35)

Setting up 8 worker threads for Enlighten.
  Thread -> id: 4d9c -> priority: 1 
  Thread -> id: 5944 -> priority: 1 
  Thread -> id: 794 -> priority: 1 
  Thread -> id: 5d20 -> priority: 1 
  Thread -> id: 6594 -> priority: 1 
  Thread -> id: 5980 -> priority: 1 
  Thread -> id: 1740 -> priority: 1 
  Thread -> id: 57b0 -> priority: 1 
