Initialize engine version: 2020.3.34f1 (9a4c9c70452b)
[Subsystems] Discovering subsystems at path D:/Games/Cracks/Papers Please/PapersPlease_Data/UnitySubsystems
GfxDevice: creating device client; threaded=1
Direct3D:
    Version:  Direct3D 11.0 [level 11.1]
    Renderer: NVIDIA GeForce RTX 3070 Laptop GPU (ID=0x249d)
    Vendor:   
    VRAM:     8020 MB
    Driver:   32.0.15.8115
<RI> Initializing input.
<RI> Input initialized.
<RI> Initialized touch support.
UnloadTime: 0.709700 ms
Failed to load 'D:/Games/Cracks/Papers Please/PapersPlease_Data/Plugins\x86_64/steam_api64.dll', expected x64 architecture, but was Unknown architecture. You must recompile your plugin for x64 architecture.
Steamworks.SteamAPI:RestartAppIfNecessary(AppId_t)
SteamManager:Awake()
UnityEngine.GameObject:AddComponent()
SteamManager:get_Initialized()
SocialWrapper:MakePlatformSocial(CommandLine)
HostUnity:Start()

[ line 1190059880]

[Host] Detected platform DESKTOP (2560x1440 144ppi 16:9 17.77778"x10" 165Hz)
[Game] Version: 1.4.11.124
[Game] Command line: D:\Games\Cracks\Papers Please\PapersPlease.exe
[Game] Save dir: C:\Users\19654\AppData\Roaming\3909\PapersPlease
Setting up 8 worker threads for Enlighten.
  Thread -> id: 3a04 -> priority: 1 
  Thread -> id: 2398 -> priority: 1 
  Thread -> id: 1bf8 -> priority: 1 
  Thread -> id: 106c -> priority: 1 
  Thread -> id: 504 -> priority: 1 
  Thread -> id: 5b68 -> priority: 1 
  Thread -> id: 4e04 -> priority: 1 
  Thread -> id: 5b28 -> priority: 1 
