Initialize engine version: 2020.3.34f1 (9a4c9c70452b)
[Subsystems] Discovering subsystems at path D:/Games/Cracks/Papers Please/PapersPlease_Data/UnitySubsystems
GfxDevice: creating device client; threaded=1
Direct3D:
    Version:  Direct3D 11.0 [level 11.1]
    Renderer: NVIDIA GeForce RTX 3070 Laptop GPU (ID=0x249d)
    Vendor:   
    VRAM:     8020 MB
    Driver:   32.0.15.8088
<RI> Initializing input.
<RI> Input initialized.
<RI> Initialized touch support.
UnloadTime: 3.450900 ms
[Host] Detected platform DESKTOP (2560x1440 144ppi 16:9 17.77778"x10" 165Hz)
[Game] Version: 1.4.11.124
[Game] Command line: D:\Games\Cracks\Papers Please\PapersPlease.exe
[Game] Save dir: C:\Users\19654\AppData\Roaming\3909\PapersPlease
Setting up 8 worker threads for Enlighten.
  Thread -> id: 24c4 -> priority: 1 
  Thread -> id: 4708 -> priority: 1 
  Thread -> id: 2c40 -> priority: 1 
  Thread -> id: 4134 -> priority: 1 
  Thread -> id: 3c14 -> priority: 1 
  Thread -> id: 15a0 -> priority: 1 
  Thread -> id: 475c -> priority: 1 
  Thread -> id: 4c04 -> priority: 1 
