Mono path[0] = 'D:/Games/Cracks/Snow Bros Special/Snow Bros. Special_Data/Managed'
Mono config path = 'D:/Games/Cracks/Snow Bros Special/MonoBleedingEdge/etc'
[PhysX] Initialized MultithreadedTaskDispatcher with 16 workers.
Initialize engine version: 2022.3.45f1 (a13dfa44d684)
[Subsystems] Discovering subsystems at path D:/Games/Cracks/Snow Bros Special/Snow Bros. Special_Data/UnitySubsystems
GfxDevice: creating device client; threaded=1; jobified=0
Direct3D:
    Version:  Direct3D 11.0 [level 11.1]
    Renderer: NVIDIA GeForce RTX 3070 Laptop GPU (ID=0x249d)
    Vendor:   NVIDIA
    VRAM:     8020 MB
    Driver:   32.0.15.7652
Begin MonoManager ReloadAssembly
- Loaded All Assemblies, in  6.501 seconds
- Finished resetting the current domain, in  0.001 seconds
<RI> Initializing input.
New input system (experimental) initialized
Using Windows.Gaming.Input
<RI> Initialized touch support.
[PhysX] Initialized MultithreadedTaskDispatcher with 16 workers.
UnloadTime: 0.909700 ms
[PLAYER_ONE]::[0]::[_PC_Controller(Clone)]::[Keyboard]
[PLAYER_TWO]::[1]::[_PC_Controller(Clone)]::[Keyboard_Two]
Unloading 8 Unused Serialized files (Serialized files now loaded: 35)
[PhysX] Initialized MultithreadedTaskDispatcher with 16 workers.
UnloadTime: 4.364100 ms
Unloading 25 unused Assets to reduce memory usage. Loaded Objects now: 21055.
Total: 21.191000 ms (FindLiveObjects: 1.263600 ms CreateObjectMapping: 1.640700 ms MarkObjects: 18.167200 ms  DeleteObjects: 0.119000 ms)

Unloading 6 Unused Serialized files (Serialized files now loaded: 35)
[PhysX] Initialized MultithreadedTaskDispatcher with 16 workers.
UnloadTime: 2.318500 ms
Unloading 6 unused Assets to reduce memory usage. Loaded Objects now: 22810.
Total: 23.356200 ms (FindLiveObjects: 1.341400 ms CreateObjectMapping: 1.166100 ms MarkObjects: 20.773100 ms  DeleteObjects: 0.075100 ms)

[onDeviceChange] Keyboard:/Keyboard, HardReset
[onDeviceChange] Keyboard:/Keyboard, Disabled
[onDeviceChange] Keyboard:/Keyboard, Enabled
Memory Statistics:
[ALLOC_TEMP_TLS] TLS Allocator
  StackAllocators : 
    [ALLOC_TEMP_MAIN]
      Peak usage frame count: [0-1.0 KB]: 25 frames, [2.0 KB-4.0 KB]: 2280 frames, [4.0 KB-8.0 KB]: 2 frames, [16.0 KB-32.0 KB]: 3 frames, [64.0 KB-128.0 KB]: 9 frames, [0.5 MB-1.0 MB]: 2 frames, [2.0 MB-4.0 MB]: 2 frames, [4.0 MB-8.0 MB]: 1 frames
      Initial Block Size 4.0 MB
      Current Block Size 4.8 MB
      Peak Allocated Bytes 4.2 MB
      Overflow Count 0
    [ALLOC_TEMP_Loading.AsyncRead]
      Initial Block Size 64.0 KB
      Current Block Size 76.0 KB
      Peak Allocated Bytes 75.3 KB
      Overflow Count 0
    [ALLOC_TEMP_Loading.PreloadManager]
      Initial Block Size 256.0 KB
      Current Block Size 0.5 MB
      Peak Allocated Bytes 511.5 KB
      Overflow Count 125
    [ALLOC_TEMP_Background Job.Worker 8]
      Initial Block Size 32.0 KB
      Current Block Size 36.0 KB
      Peak Allocated Bytes 32.0 KB
      Overflow Count 0
    [ALLOC_TEMP_Job.Worker 6]
      Initial Block Size 256.0 KB
      Current Block Size 256.0 KB
      Peak Allocated Bytes 16 B
      Overflow Count 0
    [ALLOC_TEMP_Job.Worker 0]
      Initial Block Size 256.0 KB
      Current Block Size 256.0 KB
      Peak Allocated Bytes 16 B
      Overflow Count 0
    [ALLOC_TEMP_Background Job.Worker 10]
      Initial Block Size 32.0 KB
      Current Block Size 36.0 KB
      Peak Allocated Bytes 32.0 KB
      Overflow Count 0
    [ALLOC_TEMP_Background Job.Worker 9]
      Initial Block Size 32.0 KB
      Current Block Size 36.0 KB
      Peak Allocated Bytes 32.0 KB
      Overflow Count 0
    [ALLOC_TEMP_Background Job.Worker 14]
      Initial Block Size 32.0 KB
      Current Block Size 32.0 KB
      Peak Allocated Bytes 54 B
      Overflow Count 0
    [ALLOC_TEMP_Job.Worker 5]
      Initial Block Size 256.0 KB
      Current Block Size 256.0 KB
      Peak Allocated Bytes 16 B
      Overflow Count 0
    [ALLOC_TEMP_Background Job.Worker 6]
      Initial Block Size 32.0 KB
      Current Block Size 36.0 KB
      Peak Allocated Bytes 34.7 KB
      Overflow Count 0
    [ALLOC_TEMP_Job.Worker 4]
      Initial Block Size 256.0 KB
      Current Block Size 256.0 KB
      Peak Allocated Bytes 16 B
      Overflow Count 0
    [ALLOC_TEMP_ReadCacheIndex]
      Initial Block Size 64.0 KB
      Current Block Size 64.0 KB
      Peak Allocated Bytes 0.5 KB
      Overflow Count 0
    [ALLOC_TEMP_Job.Worker 14]
      Initial Block Size 256.0 KB
      Current Block Size 256.0 KB
      Peak Allocated Bytes 54 B
      Overflow Count 0
    [ALLOC_TEMP_Job.Worker 3]
      Initial Block Size 256.0 KB
      Current Block Size 256.0 KB
      Peak Allocated Bytes 16 B
      Overflow Count 0
    [ALLOC_TEMP_Job.Worker 13]
      Initial Block Size 256.0 KB
      Current Block Size 256.0 KB
      Peak Allocated Bytes 54 B
      Overflow Count 0
    [ALLOC_TEMP_Background Job.Worker 12]
      Initial Block Size 32.0 KB
      Current Block Size 36.0 KB
      Peak Allocated Bytes 32.0 KB
      Overflow Count 0
    [ALLOC_TEMP_EnlightenWorker] x 8
      Initial Block Size 64.0 KB
      Current Block Size 64.0 KB
      Peak Allocated Bytes 54 B
      Overflow Count 0
    [ALLOC_TEMP_]
      Initial Block Size 64.0 KB
      Current Block Size 64.0 KB
      Peak Allocated Bytes 0 B
      Overflow Count 0
    [ALLOC_TEMP_Background Job.Worker 1]
      Initial Block Size 32.0 KB
      Current Block Size 36.0 KB
      Peak Allocated Bytes 32.1 KB
      Overflow Count 0
    [ALLOC_TEMP_Background Job.Worker 2]
      Initial Block Size 32.0 KB
      Current Block Size 36.0 KB
      Peak Allocated Bytes 32.0 KB
      Overflow Count 1
    [ALLOC_TEMP_Background Job.Worker 7]
      Initial Block Size 32.0 KB
      Current Block Size 36.0 KB
      Peak Allocated Bytes 32.0 KB
      Overflow Count 0
    [ALLOC_TEMP_Background Job.Worker 15]
      Initial Block Size 32.0 KB
      Current Block Size 32.0 KB
      Peak Allocated Bytes 54 B
      Overflow Count 0
    [ALLOC_TEMP_UnityGfxDeviceWorker]
      Initial Block Size 256.0 KB
      Current Block Size 256.0 KB
      Peak Allocated Bytes 6.0 KB
      Overflow Count 0
    [ALLOC_TEMP_AssetGarbageCollectorHelper] x 15
      Initial Block Size 64.0 KB
      Current Block Size 64.0 KB
      Peak Allocated Bytes 138 B
      Overflow Count 0
    [ALLOC_TEMP_Background Job.Worker 5]
      Initial Block Size 32.0 KB
      Current Block Size 36.0 KB
      Peak Allocated Bytes 32.0 KB
      Overflow Count 0
    [ALLOC_TEMP_Job.Worker 9]
      Initial Block Size 256.0 KB
      Current Block Size 256.0 KB
      Peak Allocated Bytes 16 B
      Overflow Count 0
    [ALLOC_TEMP_Background Job.Worker 13]
      Initial Block Size 32.0 KB
      Current Block Size 36.0 KB
      Peak Allocated Bytes 32.1 KB
      Overflow Count 0
    [ALLOC_TEMP_Job.Worker 8]
      Initial Block Size 256.0 KB
      Current Block Size 256.0 KB
      Peak Allocated Bytes 16 B
      Overflow Count 0
    [ALLOC_TEMP_Job.Worker 7]
      Initial Block Size 256.0 KB
      Current Block Size 256.0 KB
      Peak Allocated Bytes 16 B
      Overflow Count 0
    [ALLOC_TEMP_Job.Worker 1]
      Initial Block Size 256.0 KB
      Current Block Size 256.0 KB
      Peak Allocated Bytes 199 B
      Overflow Count 0
    [ALLOC_TEMP_Job.Worker 2]
      Initial Block Size 256.0 KB
      Current Block Size 256.0 KB
      Peak Allocated Bytes 0.8 KB
      Overflow Count 0
    [ALLOC_TEMP_Background Job.Worker 3]
      Initial Block Size 32.0 KB
      Current Block Size 36.0 KB
      Peak Allocated Bytes 33.1 KB
      Overflow Count 0
    [ALLOC_TEMP_Background Job.Worker 11]
      Initial Block Size 32.0 KB
      Current Block Size 36.0 KB
      Peak Allocated Bytes 32.0 KB
      Overflow Count 0
    [ALLOC_TEMP_Job.Worker 10]
      Initial Block Size 256.0 KB
      Current Block Size 256.0 KB
      Peak Allocated Bytes 54 B
      Overflow Count 0
    [ALLOC_TEMP_Background Job.Worker 0]
      Initial Block Size 32.0 KB
      Current Block Size 36.0 KB
      Peak Allocated Bytes 32.0 KB
      Overflow Count 0
    [ALLOC_TEMP_HIDInput]
      Initial Block Size 64.0 KB
      Current Block Size 64.0 KB
      Peak Allocated Bytes 10.8 KB
      Overflow Count 0
    [ALLOC_TEMP_Job.Worker 11]
      Initial Block Size 256.0 KB
      Current Block Size 256.0 KB
      Peak Allocated Bytes 54 B
      Overflow Count 0
    [ALLOC_TEMP_Job.Worker 12]
      Initial Block Size 256.0 KB
      Current Block Size 256.0 KB
      Peak Allocated Bytes 54 B
      Overflow Count 0
    [ALLOC_TEMP_Background Job.Worker 4]
      Initial Block Size 32.0 KB
      Current Block Size 36.0 KB
      Peak Allocated Bytes 32.0 KB
      Overflow Count 0
    [ALLOC_TEMP_BatchDeleteObjects]
      Initial Block Size 64.0 KB
      Current Block Size 64.0 KB
      Peak Allocated Bytes 54 B
      Overflow Count 0
[ALLOC_DEFAULT] Dual Thread Allocator
  Peak main deferred allocation count 5099
    [ALLOC_BUCKET]
      Large Block size 4.0 MB
      Used Block count 1
      Peak Allocated bytes 4.0 MB
      Failed Allocations. Bucket layout:
        16B: 13 Subsections = 13312 buckets. Failed count: 12050
        32B: 27 Subsections = 13824 buckets. Failed count: 12772
        48B: 43 Subsections = 14677 buckets. Failed count: 8546
        64B: 36 Subsections = 9216 buckets. Failed count: 352300
        80B: 25 Subsections = 5120 buckets. Failed count: 1950
        96B: 49 Subsections = 8362 buckets. Failed count: 5841
        112B: 33 Subsections = 4827 buckets. Failed count: 5711
        128B: 30 Subsections = 3840 buckets. Failed count: 7458
    [ALLOC_DEFAULT_MAIN]
      Peak usage frame count: [16.0 MB-32.0 MB]: 1806 frames, [32.0 MB-64.0 MB]: 518 frames
      Requested Block Size 16.0 MB
      Peak Block count 2
      Peak Allocated memory 40.1 MB
      Peak Large allocation bytes 24.0 MB
    [ALLOC_DEFAULT_THREAD]
      Peak usage frame count: [4.0 MB-8.0 MB]: 16 frames, [8.0 MB-16.0 MB]: 27 frames, [16.0 MB-32.0 MB]: 81 frames, [32.0 MB-64.0 MB]: 153 frames, [64.0 MB-128.0 MB]: 166 frames, [128.0 MB-256.0 MB]: 1881 frames
      Requested Block Size 16.0 MB
      Peak Block count 10
      Peak Allocated memory 154.8 MB
      Peak Large allocation bytes 16.0 MB
[ALLOC_TEMP_JOB_1_FRAME]
  Initial Block Size 2.0 MB
  Used Block Count 0
  Overflow Count (too large) 0
  Overflow Count (full) 0
[ALLOC_TEMP_JOB_2_FRAMES]
  Initial Block Size 2.0 MB
  Used Block Count 0
  Overflow Count (too large) 0
  Overflow Count (full) 0
[ALLOC_TEMP_JOB_4_FRAMES (JobTemp)]
  Initial Block Size 2.0 MB
  Used Block Count 1
  Overflow Count (too large) 0
  Overflow Count (full) 0
[ALLOC_TEMP_JOB_ASYNC (Background)]
  Initial Block Size 1.0 MB
  Used Block Count 1
  Overflow Count (too large) 0
  Overflow Count (full) 0
[ALLOC_GFX] Dual Thread Allocator
  Peak main deferred allocation count 4
    [ALLOC_BUCKET]
      Large Block size 4.0 MB
      Used Block count 1
      Peak Allocated bytes 4.0 MB
      Failed Allocations. Bucket layout:
        16B: 13 Subsections = 13312 buckets. Failed count: 12050
        32B: 27 Subsections = 13824 buckets. Failed count: 12772
        48B: 43 Subsections = 14677 buckets. Failed count: 8546
        64B: 36 Subsections = 9216 buckets. Failed count: 352300
        80B: 25 Subsections = 5120 buckets. Failed count: 1950
        96B: 49 Subsections = 8362 buckets. Failed count: 5841
        112B: 33 Subsections = 4827 buckets. Failed count: 5711
        128B: 30 Subsections = 3840 buckets. Failed count: 7458
    [ALLOC_GFX_MAIN]
      Peak usage frame count: [32.0 KB-64.0 KB]: 46 frames, [64.0 KB-128.0 KB]: 4 frames, [128.0 KB-256.0 KB]: 1753 frames, [256.0 KB-0.5 MB]: 4 frames, [2.0 MB-4.0 MB]: 517 frames
      Requested Block Size 16.0 MB
      Peak Block count 1
      Peak Allocated memory 2.4 MB
      Peak Large allocation bytes 0 B
    [ALLOC_GFX_THREAD]
      Peak usage frame count: [0-1.0 KB]: 13 frames, [4.0 KB-8.0 KB]: 4 frames, [1.0 MB-2.0 MB]: 3 frames, [2.0 MB-4.0 MB]: 199 frames, [4.0 MB-8.0 MB]: 2105 frames
      Requested Block Size 16.0 MB
      Peak Block count 1
      Peak Allocated memory 5.1 MB
      Peak Large allocation bytes 0 B
[ALLOC_CACHEOBJECTS] Dual Thread Allocator
  Peak main deferred allocation count 49
    [ALLOC_BUCKET]
      Large Block size 4.0 MB
      Used Block count 1
      Peak Allocated bytes 4.0 MB
      Failed Allocations. Bucket layout:
        16B: 13 Subsections = 13312 buckets. Failed count: 12050
        32B: 27 Subsections = 13824 buckets. Failed count: 12772
        48B: 43 Subsections = 14677 buckets. Failed count: 8546
        64B: 36 Subsections = 9216 buckets. Failed count: 352300
        80B: 25 Subsections = 5120 buckets. Failed count: 1950
        96B: 49 Subsections = 8362 buckets. Failed count: 5841
        112B: 33 Subsections = 4827 buckets. Failed count: 5711
        128B: 30 Subsections = 3840 buckets. Failed count: 7458
    [ALLOC_CACHEOBJECTS_MAIN]
      Peak usage frame count: [1.0 MB-2.0 MB]: 202 frames, [2.0 MB-4.0 MB]: 2082 frames, [4.0 MB-8.0 MB]: 40 frames
      Requested Block Size 4.0 MB
      Peak Block count 2
      Peak Allocated memory 4.9 MB
      Peak Large allocation bytes 0 B
    [ALLOC_CACHEOBJECTS_THREAD]
      Peak usage frame count: [64.0 KB-128.0 KB]: 1 frames, [2.0 MB-4.0 MB]: 17 frames, [8.0 MB-16.0 MB]: 2 frames, [16.0 MB-32.0 MB]: 13 frames, [32.0 MB-64.0 MB]: 195 frames, [64.0 MB-128.0 MB]: 2083 frames, [128.0 MB-256.0 MB]: 13 frames
      Requested Block Size 4.0 MB
      Peak Block count 14
      Peak Allocated memory 137.8 MB
      Peak Large allocation bytes 87.4 MB
[ALLOC_TYPETREE] Dual Thread Allocator
  Peak main deferred allocation count 1
    [ALLOC_BUCKET]
      Large Block size 4.0 MB
      Used Block count 1
      Peak Allocated bytes 4.0 MB
      Failed Allocations. Bucket layout:
        16B: 13 Subsections = 13312 buckets. Failed count: 12050
        32B: 27 Subsections = 13824 buckets. Failed count: 12772
        48B: 43 Subsections = 14677 buckets. Failed count: 8546
        64B: 36 Subsections = 9216 buckets. Failed count: 352300
        80B: 25 Subsections = 5120 buckets. Failed count: 1950
        96B: 49 Subsections = 8362 buckets. Failed count: 5841
        112B: 33 Subsections = 4827 buckets. Failed count: 5711
        128B: 30 Subsections = 3840 buckets. Failed count: 7458
    [ALLOC_TYPETREE_MAIN]
      Peak usage frame count: [4.0 KB-8.0 KB]: 16 frames, [8.0 KB-16.0 KB]: 2308 frames
      Requested Block Size 2.0 MB
      Peak Block count 1
      Peak Allocated memory 9.6 KB
      Peak Large allocation bytes 0 B
    [ALLOC_TYPETREE_THREAD]
      Peak usage frame count: [0-1.0 KB]: 1 frames, [256.0 KB-0.5 MB]: 11 frames, [0.5 MB-1.0 MB]: 10 frames, [1.0 MB-2.0 MB]: 54 frames, [2.0 MB-4.0 MB]: 254 frames, [4.0 MB-8.0 MB]: 1994 frames
      Requested Block Size 2.0 MB
      Peak Block count 3
      Peak Allocated memory 4.5 MB
      Peak Large allocation bytes 0 B
