Mono path[0] = 'D:/Games/Cracks/Moncage/Moncage_Data/Managed'
Mono config path = 'D:/Games/Cracks/Moncage/MonoBleedingEdge/etc'
Initialize engine version: 2021.1.14f1 (e9ada7b7f1b7)
[Subsystems] Discovering subsystems at path D:/Games/Cracks/Moncage/Moncage_Data/UnitySubsystems
GfxDevice: creating device client; threaded=1; jobified=1
Direct3D:
    Version:  Direct3D 11.0 [level 11.1]
    Renderer: NVIDIA GeForce RTX 3070 Laptop GPU (ID=0x249d)
    Vendor:   NVIDIA
    VRAM:     8020 MB
    Driver:   32.0.15.6636
Begin MonoManager ReloadAssembly
- Completed reload, in  0.083 seconds
D3D11 device created for Microsoft Media Foundation video decoding.
<RI> Initializing input.
New input system (experimental) initialized
<RI> Input initialized.
<RI> Initialized touch support.
UnloadTime: 2.077800 ms
LoadBanks() in RuntimeManager.cs

[FMOD] Please add an 'FMOD Studio Listener' component to your a camera in the scene for correct 3D positioning of sounds.

Unloading 6 Unused Serialized files (Serialized files now loaded: 0)
UnloadTime: 42.476500 ms
SAVING_IS_BLOCKED is set to true

Change To Bgm0

InputSource Changed : Keyboard


Unloading 138 unused Assets to reduce memory usage. Loaded Objects now: 27651.
Total: 12.562200 ms (FindLiveObjects: 0.873700 ms CreateObjectMapping: 0.319100 ms MarkObjects: 10.966500 ms  DeleteObjects: 0.402400 ms)

Setting up 8 worker threads for Enlighten.
  Thread -> id: 9488 -> priority: 1 
  Thread -> id: 7c68 -> priority: 1 
  Thread -> id: 19a4 -> priority: 1 
  Thread -> id: 2100 -> priority: 1 
  Thread -> id: 2604 -> priority: 1 
  Thread -> id: 2360 -> priority: 1 
  Thread -> id: 18e0 -> priority: 1 
  Thread -> id: bfc -> priority: 1 
Curl error 42: Callback aborted
