Mono path[0] = 'D:/Games/Cracks/Monument Valley/Monument Valley_Data/Managed'
Mono config path = 'D:/Games/Cracks/Monument Valley/MonoBleedingEdge/etc'
Initialize engine version: 2020.3.21f1 (a38c86f6690f)
[Subsystems] Discovering subsystems at path D:/Games/Cracks/Monument Valley/Monument Valley_Data/UnitySubsystems
GfxDevice: creating device client; threaded=1
Direct3D:
    Version:  Direct3D 11.0 [level 11.1]
    Renderer: NVIDIA GeForce RTX 3070 Laptop GPU (ID=0x249d)
    Vendor:   
    VRAM:     8020 MB
    Driver:   32.0.15.7700
Begin MonoManager ReloadAssembly
- Completed reload, in  3.342 seconds
<RI> Initializing input.
<RI> Input initialized.
<RI> Initialized touch support.
UnloadTime: 1.062400 ms
Unloading 7 Unused Serialized files (Serialized files now loaded: 0)
UnloadTime: 0.265500 ms

Unloading 1819 unused Assets to reduce memory usage. Loaded Objects now: 11195.
Total: 9.161300 ms (FindLiveObjects: 0.377900 ms CreateObjectMapping: 0.102200 ms MarkObjects: 8.367600 ms  DeleteObjects: 0.313500 ms)

Unloading 0 Unused Serialized files (Serialized files now loaded: 0)

Unloading 1 unused Assets to reduce memory usage. Loaded Objects now: 11196.
Total: 8.628300 ms (FindLiveObjects: 0.745400 ms CreateObjectMapping: 0.108300 ms MarkObjects: 7.756800 ms  DeleteObjects: 0.017600 ms)

Unloading 5 Unused Serialized files (Serialized files now loaded: 0)
UnloadTime: 0.221700 ms

Unloading 4 unused Assets to reduce memory usage. Loaded Objects now: 16985.
Total: 9.672100 ms (FindLiveObjects: 0.461000 ms CreateObjectMapping: 0.073900 ms MarkObjects: 9.114400 ms  DeleteObjects: 0.022600 ms)

640 x 480 @ 60Hz
640 x 480 @ 165Hz
720 x 480 @ 60Hz
720 x 480 @ 165Hz
800 x 600 @ 60Hz
800 x 600 @ 165Hz
1024 x 768 @ 60Hz
1024 x 768 @ 165Hz
1152 x 864 @ 60Hz
1152 x 864 @ 165Hz
1280 x 720 @ 60Hz
1280 x 720 @ 165Hz
1280 x 800 @ 60Hz
1280 x 800 @ 165Hz
1280 x 960 @ 60Hz
1280 x 960 @ 165Hz
1280 x 1024 @ 60Hz
1280 x 1024 @ 165Hz
1366 x 768 @ 60Hz
1366 x 768 @ 165Hz
1440 x 1080 @ 60Hz
1440 x 1080 @ 165Hz
1600 x 1024 @ 60Hz
1600 x 1024 @ 165Hz
1600 x 1200 @ 60Hz
1600 x 1200 @ 165Hz
1680 x 1050 @ 60Hz
1680 x 1050 @ 165Hz
1920 x 1080 @ 60Hz
1920 x 1080 @ 165Hz
1920 x 1200 @ 60Hz
1920 x 1200 @ 165Hz
1920 x 1440 @ 60Hz
1920 x 1440 @ 165Hz
2560 x 1440 @ 60Hz
2560 x 1440 @ 165Hz
Setting up 8 worker threads for Enlighten.
  Thread -> id: 4e80 -> priority: 1 
  Thread -> id: 4254 -> priority: 1 
  Thread -> id: 12c0 -> priority: 1 
  Thread -> id: 3dd8 -> priority: 1 
  Thread -> id: 3a84 -> priority: 1 
  Thread -> id: 4e7c -> priority: 1 
  Thread -> id: 4480 -> priority: 1 
  Thread -> id: 5e4 -> priority: 1 
Curl error 42: Callback aborted
